[2025-04-28T10:35:23.450+0000] {taskinstance.py:1165} INFO - Dependencies all met for <TaskInstance: parallel_dag.extract_b scheduled__2025-04-08T00:00:00+00:00 [queued]>
[2025-04-28T10:35:23.709+0000] {taskinstance.py:1165} INFO - Dependencies all met for <TaskInstance: parallel_dag.extract_b scheduled__2025-04-08T00:00:00+00:00 [queued]>
[2025-04-28T10:35:23.721+0000] {taskinstance.py:1362} INFO - 
--------------------------------------------------------------------------------
[2025-04-28T10:35:23.766+0000] {taskinstance.py:1363} INFO - Starting attempt 1 of 1
[2025-04-28T10:35:23.790+0000] {taskinstance.py:1364} INFO - 
--------------------------------------------------------------------------------
[2025-04-28T10:35:24.229+0000] {taskinstance.py:1383} INFO - Executing <Task(BashOperator): extract_b> on 2025-04-08 00:00:00+00:00
[2025-04-28T10:35:24.348+0000] {standard_task_runner.py:55} INFO - Started process 122 to run task
[2025-04-28T10:35:24.422+0000] {standard_task_runner.py:82} INFO - Running: ['***', 'tasks', 'run', 'parallel_dag', 'extract_b', 'scheduled__2025-04-08T00:00:00+00:00', '--job-id', '237', '--raw', '--subdir', 'DAGS_FOLDER/parallel_dag.py', '--cfg-path', '/tmp/tmpv20dh_ja']
[2025-04-28T10:35:24.475+0000] {standard_task_runner.py:83} INFO - Job 237: Subtask extract_b
[2025-04-28T10:35:27.301+0000] {task_command.py:376} INFO - Running <TaskInstance: parallel_dag.extract_b scheduled__2025-04-08T00:00:00+00:00 [running]> on host fae2b1eff5d6
[2025-04-28T10:35:28.825+0000] {taskinstance.py:1592} INFO - Exporting the following env vars:
AIRFLOW_CTX_DAG_OWNER=***
AIRFLOW_CTX_DAG_ID=parallel_dag
AIRFLOW_CTX_TASK_ID=extract_b
AIRFLOW_CTX_EXECUTION_DATE=2025-04-08T00:00:00+00:00
AIRFLOW_CTX_TRY_NUMBER=1
AIRFLOW_CTX_DAG_RUN_ID=scheduled__2025-04-08T00:00:00+00:00
[2025-04-28T10:35:29.054+0000] {subprocess.py:63} INFO - Tmp dir root location: 
 /tmp
[2025-04-28T10:35:29.092+0000] {subprocess.py:75} INFO - Running command: ['/bin/bash', '-c', 'sleep 10']
[2025-04-28T10:35:29.452+0000] {subprocess.py:86} INFO - Output:
[2025-04-28T10:35:39.557+0000] {subprocess.py:97} INFO - Command exited with return code 0
[2025-04-28T10:35:40.122+0000] {taskinstance.py:1406} INFO - Marking task as SUCCESS. dag_id=parallel_dag, task_id=extract_b, execution_date=20250408T000000, start_date=20250428T103523, end_date=20250428T103540
[2025-04-28T10:35:40.620+0000] {local_task_job.py:164} INFO - Task exited with return code 0
[2025-04-28T10:35:40.869+0000] {local_task_job.py:273} INFO - 1 downstream tasks scheduled from follow-on schedule check
