[2025-04-28T10:35:25.667+0000] {taskinstance.py:1165} INFO - Dependencies all met for <TaskInstance: xcom_dag.t1 scheduled__2025-04-27T00:00:00+00:00 [queued]>
[2025-04-28T10:35:25.878+0000] {taskinstance.py:1165} INFO - Dependencies all met for <TaskInstance: xcom_dag.t1 scheduled__2025-04-27T00:00:00+00:00 [queued]>
[2025-04-28T10:35:25.883+0000] {taskinstance.py:1362} INFO - 
--------------------------------------------------------------------------------
[2025-04-28T10:35:25.885+0000] {taskinstance.py:1363} INFO - Starting attempt 1 of 1
[2025-04-28T10:35:25.889+0000] {taskinstance.py:1364} INFO - 
--------------------------------------------------------------------------------
[2025-04-28T10:35:26.094+0000] {taskinstance.py:1383} INFO - Executing <Task(PythonOperator): t1> on 2025-04-27 00:00:00+00:00
[2025-04-28T10:35:26.331+0000] {standard_task_runner.py:55} INFO - Started process 125 to run task
[2025-04-28T10:35:27.059+0000] {standard_task_runner.py:82} INFO - Running: ['***', 'tasks', 'run', 'xcom_dag', 't1', 'scheduled__2025-04-27T00:00:00+00:00', '--job-id', '242', '--raw', '--subdir', 'DAGS_FOLDER/xcom_dag.py', '--cfg-path', '/tmp/tmpytegu20g']
[2025-04-28T10:35:27.244+0000] {standard_task_runner.py:83} INFO - Job 242: Subtask t1
[2025-04-28T10:35:29.025+0000] {task_command.py:376} INFO - Running <TaskInstance: xcom_dag.t1 scheduled__2025-04-27T00:00:00+00:00 [running]> on host fae2b1eff5d6
[2025-04-28T10:35:31.327+0000] {taskinstance.py:1592} INFO - Exporting the following env vars:
AIRFLOW_CTX_DAG_OWNER=***
AIRFLOW_CTX_DAG_ID=xcom_dag
AIRFLOW_CTX_TASK_ID=t1
AIRFLOW_CTX_EXECUTION_DATE=2025-04-27T00:00:00+00:00
AIRFLOW_CTX_TRY_NUMBER=1
AIRFLOW_CTX_DAG_RUN_ID=scheduled__2025-04-27T00:00:00+00:00
[2025-04-28T10:35:31.725+0000] {python.py:177} INFO - Done. Returned value was: None
[2025-04-28T10:35:32.183+0000] {taskinstance.py:1406} INFO - Marking task as SUCCESS. dag_id=xcom_dag, task_id=t1, execution_date=20250427T000000, start_date=20250428T103525, end_date=20250428T103532
[2025-04-28T10:35:33.217+0000] {local_task_job.py:164} INFO - Task exited with return code 0
[2025-04-28T10:35:33.896+0000] {local_task_job.py:273} INFO - 1 downstream tasks scheduled from follow-on schedule check
