[2025-04-06T00:00:03.563+0000] {taskinstance.py:1165} INFO - Dependencies all met for <TaskInstance: group_dag.downloads.download_c scheduled__2025-04-05T00:00:00+00:00 [queued]>
[2025-04-06T00:00:03.604+0000] {taskinstance.py:1165} INFO - Dependencies all met for <TaskInstance: group_dag.downloads.download_c scheduled__2025-04-05T00:00:00+00:00 [queued]>
[2025-04-06T00:00:03.605+0000] {taskinstance.py:1362} INFO - 
--------------------------------------------------------------------------------
[2025-04-06T00:00:03.606+0000] {taskinstance.py:1363} INFO - Starting attempt 1 of 1
[2025-04-06T00:00:03.607+0000] {taskinstance.py:1364} INFO - 
--------------------------------------------------------------------------------
[2025-04-06T00:00:03.625+0000] {taskinstance.py:1383} INFO - Executing <Task(BashOperator): downloads.download_c> on 2025-04-05 00:00:00+00:00
[2025-04-06T00:00:03.631+0000] {standard_task_runner.py:55} INFO - Started process 2694 to run task
[2025-04-06T00:00:03.634+0000] {standard_task_runner.py:82} INFO - Running: ['***', 'tasks', 'run', 'group_dag', 'downloads.download_c', 'scheduled__2025-04-05T00:00:00+00:00', '--job-id', '107', '--raw', '--subdir', 'DAGS_FOLDER/group_dag.py', '--cfg-path', '/tmp/tmps5wi2fe4']
[2025-04-06T00:00:03.635+0000] {standard_task_runner.py:83} INFO - Job 107: Subtask downloads.download_c
[2025-04-06T00:00:03.702+0000] {task_command.py:376} INFO - Running <TaskInstance: group_dag.downloads.download_c scheduled__2025-04-05T00:00:00+00:00 [running]> on host 1dadd347fcc8
[2025-04-06T00:00:03.816+0000] {taskinstance.py:1592} INFO - Exporting the following env vars:
AIRFLOW_CTX_DAG_OWNER=***
AIRFLOW_CTX_DAG_ID=group_dag
AIRFLOW_CTX_TASK_ID=downloads.download_c
AIRFLOW_CTX_EXECUTION_DATE=2025-04-05T00:00:00+00:00
AIRFLOW_CTX_TRY_NUMBER=1
AIRFLOW_CTX_DAG_RUN_ID=scheduled__2025-04-05T00:00:00+00:00
[2025-04-06T00:00:03.819+0000] {subprocess.py:63} INFO - Tmp dir root location: 
 /tmp
[2025-04-06T00:00:03.820+0000] {subprocess.py:75} INFO - Running command: ['/bin/bash', '-c', 'sleep 10']
[2025-04-06T00:00:03.834+0000] {subprocess.py:86} INFO - Output:
[2025-04-06T00:00:13.878+0000] {subprocess.py:97} INFO - Command exited with return code 0
[2025-04-06T00:00:13.909+0000] {taskinstance.py:1406} INFO - Marking task as SUCCESS. dag_id=group_dag, task_id=downloads.download_c, execution_date=20250405T000000, start_date=20250406T000003, end_date=20250406T000013
[2025-04-06T00:00:13.923+0000] {local_task_job.py:164} INFO - Task exited with return code 0
[2025-04-06T00:00:13.940+0000] {local_task_job.py:273} INFO - 1 downstream tasks scheduled from follow-on schedule check
