[2025-04-28T10:35:29.107+0000] {taskinstance.py:1165} INFO - Dependencies all met for <TaskInstance: group_dag.downloads.download_a scheduled__2025-04-08T00:00:00+00:00 [queued]>
[2025-04-28T10:35:30.140+0000] {taskinstance.py:1165} INFO - Dependencies all met for <TaskInstance: group_dag.downloads.download_a scheduled__2025-04-08T00:00:00+00:00 [queued]>
[2025-04-28T10:35:30.214+0000] {taskinstance.py:1362} INFO - 
--------------------------------------------------------------------------------
[2025-04-28T10:35:30.242+0000] {taskinstance.py:1363} INFO - Starting attempt 1 of 1
[2025-04-28T10:35:30.244+0000] {taskinstance.py:1364} INFO - 
--------------------------------------------------------------------------------
[2025-04-28T10:35:32.343+0000] {taskinstance.py:1383} INFO - Executing <Task(BashOperator): downloads.download_a> on 2025-04-08 00:00:00+00:00
[2025-04-28T10:35:32.367+0000] {standard_task_runner.py:55} INFO - Started process 132 to run task
[2025-04-28T10:35:32.430+0000] {standard_task_runner.py:82} INFO - Running: ['***', 'tasks', 'run', 'group_dag', 'downloads.download_a', 'scheduled__2025-04-08T00:00:00+00:00', '--job-id', '243', '--raw', '--subdir', 'DAGS_FOLDER/group_dag.py', '--cfg-path', '/tmp/tmptotmqq9y']
[2025-04-28T10:35:32.437+0000] {standard_task_runner.py:83} INFO - Job 243: Subtask downloads.download_a
[2025-04-28T10:35:33.231+0000] {task_command.py:376} INFO - Running <TaskInstance: group_dag.downloads.download_a scheduled__2025-04-08T00:00:00+00:00 [running]> on host fae2b1eff5d6
[2025-04-28T10:35:34.786+0000] {taskinstance.py:1592} INFO - Exporting the following env vars:
AIRFLOW_CTX_DAG_OWNER=***
AIRFLOW_CTX_DAG_ID=group_dag
AIRFLOW_CTX_TASK_ID=downloads.download_a
AIRFLOW_CTX_EXECUTION_DATE=2025-04-08T00:00:00+00:00
AIRFLOW_CTX_TRY_NUMBER=1
AIRFLOW_CTX_DAG_RUN_ID=scheduled__2025-04-08T00:00:00+00:00
[2025-04-28T10:35:34.810+0000] {subprocess.py:63} INFO - Tmp dir root location: 
 /tmp
[2025-04-28T10:35:34.816+0000] {subprocess.py:75} INFO - Running command: ['/bin/bash', '-c', 'sleep 10']
[2025-04-28T10:35:35.039+0000] {subprocess.py:86} INFO - Output:
[2025-04-28T10:35:45.161+0000] {subprocess.py:97} INFO - Command exited with return code 0
[2025-04-28T10:35:45.447+0000] {taskinstance.py:1406} INFO - Marking task as SUCCESS. dag_id=group_dag, task_id=downloads.download_a, execution_date=20250408T000000, start_date=20250428T103529, end_date=20250428T103545
[2025-04-28T10:35:45.725+0000] {local_task_job.py:164} INFO - Task exited with return code 0
[2025-04-28T10:35:46.140+0000] {local_task_job.py:273} INFO - 1 downstream tasks scheduled from follow-on schedule check
