[2025-04-03T12:52:43.699+0000] {taskinstance.py:1165} INFO - Dependencies all met for <TaskInstance: group_dag.transform_c manual__2025-04-03T12:51:30.445866+00:00 [queued]>
[2025-04-03T12:52:43.713+0000] {taskinstance.py:1165} INFO - Dependencies all met for <TaskInstance: group_dag.transform_c manual__2025-04-03T12:51:30.445866+00:00 [queued]>
[2025-04-03T12:52:43.716+0000] {taskinstance.py:1362} INFO - 
--------------------------------------------------------------------------------
[2025-04-03T12:52:43.717+0000] {taskinstance.py:1363} INFO - Starting attempt 1 of 1
[2025-04-03T12:52:43.717+0000] {taskinstance.py:1364} INFO - 
--------------------------------------------------------------------------------
[2025-04-03T12:52:43.737+0000] {taskinstance.py:1383} INFO - Executing <Task(BashOperator): transform_c> on 2025-04-03 12:51:30.445866+00:00
[2025-04-03T12:52:43.742+0000] {standard_task_runner.py:55} INFO - Started process 1703 to run task
[2025-04-03T12:52:43.748+0000] {standard_task_runner.py:82} INFO - Running: ['***', 'tasks', 'run', 'group_dag', 'transform_c', 'manual__2025-04-03T12:51:30.445866+00:00', '--job-id', '67', '--raw', '--subdir', 'DAGS_FOLDER/group_dag.py', '--cfg-path', '/tmp/tmpa1ak95qe']
[2025-04-03T12:52:43.749+0000] {standard_task_runner.py:83} INFO - Job 67: Subtask transform_c
[2025-04-03T12:52:43.823+0000] {task_command.py:376} INFO - Running <TaskInstance: group_dag.transform_c manual__2025-04-03T12:51:30.445866+00:00 [running]> on host 8545ef973b24
[2025-04-03T12:52:43.885+0000] {taskinstance.py:1592} INFO - Exporting the following env vars:
AIRFLOW_CTX_DAG_OWNER=***
AIRFLOW_CTX_DAG_ID=group_dag
AIRFLOW_CTX_TASK_ID=transform_c
AIRFLOW_CTX_EXECUTION_DATE=2025-04-03T12:51:30.445866+00:00
AIRFLOW_CTX_TRY_NUMBER=1
AIRFLOW_CTX_DAG_RUN_ID=manual__2025-04-03T12:51:30.445866+00:00
[2025-04-03T12:52:43.886+0000] {subprocess.py:63} INFO - Tmp dir root location: 
 /tmp
[2025-04-03T12:52:43.887+0000] {subprocess.py:75} INFO - Running command: ['/bin/bash', '-c', 'sleep 10']
[2025-04-03T12:52:43.895+0000] {subprocess.py:86} INFO - Output:
[2025-04-03T12:52:53.902+0000] {subprocess.py:97} INFO - Command exited with return code 0
[2025-04-03T12:52:54.042+0000] {taskinstance.py:1406} INFO - Marking task as SUCCESS. dag_id=group_dag, task_id=transform_c, execution_date=20250403T125130, start_date=20250403T125243, end_date=20250403T125254
[2025-04-03T12:52:54.114+0000] {local_task_job.py:164} INFO - Task exited with return code 0
[2025-04-03T12:52:54.145+0000] {local_task_job.py:273} INFO - 0 downstream tasks scheduled from follow-on schedule check
