[2025-04-07T01:03:22.812+0000] {taskinstance.py:1165} INFO - Dependencies all met for <TaskInstance: group_dag.transforms.transform_c scheduled__2025-04-06T00:00:00+00:00 [queued]>
[2025-04-07T01:03:22.825+0000] {taskinstance.py:1165} INFO - Dependencies all met for <TaskInstance: group_dag.transforms.transform_c scheduled__2025-04-06T00:00:00+00:00 [queued]>
[2025-04-07T01:03:22.826+0000] {taskinstance.py:1362} INFO - 
--------------------------------------------------------------------------------
[2025-04-07T01:03:22.827+0000] {taskinstance.py:1363} INFO - Starting attempt 1 of 1
[2025-04-07T01:03:22.827+0000] {taskinstance.py:1364} INFO - 
--------------------------------------------------------------------------------
[2025-04-07T01:03:22.849+0000] {taskinstance.py:1383} INFO - Executing <Task(BashOperator): transforms.transform_c> on 2025-04-06 00:00:00+00:00
[2025-04-07T01:03:22.868+0000] {standard_task_runner.py:55} INFO - Started process 7248 to run task
[2025-04-07T01:03:22.893+0000] {standard_task_runner.py:82} INFO - Running: ['***', 'tasks', 'run', 'group_dag', 'transforms.transform_c', 'scheduled__2025-04-06T00:00:00+00:00', '--job-id', '149', '--raw', '--subdir', 'DAGS_FOLDER/group_dag.py', '--cfg-path', '/tmp/tmpvqdeq2by']
[2025-04-07T01:03:22.900+0000] {standard_task_runner.py:83} INFO - Job 149: Subtask transforms.transform_c
[2025-04-07T01:03:23.012+0000] {task_command.py:376} INFO - Running <TaskInstance: group_dag.transforms.transform_c scheduled__2025-04-06T00:00:00+00:00 [running]> on host fae2b1eff5d6
[2025-04-07T01:03:23.116+0000] {taskinstance.py:1592} INFO - Exporting the following env vars:
AIRFLOW_CTX_DAG_OWNER=***
AIRFLOW_CTX_DAG_ID=group_dag
AIRFLOW_CTX_TASK_ID=transforms.transform_c
AIRFLOW_CTX_EXECUTION_DATE=2025-04-06T00:00:00+00:00
AIRFLOW_CTX_TRY_NUMBER=1
AIRFLOW_CTX_DAG_RUN_ID=scheduled__2025-04-06T00:00:00+00:00
[2025-04-07T01:03:23.118+0000] {subprocess.py:63} INFO - Tmp dir root location: 
 /tmp
[2025-04-07T01:03:23.121+0000] {subprocess.py:75} INFO - Running command: ['/bin/bash', '-c', 'sleep 10']
[2025-04-07T01:03:23.142+0000] {subprocess.py:86} INFO - Output:
[2025-04-07T02:03:59.518+0000] {subprocess.py:97} INFO - Command exited with return code 0
[2025-04-07T02:04:00.185+0000] {taskinstance.py:1406} INFO - Marking task as SUCCESS. dag_id=group_dag, task_id=transforms.transform_c, execution_date=20250406T000000, start_date=20250407T010322, end_date=20250407T020400
[2025-04-07T02:04:00.698+0000] {local_task_job.py:164} INFO - Task exited with return code 0
[2025-04-07T02:04:00.821+0000] {local_task_job.py:273} INFO - 0 downstream tasks scheduled from follow-on schedule check
