[2025-04-29T00:03:11.727+0000] {taskinstance.py:1165} INFO - Dependencies all met for <TaskInstance: group_dag.downloads.download_c scheduled__2025-04-28T00:00:00+00:00 [queued]>
[2025-04-29T00:03:11.829+0000] {taskinstance.py:1165} INFO - Dependencies all met for <TaskInstance: group_dag.downloads.download_c scheduled__2025-04-28T00:00:00+00:00 [queued]>
[2025-04-29T00:03:11.837+0000] {taskinstance.py:1362} INFO - 
--------------------------------------------------------------------------------
[2025-04-29T00:03:11.838+0000] {taskinstance.py:1363} INFO - Starting attempt 1 of 1
[2025-04-29T00:03:11.839+0000] {taskinstance.py:1364} INFO - 
--------------------------------------------------------------------------------
[2025-04-29T00:03:12.246+0000] {taskinstance.py:1383} INFO - Executing <Task(BashOperator): downloads.download_c> on 2025-04-28 00:00:00+00:00
[2025-04-29T00:03:12.691+0000] {standard_task_runner.py:55} INFO - Started process 4331 to run task
[2025-04-29T00:03:12.867+0000] {standard_task_runner.py:82} INFO - Running: ['***', 'tasks', 'run', 'group_dag', 'downloads.download_c', 'scheduled__2025-04-28T00:00:00+00:00', '--job-id', '275', '--raw', '--subdir', 'DAGS_FOLDER/group_dag.py', '--cfg-path', '/tmp/tmpvu0hmh_d']
[2025-04-29T00:03:12.898+0000] {standard_task_runner.py:83} INFO - Job 275: Subtask downloads.download_c
[2025-04-29T00:03:15.007+0000] {task_command.py:376} INFO - Running <TaskInstance: group_dag.downloads.download_c scheduled__2025-04-28T00:00:00+00:00 [running]> on host fae2b1eff5d6
[2025-04-29T00:03:17.996+0000] {taskinstance.py:1592} INFO - Exporting the following env vars:
AIRFLOW_CTX_DAG_OWNER=***
AIRFLOW_CTX_DAG_ID=group_dag
AIRFLOW_CTX_TASK_ID=downloads.download_c
AIRFLOW_CTX_EXECUTION_DATE=2025-04-28T00:00:00+00:00
AIRFLOW_CTX_TRY_NUMBER=1
AIRFLOW_CTX_DAG_RUN_ID=scheduled__2025-04-28T00:00:00+00:00
[2025-04-29T00:03:18.129+0000] {subprocess.py:63} INFO - Tmp dir root location: 
 /tmp
[2025-04-29T00:03:18.142+0000] {subprocess.py:75} INFO - Running command: ['/bin/bash', '-c', 'sleep 10']
[2025-04-29T00:03:18.209+0000] {subprocess.py:86} INFO - Output:
[2025-04-29T00:03:28.218+0000] {subprocess.py:97} INFO - Command exited with return code 0
[2025-04-29T00:03:28.287+0000] {taskinstance.py:1406} INFO - Marking task as SUCCESS. dag_id=group_dag, task_id=downloads.download_c, execution_date=20250428T000000, start_date=20250429T000311, end_date=20250429T000328
[2025-04-29T00:03:28.349+0000] {local_task_job.py:164} INFO - Task exited with return code 0
[2025-04-29T00:03:28.393+0000] {local_task_job.py:273} INFO - 0 downstream tasks scheduled from follow-on schedule check
