[2025-04-08T00:47:25.647+0000] {taskinstance.py:1165} INFO - Dependencies all met for <TaskInstance: group_dag.transforms.transform_a scheduled__2025-04-07T00:00:00+00:00 [queued]>
[2025-04-08T00:47:25.665+0000] {taskinstance.py:1165} INFO - Dependencies all met for <TaskInstance: group_dag.transforms.transform_a scheduled__2025-04-07T00:00:00+00:00 [queued]>
[2025-04-08T00:47:25.666+0000] {taskinstance.py:1362} INFO - 
--------------------------------------------------------------------------------
[2025-04-08T00:47:25.668+0000] {taskinstance.py:1363} INFO - Starting attempt 1 of 1
[2025-04-08T00:47:25.668+0000] {taskinstance.py:1364} INFO - 
--------------------------------------------------------------------------------
[2025-04-08T00:47:25.698+0000] {taskinstance.py:1383} INFO - Executing <Task(BashOperator): transforms.transform_a> on 2025-04-07 00:00:00+00:00
[2025-04-08T00:47:25.704+0000] {standard_task_runner.py:55} INFO - Started process 2979 to run task
[2025-04-08T00:47:25.708+0000] {standard_task_runner.py:82} INFO - Running: ['***', 'tasks', 'run', 'group_dag', 'transforms.transform_a', 'scheduled__2025-04-07T00:00:00+00:00', '--job-id', '224', '--raw', '--subdir', 'DAGS_FOLDER/group_dag.py', '--cfg-path', '/tmp/tmp9ei5hsh_']
[2025-04-08T00:47:25.713+0000] {standard_task_runner.py:83} INFO - Job 224: Subtask transforms.transform_a
[2025-04-08T00:47:25.800+0000] {task_command.py:376} INFO - Running <TaskInstance: group_dag.transforms.transform_a scheduled__2025-04-07T00:00:00+00:00 [running]> on host fae2b1eff5d6
[2025-04-08T00:47:25.899+0000] {taskinstance.py:1592} INFO - Exporting the following env vars:
AIRFLOW_CTX_DAG_OWNER=***
AIRFLOW_CTX_DAG_ID=group_dag
AIRFLOW_CTX_TASK_ID=transforms.transform_a
AIRFLOW_CTX_EXECUTION_DATE=2025-04-07T00:00:00+00:00
AIRFLOW_CTX_TRY_NUMBER=1
AIRFLOW_CTX_DAG_RUN_ID=scheduled__2025-04-07T00:00:00+00:00
[2025-04-08T00:47:25.902+0000] {subprocess.py:63} INFO - Tmp dir root location: 
 /tmp
[2025-04-08T00:47:25.903+0000] {subprocess.py:75} INFO - Running command: ['/bin/bash', '-c', 'sleep 10']
[2025-04-08T00:47:25.916+0000] {subprocess.py:86} INFO - Output:
[2025-04-08T01:48:08.342+0000] {subprocess.py:97} INFO - Command exited with return code 0
[2025-04-08T01:48:08.411+0000] {taskinstance.py:1406} INFO - Marking task as SUCCESS. dag_id=group_dag, task_id=transforms.transform_a, execution_date=20250407T000000, start_date=20250408T004725, end_date=20250408T014808
[2025-04-08T01:48:08.454+0000] {local_task_job.py:164} INFO - Task exited with return code 0
[2025-04-08T01:48:08.521+0000] {local_task_job.py:273} INFO - 0 downstream tasks scheduled from follow-on schedule check
