[2025-04-06T00:00:02.862+0000] {taskinstance.py:1165} INFO - Dependencies all met for <TaskInstance: producer.update_dataset_2 scheduled__2025-04-05T00:00:00+00:00 [queued]>
[2025-04-06T00:00:02.878+0000] {taskinstance.py:1165} INFO - Dependencies all met for <TaskInstance: producer.update_dataset_2 scheduled__2025-04-05T00:00:00+00:00 [queued]>
[2025-04-06T00:00:02.879+0000] {taskinstance.py:1362} INFO - 
--------------------------------------------------------------------------------
[2025-04-06T00:00:02.880+0000] {taskinstance.py:1363} INFO - Starting attempt 1 of 1
[2025-04-06T00:00:02.880+0000] {taskinstance.py:1364} INFO - 
--------------------------------------------------------------------------------
[2025-04-06T00:00:02.916+0000] {taskinstance.py:1383} INFO - Executing <Task(_PythonDecoratedOperator): update_dataset_2> on 2025-04-05 00:00:00+00:00
[2025-04-06T00:00:02.929+0000] {standard_task_runner.py:55} INFO - Started process 2684 to run task
[2025-04-06T00:00:02.940+0000] {standard_task_runner.py:82} INFO - Running: ['***', 'tasks', 'run', 'producer', 'update_dataset_2', 'scheduled__2025-04-05T00:00:00+00:00', '--job-id', '102', '--raw', '--subdir', 'DAGS_FOLDER/producer.py', '--cfg-path', '/tmp/tmp_epclw89']
[2025-04-06T00:00:02.945+0000] {standard_task_runner.py:83} INFO - Job 102: Subtask update_dataset_2
[2025-04-06T00:00:03.253+0000] {task_command.py:376} INFO - Running <TaskInstance: producer.update_dataset_2 scheduled__2025-04-05T00:00:00+00:00 [running]> on host 1dadd347fcc8
[2025-04-06T00:00:03.571+0000] {taskinstance.py:1592} INFO - Exporting the following env vars:
AIRFLOW_CTX_DAG_OWNER=***
AIRFLOW_CTX_DAG_ID=producer
AIRFLOW_CTX_TASK_ID=update_dataset_2
AIRFLOW_CTX_EXECUTION_DATE=2025-04-05T00:00:00+00:00
AIRFLOW_CTX_TRY_NUMBER=1
AIRFLOW_CTX_DAG_RUN_ID=scheduled__2025-04-05T00:00:00+00:00
[2025-04-06T00:00:03.577+0000] {python.py:177} INFO - Done. Returned value was: None
[2025-04-06T00:00:03.601+0000] {warnings.py:110} WARNING - /home/***/.local/lib/python3.7/site-packages/***/models/baseoperator.py:1390: RemovedInAirflow3Warning: Passing 'execution_date' to 'TaskInstance.xcom_push()' is deprecated.
  context['ti'].xcom_push(key=key, value=value, execution_date=execution_date)

[2025-04-06T00:00:03.626+0000] {taskinstance.py:1406} INFO - Marking task as SUCCESS. dag_id=producer, task_id=update_dataset_2, execution_date=20250405T000000, start_date=20250406T000002, end_date=20250406T000003
[2025-04-06T00:00:03.677+0000] {local_task_job.py:164} INFO - Task exited with return code 0
[2025-04-06T00:00:03.717+0000] {local_task_job.py:273} INFO - 0 downstream tasks scheduled from follow-on schedule check
