[2025-04-07T00:14:02.626+0000] {taskinstance.py:1165} INFO - Dependencies all met for <TaskInstance: user_processing.create_table scheduled__2025-04-06T00:00:00+00:00 [queued]>
[2025-04-07T00:14:02.966+0000] {taskinstance.py:1165} INFO - Dependencies all met for <TaskInstance: user_processing.create_table scheduled__2025-04-06T00:00:00+00:00 [queued]>
[2025-04-07T00:14:02.971+0000] {taskinstance.py:1362} INFO - 
--------------------------------------------------------------------------------
[2025-04-07T00:14:02.974+0000] {taskinstance.py:1363} INFO - Starting attempt 1 of 1
[2025-04-07T00:14:02.979+0000] {taskinstance.py:1364} INFO - 
--------------------------------------------------------------------------------
[2025-04-07T00:14:03.423+0000] {taskinstance.py:1383} INFO - Executing <Task(PostgresOperator): create_table> on 2025-04-06 00:00:00+00:00
[2025-04-07T00:14:03.586+0000] {standard_task_runner.py:55} INFO - Started process 7182 to run task
[2025-04-07T00:14:03.696+0000] {standard_task_runner.py:82} INFO - Running: ['***', 'tasks', 'run', 'user_processing', 'create_table', 'scheduled__2025-04-06T00:00:00+00:00', '--job-id', '138', '--raw', '--subdir', 'DAGS_FOLDER/user_processing.py', '--cfg-path', '/tmp/tmpf5yh2ibz']
[2025-04-07T00:14:03.739+0000] {standard_task_runner.py:83} INFO - Job 138: Subtask create_table
[2025-04-07T00:14:05.336+0000] {task_command.py:376} INFO - Running <TaskInstance: user_processing.create_table scheduled__2025-04-06T00:00:00+00:00 [running]> on host fae2b1eff5d6
[2025-04-07T00:14:08.629+0000] {taskinstance.py:1592} INFO - Exporting the following env vars:
AIRFLOW_CTX_DAG_OWNER=***
AIRFLOW_CTX_DAG_ID=user_processing
AIRFLOW_CTX_TASK_ID=create_table
AIRFLOW_CTX_EXECUTION_DATE=2025-04-06T00:00:00+00:00
AIRFLOW_CTX_TRY_NUMBER=1
AIRFLOW_CTX_DAG_RUN_ID=scheduled__2025-04-06T00:00:00+00:00
[2025-04-07T00:14:09.233+0000] {base.py:71} INFO - Using connection ID 'postgres' for task execution.
[2025-04-07T00:14:09.456+0000] {sql.py:315} INFO - Running statement: 
            CREATE TABLE IF NOT EXISTS users (
                firstName TEXT NOT NULL,
                lastName TEXT NOT NULL,
                country TEXT NOT NULL,
                username TEXT NOT NULL,
                password TEXT NOT NULL,
                email TEXT NOT NULL
            );
        , parameters: None
[2025-04-07T00:14:09.517+0000] {postgres.py:96} INFO - NOTICE:  relation "users" already exists, skipping

[2025-04-07T00:14:09.765+0000] {taskinstance.py:1406} INFO - Marking task as SUCCESS. dag_id=user_processing, task_id=create_table, execution_date=20250406T000000, start_date=20250407T001402, end_date=20250407T001409
[2025-04-07T00:14:10.586+0000] {local_task_job.py:164} INFO - Task exited with return code 0
[2025-04-07T00:14:10.723+0000] {local_task_job.py:273} INFO - 1 downstream tasks scheduled from follow-on schedule check
