[2025-04-06T00:00:15.106+0000] {taskinstance.py:1165} INFO - Dependencies all met for <TaskInstance: group_dag.check_files scheduled__2025-04-05T00:00:00+00:00 [queued]>
[2025-04-06T00:00:15.112+0000] {taskinstance.py:1165} INFO - Dependencies all met for <TaskInstance: group_dag.check_files scheduled__2025-04-05T00:00:00+00:00 [queued]>
[2025-04-06T00:00:15.112+0000] {taskinstance.py:1362} INFO - 
--------------------------------------------------------------------------------
[2025-04-06T00:00:15.112+0000] {taskinstance.py:1363} INFO - Starting attempt 1 of 1
[2025-04-06T00:00:15.113+0000] {taskinstance.py:1364} INFO - 
--------------------------------------------------------------------------------
[2025-04-06T00:00:15.120+0000] {taskinstance.py:1383} INFO - Executing <Task(BashOperator): check_files> on 2025-04-05 00:00:00+00:00
[2025-04-06T00:00:15.123+0000] {standard_task_runner.py:55} INFO - Started process 2727 to run task
[2025-04-06T00:00:15.127+0000] {standard_task_runner.py:82} INFO - Running: ['***', 'tasks', 'run', 'group_dag', 'check_files', 'scheduled__2025-04-05T00:00:00+00:00', '--job-id', '116', '--raw', '--subdir', 'DAGS_FOLDER/group_dag.py', '--cfg-path', '/tmp/tmpn7i0q9ev']
[2025-04-06T00:00:15.127+0000] {standard_task_runner.py:83} INFO - Job 116: Subtask check_files
[2025-04-06T00:00:15.177+0000] {task_command.py:376} INFO - Running <TaskInstance: group_dag.check_files scheduled__2025-04-05T00:00:00+00:00 [running]> on host 1dadd347fcc8
[2025-04-06T00:00:15.211+0000] {taskinstance.py:1592} INFO - Exporting the following env vars:
AIRFLOW_CTX_DAG_OWNER=***
AIRFLOW_CTX_DAG_ID=group_dag
AIRFLOW_CTX_TASK_ID=check_files
AIRFLOW_CTX_EXECUTION_DATE=2025-04-05T00:00:00+00:00
AIRFLOW_CTX_TRY_NUMBER=1
AIRFLOW_CTX_DAG_RUN_ID=scheduled__2025-04-05T00:00:00+00:00
[2025-04-06T00:00:15.212+0000] {subprocess.py:63} INFO - Tmp dir root location: 
 /tmp
[2025-04-06T00:00:15.212+0000] {subprocess.py:75} INFO - Running command: ['/bin/bash', '-c', 'sleep 10']
[2025-04-06T00:00:15.219+0000] {subprocess.py:86} INFO - Output:
[2025-04-06T00:00:25.233+0000] {subprocess.py:97} INFO - Command exited with return code 0
[2025-04-06T00:00:25.329+0000] {taskinstance.py:1406} INFO - Marking task as SUCCESS. dag_id=group_dag, task_id=check_files, execution_date=20250405T000000, start_date=20250406T000015, end_date=20250406T000025
[2025-04-06T00:00:25.360+0000] {local_task_job.py:164} INFO - Task exited with return code 0
[2025-04-06T00:00:25.382+0000] {local_task_job.py:273} INFO - 3 downstream tasks scheduled from follow-on schedule check
