[2025-04-28T10:35:22.472+0000] {taskinstance.py:1165} INFO - Dependencies all met for <TaskInstance: parallel_dag.extract_b scheduled__2025-04-27T00:00:00+00:00 [queued]>
[2025-04-28T10:35:23.061+0000] {taskinstance.py:1165} INFO - Dependencies all met for <TaskInstance: parallel_dag.extract_b scheduled__2025-04-27T00:00:00+00:00 [queued]>
[2025-04-28T10:35:23.072+0000] {taskinstance.py:1362} INFO - 
--------------------------------------------------------------------------------
[2025-04-28T10:35:23.084+0000] {taskinstance.py:1363} INFO - Starting attempt 1 of 1
[2025-04-28T10:35:23.091+0000] {taskinstance.py:1364} INFO - 
--------------------------------------------------------------------------------
[2025-04-28T10:35:23.769+0000] {taskinstance.py:1383} INFO - Executing <Task(BashOperator): extract_b> on 2025-04-27 00:00:00+00:00
[2025-04-28T10:35:23.832+0000] {standard_task_runner.py:55} INFO - Started process 118 to run task
[2025-04-28T10:35:23.875+0000] {standard_task_runner.py:82} INFO - Running: ['***', 'tasks', 'run', 'parallel_dag', 'extract_b', 'scheduled__2025-04-27T00:00:00+00:00', '--job-id', '231', '--raw', '--subdir', 'DAGS_FOLDER/parallel_dag.py', '--cfg-path', '/tmp/tmpu_brciro']
[2025-04-28T10:35:23.891+0000] {standard_task_runner.py:83} INFO - Job 231: Subtask extract_b
[2025-04-28T10:35:26.012+0000] {task_command.py:376} INFO - Running <TaskInstance: parallel_dag.extract_b scheduled__2025-04-27T00:00:00+00:00 [running]> on host fae2b1eff5d6
[2025-04-28T10:35:29.213+0000] {taskinstance.py:1592} INFO - Exporting the following env vars:
AIRFLOW_CTX_DAG_OWNER=***
AIRFLOW_CTX_DAG_ID=parallel_dag
AIRFLOW_CTX_TASK_ID=extract_b
AIRFLOW_CTX_EXECUTION_DATE=2025-04-27T00:00:00+00:00
AIRFLOW_CTX_TRY_NUMBER=1
AIRFLOW_CTX_DAG_RUN_ID=scheduled__2025-04-27T00:00:00+00:00
[2025-04-28T10:35:29.257+0000] {subprocess.py:63} INFO - Tmp dir root location: 
 /tmp
[2025-04-28T10:35:29.294+0000] {subprocess.py:75} INFO - Running command: ['/bin/bash', '-c', 'sleep 10']
[2025-04-28T10:35:29.521+0000] {subprocess.py:86} INFO - Output:
[2025-04-28T10:35:39.574+0000] {subprocess.py:97} INFO - Command exited with return code 0
[2025-04-28T10:35:39.940+0000] {taskinstance.py:1406} INFO - Marking task as SUCCESS. dag_id=parallel_dag, task_id=extract_b, execution_date=20250427T000000, start_date=20250428T103522, end_date=20250428T103539
[2025-04-28T10:35:40.225+0000] {local_task_job.py:164} INFO - Task exited with return code 0
[2025-04-28T10:35:40.554+0000] {local_task_job.py:273} INFO - 0 downstream tasks scheduled from follow-on schedule check
