[2025-04-28T10:35:55.290+0000] {taskinstance.py:1165} INFO - Dependencies all met for <TaskInstance: group_dag.check_files scheduled__2025-04-27T00:00:00+00:00 [queued]>
[2025-04-28T10:35:55.298+0000] {taskinstance.py:1165} INFO - Dependencies all met for <TaskInstance: group_dag.check_files scheduled__2025-04-27T00:00:00+00:00 [queued]>
[2025-04-28T10:35:55.298+0000] {taskinstance.py:1362} INFO - 
--------------------------------------------------------------------------------
[2025-04-28T10:35:55.298+0000] {taskinstance.py:1363} INFO - Starting attempt 1 of 1
[2025-04-28T10:35:55.299+0000] {taskinstance.py:1364} INFO - 
--------------------------------------------------------------------------------
[2025-04-28T10:35:55.309+0000] {taskinstance.py:1383} INFO - Executing <Task(BashOperator): check_files> on 2025-04-27 00:00:00+00:00
[2025-04-28T10:35:55.316+0000] {standard_task_runner.py:55} INFO - Started process 209 to run task
[2025-04-28T10:35:55.321+0000] {standard_task_runner.py:82} INFO - Running: ['***', 'tasks', 'run', 'group_dag', 'check_files', 'scheduled__2025-04-27T00:00:00+00:00', '--job-id', '263', '--raw', '--subdir', 'DAGS_FOLDER/group_dag.py', '--cfg-path', '/tmp/tmp9dw5k698']
[2025-04-28T10:35:55.323+0000] {standard_task_runner.py:83} INFO - Job 263: Subtask check_files
[2025-04-28T10:35:55.392+0000] {task_command.py:376} INFO - Running <TaskInstance: group_dag.check_files scheduled__2025-04-27T00:00:00+00:00 [running]> on host fae2b1eff5d6
[2025-04-28T10:35:55.451+0000] {taskinstance.py:1592} INFO - Exporting the following env vars:
AIRFLOW_CTX_DAG_OWNER=***
AIRFLOW_CTX_DAG_ID=group_dag
AIRFLOW_CTX_TASK_ID=check_files
AIRFLOW_CTX_EXECUTION_DATE=2025-04-27T00:00:00+00:00
AIRFLOW_CTX_TRY_NUMBER=1
AIRFLOW_CTX_DAG_RUN_ID=scheduled__2025-04-27T00:00:00+00:00
[2025-04-28T10:35:55.452+0000] {subprocess.py:63} INFO - Tmp dir root location: 
 /tmp
[2025-04-28T10:35:55.453+0000] {subprocess.py:75} INFO - Running command: ['/bin/bash', '-c', 'sleep 10']
[2025-04-28T10:35:55.471+0000] {subprocess.py:86} INFO - Output:
[2025-04-28T10:36:05.476+0000] {subprocess.py:97} INFO - Command exited with return code 0
[2025-04-28T10:36:05.575+0000] {taskinstance.py:1406} INFO - Marking task as SUCCESS. dag_id=group_dag, task_id=check_files, execution_date=20250427T000000, start_date=20250428T103555, end_date=20250428T103605
[2025-04-28T10:36:05.724+0000] {local_task_job.py:164} INFO - Task exited with return code 0
[2025-04-28T10:36:05.763+0000] {local_task_job.py:273} INFO - 3 downstream tasks scheduled from follow-on schedule check
