[2025-04-01T10:30:04.795+0000] {taskinstance.py:1165} INFO - Dependencies all met for <TaskInstance: example_bash_operator.runme_0 scheduled__2025-03-31T00:00:00+00:00 [queued]>
[2025-04-01T10:30:04.813+0000] {taskinstance.py:1165} INFO - Dependencies all met for <TaskInstance: example_bash_operator.runme_0 scheduled__2025-03-31T00:00:00+00:00 [queued]>
[2025-04-01T10:30:04.813+0000] {taskinstance.py:1362} INFO - 
--------------------------------------------------------------------------------
[2025-04-01T10:30:04.813+0000] {taskinstance.py:1363} INFO - Starting attempt 1 of 1
[2025-04-01T10:30:04.813+0000] {taskinstance.py:1364} INFO - 
--------------------------------------------------------------------------------
[2025-04-01T10:30:04.845+0000] {taskinstance.py:1383} INFO - Executing <Task(BashOperator): runme_0> on 2025-03-31 00:00:00+00:00
[2025-04-01T10:30:04.850+0000] {standard_task_runner.py:55} INFO - Started process 475 to run task
[2025-04-01T10:30:04.865+0000] {standard_task_runner.py:82} INFO - Running: ['***', 'tasks', 'run', 'example_bash_operator', 'runme_0', 'scheduled__2025-03-31T00:00:00+00:00', '--job-id', '7', '--raw', '--subdir', '/home/***/.local/lib/python3.7/site-packages/***/example_dags/example_bash_operator.py', '--cfg-path', '/tmp/tmp48tkla89']
[2025-04-01T10:30:04.865+0000] {standard_task_runner.py:83} INFO - Job 7: Subtask runme_0
[2025-04-01T10:30:05.017+0000] {task_command.py:376} INFO - Running <TaskInstance: example_bash_operator.runme_0 scheduled__2025-03-31T00:00:00+00:00 [running]> on host dd456f953b15
[2025-04-01T10:30:05.140+0000] {taskinstance.py:1592} INFO - Exporting the following env vars:
AIRFLOW_CTX_DAG_OWNER=***
AIRFLOW_CTX_DAG_ID=example_bash_operator
AIRFLOW_CTX_TASK_ID=runme_0
AIRFLOW_CTX_EXECUTION_DATE=2025-03-31T00:00:00+00:00
AIRFLOW_CTX_TRY_NUMBER=1
AIRFLOW_CTX_DAG_RUN_ID=scheduled__2025-03-31T00:00:00+00:00
[2025-04-01T10:30:05.142+0000] {subprocess.py:63} INFO - Tmp dir root location: 
 /tmp
[2025-04-01T10:30:05.144+0000] {subprocess.py:75} INFO - Running command: ['/bin/bash', '-c', 'echo "example_bash_operator__runme_0__20250331" && sleep 1']
[2025-04-01T10:30:05.154+0000] {subprocess.py:86} INFO - Output:
[2025-04-01T10:30:05.157+0000] {subprocess.py:93} INFO - example_bash_operator__runme_0__20250331
[2025-04-01T10:30:06.159+0000] {subprocess.py:97} INFO - Command exited with return code 0
[2025-04-01T10:30:06.207+0000] {taskinstance.py:1406} INFO - Marking task as SUCCESS. dag_id=example_bash_operator, task_id=runme_0, execution_date=20250331T000000, start_date=20250401T103004, end_date=20250401T103006
[2025-04-01T10:30:06.245+0000] {local_task_job.py:164} INFO - Task exited with return code 0
[2025-04-01T10:30:06.273+0000] {local_task_job.py:273} INFO - 0 downstream tasks scheduled from follow-on schedule check
