[2025-04-05T20:50:11.384+0000] {taskinstance.py:1165} INFO - Dependencies all met for <TaskInstance: group_dag.transforms.transform_a scheduled__2025-04-04T00:00:00+00:00 [queued]>
[2025-04-05T20:50:11.390+0000] {taskinstance.py:1165} INFO - Dependencies all met for <TaskInstance: group_dag.transforms.transform_a scheduled__2025-04-04T00:00:00+00:00 [queued]>
[2025-04-05T20:50:11.390+0000] {taskinstance.py:1362} INFO - 
--------------------------------------------------------------------------------
[2025-04-05T20:50:11.392+0000] {taskinstance.py:1363} INFO - Starting attempt 1 of 1
[2025-04-05T20:50:11.392+0000] {taskinstance.py:1364} INFO - 
--------------------------------------------------------------------------------
[2025-04-05T20:50:11.401+0000] {taskinstance.py:1383} INFO - Executing <Task(BashOperator): transforms.transform_a> on 2025-04-04 00:00:00+00:00
[2025-04-05T20:50:11.405+0000] {standard_task_runner.py:55} INFO - Started process 159 to run task
[2025-04-05T20:50:11.407+0000] {standard_task_runner.py:82} INFO - Running: ['***', 'tasks', 'run', 'group_dag', 'transforms.transform_a', 'scheduled__2025-04-04T00:00:00+00:00', '--job-id', '91', '--raw', '--subdir', 'DAGS_FOLDER/group_dag.py', '--cfg-path', '/tmp/tmppfy6cyor']
[2025-04-05T20:50:11.408+0000] {standard_task_runner.py:83} INFO - Job 91: Subtask transforms.transform_a
[2025-04-05T20:50:11.463+0000] {task_command.py:376} INFO - Running <TaskInstance: group_dag.transforms.transform_a scheduled__2025-04-04T00:00:00+00:00 [running]> on host 8545ef973b24
[2025-04-05T20:50:11.531+0000] {taskinstance.py:1592} INFO - Exporting the following env vars:
AIRFLOW_CTX_DAG_OWNER=***
AIRFLOW_CTX_DAG_ID=group_dag
AIRFLOW_CTX_TASK_ID=transforms.transform_a
AIRFLOW_CTX_EXECUTION_DATE=2025-04-04T00:00:00+00:00
AIRFLOW_CTX_TRY_NUMBER=1
AIRFLOW_CTX_DAG_RUN_ID=scheduled__2025-04-04T00:00:00+00:00
[2025-04-05T20:50:11.532+0000] {subprocess.py:63} INFO - Tmp dir root location: 
 /tmp
[2025-04-05T20:50:11.533+0000] {subprocess.py:75} INFO - Running command: ['/bin/bash', '-c', 'sleep 10']
[2025-04-05T20:50:11.545+0000] {subprocess.py:86} INFO - Output:
[2025-04-05T20:50:21.561+0000] {subprocess.py:97} INFO - Command exited with return code 0
[2025-04-05T20:50:21.669+0000] {taskinstance.py:1406} INFO - Marking task as SUCCESS. dag_id=group_dag, task_id=transforms.transform_a, execution_date=20250404T000000, start_date=20250405T205011, end_date=20250405T205021
[2025-04-05T20:50:21.719+0000] {local_task_job.py:164} INFO - Task exited with return code 0
[2025-04-05T20:50:21.747+0000] {local_task_job.py:273} INFO - 0 downstream tasks scheduled from follow-on schedule check
