[2025-04-05T20:49:40.975+0000] {taskinstance.py:1165} INFO - Dependencies all met for <TaskInstance: producer.update_dataset scheduled__2025-04-04T00:00:00+00:00 [queued]>
[2025-04-05T20:49:41.262+0000] {taskinstance.py:1165} INFO - Dependencies all met for <TaskInstance: producer.update_dataset scheduled__2025-04-04T00:00:00+00:00 [queued]>
[2025-04-05T20:49:41.263+0000] {taskinstance.py:1362} INFO - 
--------------------------------------------------------------------------------
[2025-04-05T20:49:41.263+0000] {taskinstance.py:1363} INFO - Starting attempt 1 of 1
[2025-04-05T20:49:41.264+0000] {taskinstance.py:1364} INFO - 
--------------------------------------------------------------------------------
[2025-04-05T20:49:42.070+0000] {taskinstance.py:1383} INFO - Executing <Task(_PythonDecoratedOperator): update_dataset> on 2025-04-04 00:00:00+00:00
[2025-04-05T20:49:42.153+0000] {standard_task_runner.py:55} INFO - Started process 103 to run task
[2025-04-05T20:49:42.178+0000] {standard_task_runner.py:82} INFO - Running: ['***', 'tasks', 'run', 'producer', 'update_dataset', 'scheduled__2025-04-04T00:00:00+00:00', '--job-id', '75', '--raw', '--subdir', 'DAGS_FOLDER/producer.py', '--cfg-path', '/tmp/tmp683j2yum']
[2025-04-05T20:49:42.189+0000] {standard_task_runner.py:83} INFO - Job 75: Subtask update_dataset
[2025-04-05T20:49:42.482+0000] {task_command.py:376} INFO - Running <TaskInstance: producer.update_dataset scheduled__2025-04-04T00:00:00+00:00 [running]> on host 8545ef973b24
[2025-04-05T20:49:43.009+0000] {taskinstance.py:1592} INFO - Exporting the following env vars:
AIRFLOW_CTX_DAG_OWNER=***
AIRFLOW_CTX_DAG_ID=producer
AIRFLOW_CTX_TASK_ID=update_dataset
AIRFLOW_CTX_EXECUTION_DATE=2025-04-04T00:00:00+00:00
AIRFLOW_CTX_TRY_NUMBER=1
AIRFLOW_CTX_DAG_RUN_ID=scheduled__2025-04-04T00:00:00+00:00
[2025-04-05T20:49:43.048+0000] {python.py:177} INFO - Done. Returned value was: None
[2025-04-05T20:49:43.149+0000] {warnings.py:110} WARNING - /home/***/.local/lib/python3.7/site-packages/***/models/baseoperator.py:1390: RemovedInAirflow3Warning: Passing 'execution_date' to 'TaskInstance.xcom_push()' is deprecated.
  context['ti'].xcom_push(key=key, value=value, execution_date=execution_date)

[2025-04-05T20:49:43.396+0000] {taskinstance.py:1406} INFO - Marking task as SUCCESS. dag_id=producer, task_id=update_dataset, execution_date=20250404T000000, start_date=20250405T204941, end_date=20250405T204943
[2025-04-05T20:49:43.957+0000] {local_task_job.py:164} INFO - Task exited with return code 0
[2025-04-05T20:49:44.107+0000] {local_task_job.py:273} INFO - 0 downstream tasks scheduled from follow-on schedule check
