[2025-04-08T00:47:04.988+0000] {taskinstance.py:1165} INFO - Dependencies all met for <TaskInstance: consumer.read_dataset dataset_triggered__2025-04-08T00:47:03.339385+00:00 [queued]>
[2025-04-08T00:47:04.996+0000] {taskinstance.py:1165} INFO - Dependencies all met for <TaskInstance: consumer.read_dataset dataset_triggered__2025-04-08T00:47:03.339385+00:00 [queued]>
[2025-04-08T00:47:04.996+0000] {taskinstance.py:1362} INFO - 
--------------------------------------------------------------------------------
[2025-04-08T00:47:04.997+0000] {taskinstance.py:1363} INFO - Starting attempt 1 of 1
[2025-04-08T00:47:04.999+0000] {taskinstance.py:1364} INFO - 
--------------------------------------------------------------------------------
[2025-04-08T00:47:05.022+0000] {taskinstance.py:1383} INFO - Executing <Task(_PythonDecoratedOperator): read_dataset> on 2025-04-08 00:47:03.339385+00:00
[2025-04-08T00:47:05.028+0000] {standard_task_runner.py:55} INFO - Started process 2937 to run task
[2025-04-08T00:47:05.034+0000] {standard_task_runner.py:82} INFO - Running: ['***', 'tasks', 'run', 'consumer', 'read_dataset', 'dataset_triggered__2025-04-08T00:47:03.339385+00:00', '--job-id', '217', '--raw', '--subdir', 'DAGS_FOLDER/consumer.py', '--cfg-path', '/tmp/tmpbtr_ul7_']
[2025-04-08T00:47:05.037+0000] {standard_task_runner.py:83} INFO - Job 217: Subtask read_dataset
[2025-04-08T00:47:05.149+0000] {task_command.py:376} INFO - Running <TaskInstance: consumer.read_dataset dataset_triggered__2025-04-08T00:47:03.339385+00:00 [running]> on host fae2b1eff5d6
[2025-04-08T00:47:05.235+0000] {taskinstance.py:1592} INFO - Exporting the following env vars:
AIRFLOW_CTX_DAG_OWNER=***
AIRFLOW_CTX_DAG_ID=consumer
AIRFLOW_CTX_TASK_ID=read_dataset
AIRFLOW_CTX_EXECUTION_DATE=2025-04-08T00:47:03.339385+00:00
AIRFLOW_CTX_TRY_NUMBER=1
AIRFLOW_CTX_DAG_RUN_ID=dataset_triggered__2025-04-08T00:47:03.339385+00:00
[2025-04-08T00:47:05.241+0000] {logging_mixin.py:120} INFO - producer updateproducer update
[2025-04-08T00:47:05.241+0000] {python.py:177} INFO - Done. Returned value was: None
[2025-04-08T00:47:05.251+0000] {taskinstance.py:1406} INFO - Marking task as SUCCESS. dag_id=consumer, task_id=read_dataset, execution_date=20250408T004703, start_date=20250408T004704, end_date=20250408T004705
[2025-04-08T00:47:05.301+0000] {local_task_job.py:164} INFO - Task exited with return code 0
[2025-04-08T00:47:05.331+0000] {local_task_job.py:273} INFO - 0 downstream tasks scheduled from follow-on schedule check
