[2025-04-07T08:32:12.467+0000] {taskinstance.py:1165} INFO - Dependencies all met for <TaskInstance: docker_dag.t1 manual__2025-04-07T08:32:10.838156+00:00 [queued]>
[2025-04-07T08:32:12.473+0000] {taskinstance.py:1165} INFO - Dependencies all met for <TaskInstance: docker_dag.t1 manual__2025-04-07T08:32:10.838156+00:00 [queued]>
[2025-04-07T08:32:12.474+0000] {taskinstance.py:1362} INFO - 
--------------------------------------------------------------------------------
[2025-04-07T08:32:12.474+0000] {taskinstance.py:1363} INFO - Starting attempt 1 of 1
[2025-04-07T08:32:12.474+0000] {taskinstance.py:1364} INFO - 
--------------------------------------------------------------------------------
[2025-04-07T08:32:12.481+0000] {taskinstance.py:1383} INFO - Executing <Task(_PythonDecoratedOperator): t1> on 2025-04-07 08:32:10.838156+00:00
[2025-04-07T08:32:12.484+0000] {standard_task_runner.py:55} INFO - Started process 170 to run task
[2025-04-07T08:32:12.487+0000] {standard_task_runner.py:82} INFO - Running: ['***', 'tasks', 'run', 'docker_dag', 't1', 'manual__2025-04-07T08:32:10.838156+00:00', '--job-id', '162', '--raw', '--subdir', 'DAGS_FOLDER/docker_dag.py', '--cfg-path', '/tmp/tmpa86d63t1']
[2025-04-07T08:32:12.488+0000] {standard_task_runner.py:83} INFO - Job 162: Subtask t1
[2025-04-07T08:32:12.517+0000] {task_command.py:376} INFO - Running <TaskInstance: docker_dag.t1 manual__2025-04-07T08:32:10.838156+00:00 [running]> on host fae2b1eff5d6
[2025-04-07T08:32:12.548+0000] {taskinstance.py:1592} INFO - Exporting the following env vars:
AIRFLOW_CTX_DAG_OWNER=***
AIRFLOW_CTX_DAG_ID=docker_dag
AIRFLOW_CTX_TASK_ID=t1
AIRFLOW_CTX_EXECUTION_DATE=2025-04-07T08:32:10.838156+00:00
AIRFLOW_CTX_TRY_NUMBER=1
AIRFLOW_CTX_DAG_RUN_ID=manual__2025-04-07T08:32:10.838156+00:00
[2025-04-07T08:32:12.549+0000] {python.py:177} INFO - Done. Returned value was: None
[2025-04-07T08:32:12.553+0000] {taskinstance.py:1406} INFO - Marking task as SUCCESS. dag_id=docker_dag, task_id=t1, execution_date=20250407T083210, start_date=20250407T083212, end_date=20250407T083212
[2025-04-07T08:32:12.582+0000] {local_task_job.py:164} INFO - Task exited with return code 0
[2025-04-07T08:32:12.592+0000] {local_task_job.py:273} INFO - 1 downstream tasks scheduled from follow-on schedule check
