[2025-04-30T00:17:56.498+0000] {taskinstance.py:1165} INFO - Dependencies all met for <TaskInstance: group_dag.downloads.download_b scheduled__2025-04-29T00:00:00+00:00 [queued]>
[2025-04-30T00:17:56.749+0000] {taskinstance.py:1165} INFO - Dependencies all met for <TaskInstance: group_dag.downloads.download_b scheduled__2025-04-29T00:00:00+00:00 [queued]>
[2025-04-30T00:17:56.751+0000] {taskinstance.py:1362} INFO - 
--------------------------------------------------------------------------------
[2025-04-30T00:17:56.753+0000] {taskinstance.py:1363} INFO - Starting attempt 1 of 1
[2025-04-30T00:17:56.762+0000] {taskinstance.py:1364} INFO - 
--------------------------------------------------------------------------------
[2025-04-30T00:17:57.477+0000] {taskinstance.py:1383} INFO - Executing <Task(BashOperator): downloads.download_b> on 2025-04-29 00:00:00+00:00
[2025-04-30T00:17:58.069+0000] {standard_task_runner.py:55} INFO - Started process 12892 to run task
[2025-04-30T00:17:58.164+0000] {standard_task_runner.py:82} INFO - Running: ['***', 'tasks', 'run', 'group_dag', 'downloads.download_b', 'scheduled__2025-04-29T00:00:00+00:00', '--job-id', '297', '--raw', '--subdir', 'DAGS_FOLDER/group_dag.py', '--cfg-path', '/tmp/tmppcodgitd']
[2025-04-30T00:17:58.215+0000] {standard_task_runner.py:83} INFO - Job 297: Subtask downloads.download_b
[2025-04-30T00:17:59.720+0000] {task_command.py:376} INFO - Running <TaskInstance: group_dag.downloads.download_b scheduled__2025-04-29T00:00:00+00:00 [running]> on host fae2b1eff5d6
[2025-04-30T00:18:00.556+0000] {taskinstance.py:1592} INFO - Exporting the following env vars:
AIRFLOW_CTX_DAG_OWNER=***
AIRFLOW_CTX_DAG_ID=group_dag
AIRFLOW_CTX_TASK_ID=downloads.download_b
AIRFLOW_CTX_EXECUTION_DATE=2025-04-29T00:00:00+00:00
AIRFLOW_CTX_TRY_NUMBER=1
AIRFLOW_CTX_DAG_RUN_ID=scheduled__2025-04-29T00:00:00+00:00
[2025-04-30T00:18:00.589+0000] {subprocess.py:63} INFO - Tmp dir root location: 
 /tmp
[2025-04-30T00:18:00.611+0000] {subprocess.py:75} INFO - Running command: ['/bin/bash', '-c', 'sleep 10']
[2025-04-30T00:18:00.733+0000] {subprocess.py:86} INFO - Output:
[2025-04-30T00:18:10.840+0000] {subprocess.py:97} INFO - Command exited with return code 0
[2025-04-30T00:18:11.458+0000] {taskinstance.py:1406} INFO - Marking task as SUCCESS. dag_id=group_dag, task_id=downloads.download_b, execution_date=20250429T000000, start_date=20250430T001756, end_date=20250430T001811
[2025-04-30T00:18:11.697+0000] {local_task_job.py:164} INFO - Task exited with return code 0
[2025-04-30T00:18:12.564+0000] {local_task_job.py:273} INFO - 0 downstream tasks scheduled from follow-on schedule check
