[2025-04-08T00:47:03.066+0000] {taskinstance.py:1165} INFO - Dependencies all met for <TaskInstance: user_processing.create_table scheduled__2025-04-07T00:00:00+00:00 [queued]>
[2025-04-08T00:47:03.081+0000] {taskinstance.py:1165} INFO - Dependencies all met for <TaskInstance: user_processing.create_table scheduled__2025-04-07T00:00:00+00:00 [queued]>
[2025-04-08T00:47:03.082+0000] {taskinstance.py:1362} INFO - 
--------------------------------------------------------------------------------
[2025-04-08T00:47:03.082+0000] {taskinstance.py:1363} INFO - Starting attempt 1 of 1
[2025-04-08T00:47:03.083+0000] {taskinstance.py:1364} INFO - 
--------------------------------------------------------------------------------
[2025-04-08T00:47:03.123+0000] {taskinstance.py:1383} INFO - Executing <Task(PostgresOperator): create_table> on 2025-04-07 00:00:00+00:00
[2025-04-08T00:47:03.136+0000] {standard_task_runner.py:55} INFO - Started process 2921 to run task
[2025-04-08T00:47:03.145+0000] {standard_task_runner.py:82} INFO - Running: ['***', 'tasks', 'run', 'user_processing', 'create_table', 'scheduled__2025-04-07T00:00:00+00:00', '--job-id', '215', '--raw', '--subdir', 'DAGS_FOLDER/user_processing.py', '--cfg-path', '/tmp/tmprze_2m03']
[2025-04-08T00:47:03.167+0000] {standard_task_runner.py:83} INFO - Job 215: Subtask create_table
[2025-04-08T00:47:03.306+0000] {task_command.py:376} INFO - Running <TaskInstance: user_processing.create_table scheduled__2025-04-07T00:00:00+00:00 [running]> on host fae2b1eff5d6
[2025-04-08T00:47:03.409+0000] {taskinstance.py:1592} INFO - Exporting the following env vars:
AIRFLOW_CTX_DAG_OWNER=***
AIRFLOW_CTX_DAG_ID=user_processing
AIRFLOW_CTX_TASK_ID=create_table
AIRFLOW_CTX_EXECUTION_DATE=2025-04-07T00:00:00+00:00
AIRFLOW_CTX_TRY_NUMBER=1
AIRFLOW_CTX_DAG_RUN_ID=scheduled__2025-04-07T00:00:00+00:00
[2025-04-08T00:47:03.425+0000] {base.py:71} INFO - Using connection ID 'postgres' for task execution.
[2025-04-08T00:47:03.431+0000] {sql.py:315} INFO - Running statement: 
            CREATE TABLE IF NOT EXISTS users (
                firstName TEXT NOT NULL,
                lastName TEXT NOT NULL,
                country TEXT NOT NULL,
                username TEXT NOT NULL,
                password TEXT NOT NULL,
                email TEXT NOT NULL
            );
        , parameters: None
[2025-04-08T00:47:03.435+0000] {postgres.py:96} INFO - NOTICE:  relation "users" already exists, skipping

[2025-04-08T00:47:03.454+0000] {taskinstance.py:1406} INFO - Marking task as SUCCESS. dag_id=user_processing, task_id=create_table, execution_date=20250407T000000, start_date=20250408T004703, end_date=20250408T004703
[2025-04-08T00:47:03.486+0000] {local_task_job.py:164} INFO - Task exited with return code 0
[2025-04-08T00:47:03.528+0000] {local_task_job.py:273} INFO - 1 downstream tasks scheduled from follow-on schedule check
