[2025-04-28T10:35:22.482+0000] {taskinstance.py:1165} INFO - Dependencies all met for <TaskInstance: parallel_dag.extract_a scheduled__2025-04-08T00:00:00+00:00 [queued]>
[2025-04-28T10:35:22.708+0000] {taskinstance.py:1165} INFO - Dependencies all met for <TaskInstance: parallel_dag.extract_a scheduled__2025-04-08T00:00:00+00:00 [queued]>
[2025-04-28T10:35:22.728+0000] {taskinstance.py:1362} INFO - 
--------------------------------------------------------------------------------
[2025-04-28T10:35:22.748+0000] {taskinstance.py:1363} INFO - Starting attempt 1 of 1
[2025-04-28T10:35:22.769+0000] {taskinstance.py:1364} INFO - 
--------------------------------------------------------------------------------
[2025-04-28T10:35:23.141+0000] {taskinstance.py:1383} INFO - Executing <Task(BashOperator): extract_a> on 2025-04-08 00:00:00+00:00
[2025-04-28T10:35:23.450+0000] {standard_task_runner.py:55} INFO - Started process 116 to run task
[2025-04-28T10:35:23.621+0000] {standard_task_runner.py:82} INFO - Running: ['***', 'tasks', 'run', 'parallel_dag', 'extract_a', 'scheduled__2025-04-08T00:00:00+00:00', '--job-id', '235', '--raw', '--subdir', 'DAGS_FOLDER/parallel_dag.py', '--cfg-path', '/tmp/tmpkqhzx122']
[2025-04-28T10:35:23.715+0000] {standard_task_runner.py:83} INFO - Job 235: Subtask extract_a
[2025-04-28T10:35:25.645+0000] {task_command.py:376} INFO - Running <TaskInstance: parallel_dag.extract_a scheduled__2025-04-08T00:00:00+00:00 [running]> on host fae2b1eff5d6
[2025-04-28T10:35:28.996+0000] {taskinstance.py:1592} INFO - Exporting the following env vars:
AIRFLOW_CTX_DAG_OWNER=***
AIRFLOW_CTX_DAG_ID=parallel_dag
AIRFLOW_CTX_TASK_ID=extract_a
AIRFLOW_CTX_EXECUTION_DATE=2025-04-08T00:00:00+00:00
AIRFLOW_CTX_TRY_NUMBER=1
AIRFLOW_CTX_DAG_RUN_ID=scheduled__2025-04-08T00:00:00+00:00
[2025-04-28T10:35:29.071+0000] {subprocess.py:63} INFO - Tmp dir root location: 
 /tmp
[2025-04-28T10:35:29.174+0000] {subprocess.py:75} INFO - Running command: ['/bin/bash', '-c', 'sleep 1']
[2025-04-28T10:35:29.414+0000] {subprocess.py:86} INFO - Output:
[2025-04-28T10:35:30.588+0000] {subprocess.py:97} INFO - Command exited with return code 0
[2025-04-28T10:35:31.256+0000] {taskinstance.py:1406} INFO - Marking task as SUCCESS. dag_id=parallel_dag, task_id=extract_a, execution_date=20250408T000000, start_date=20250428T103522, end_date=20250428T103531
[2025-04-28T10:35:32.432+0000] {local_task_job.py:164} INFO - Task exited with return code 0
[2025-04-28T10:35:32.989+0000] {local_task_job.py:273} INFO - 1 downstream tasks scheduled from follow-on schedule check
