[2025-04-06T00:00:02.856+0000] {taskinstance.py:1165} INFO - Dependencies all met for <TaskInstance: xcom_dag.t1 scheduled__2025-04-05T00:00:00+00:00 [queued]>
[2025-04-06T00:00:02.878+0000] {taskinstance.py:1165} INFO - Dependencies all met for <TaskInstance: xcom_dag.t1 scheduled__2025-04-05T00:00:00+00:00 [queued]>
[2025-04-06T00:00:02.879+0000] {taskinstance.py:1362} INFO - 
--------------------------------------------------------------------------------
[2025-04-06T00:00:02.879+0000] {taskinstance.py:1363} INFO - Starting attempt 1 of 1
[2025-04-06T00:00:02.880+0000] {taskinstance.py:1364} INFO - 
--------------------------------------------------------------------------------
[2025-04-06T00:00:02.916+0000] {taskinstance.py:1383} INFO - Executing <Task(PythonOperator): t1> on 2025-04-05 00:00:00+00:00
[2025-04-06T00:00:02.928+0000] {standard_task_runner.py:55} INFO - Started process 2683 to run task
[2025-04-06T00:00:02.938+0000] {standard_task_runner.py:82} INFO - Running: ['***', 'tasks', 'run', 'xcom_dag', 't1', 'scheduled__2025-04-05T00:00:00+00:00', '--job-id', '103', '--raw', '--subdir', 'DAGS_FOLDER/xcom_dag.py', '--cfg-path', '/tmp/tmp5klrnp3x']
[2025-04-06T00:00:02.941+0000] {standard_task_runner.py:83} INFO - Job 103: Subtask t1
[2025-04-06T00:00:03.177+0000] {task_command.py:376} INFO - Running <TaskInstance: xcom_dag.t1 scheduled__2025-04-05T00:00:00+00:00 [running]> on host 1dadd347fcc8
[2025-04-06T00:00:03.551+0000] {taskinstance.py:1592} INFO - Exporting the following env vars:
AIRFLOW_CTX_DAG_OWNER=***
AIRFLOW_CTX_DAG_ID=xcom_dag
AIRFLOW_CTX_TASK_ID=t1
AIRFLOW_CTX_EXECUTION_DATE=2025-04-05T00:00:00+00:00
AIRFLOW_CTX_TRY_NUMBER=1
AIRFLOW_CTX_DAG_RUN_ID=scheduled__2025-04-05T00:00:00+00:00
[2025-04-06T00:00:03.589+0000] {python.py:177} INFO - Done. Returned value was: None
[2025-04-06T00:00:03.611+0000] {taskinstance.py:1406} INFO - Marking task as SUCCESS. dag_id=xcom_dag, task_id=t1, execution_date=20250405T000000, start_date=20250406T000002, end_date=20250406T000003
[2025-04-06T00:00:03.666+0000] {local_task_job.py:164} INFO - Task exited with return code 0
[2025-04-06T00:00:03.720+0000] {local_task_job.py:273} INFO - 1 downstream tasks scheduled from follow-on schedule check
