[2025-04-28T10:35:51.148+0000] {taskinstance.py:1165} INFO - Dependencies all met for <TaskInstance: parallel_dag.exract_b scheduled__2025-04-08T00:00:00+00:00 [queued]>
[2025-04-28T10:35:51.272+0000] {taskinstance.py:1165} INFO - Dependencies all met for <TaskInstance: parallel_dag.exract_b scheduled__2025-04-08T00:00:00+00:00 [queued]>
[2025-04-28T10:35:51.274+0000] {taskinstance.py:1362} INFO - 
--------------------------------------------------------------------------------
[2025-04-28T10:35:51.276+0000] {taskinstance.py:1363} INFO - Starting attempt 1 of 1
[2025-04-28T10:35:51.277+0000] {taskinstance.py:1364} INFO - 
--------------------------------------------------------------------------------
[2025-04-28T10:35:51.410+0000] {taskinstance.py:1383} INFO - Executing <Task(BashOperator): exract_b> on 2025-04-08 00:00:00+00:00
[2025-04-28T10:35:51.503+0000] {standard_task_runner.py:55} INFO - Started process 197 to run task
[2025-04-28T10:35:51.520+0000] {standard_task_runner.py:82} INFO - Running: ['***', 'tasks', 'run', 'parallel_dag', 'exract_b', 'scheduled__2025-04-08T00:00:00+00:00', '--job-id', '258', '--raw', '--subdir', 'DAGS_FOLDER/parallel_dag.py', '--cfg-path', '/tmp/tmpd23k0m5h']
[2025-04-28T10:35:51.533+0000] {standard_task_runner.py:83} INFO - Job 258: Subtask exract_b
[2025-04-28T10:35:52.018+0000] {task_command.py:376} INFO - Running <TaskInstance: parallel_dag.exract_b scheduled__2025-04-08T00:00:00+00:00 [running]> on host fae2b1eff5d6
[2025-04-28T10:35:52.518+0000] {taskinstance.py:1592} INFO - Exporting the following env vars:
AIRFLOW_CTX_DAG_OWNER=***
AIRFLOW_CTX_DAG_ID=parallel_dag
AIRFLOW_CTX_TASK_ID=exract_b
AIRFLOW_CTX_EXECUTION_DATE=2025-04-08T00:00:00+00:00
AIRFLOW_CTX_TRY_NUMBER=1
AIRFLOW_CTX_DAG_RUN_ID=scheduled__2025-04-08T00:00:00+00:00
[2025-04-28T10:35:52.547+0000] {subprocess.py:63} INFO - Tmp dir root location: 
 /tmp
[2025-04-28T10:35:52.557+0000] {subprocess.py:75} INFO - Running command: ['/bin/bash', '-c', 'sleep 10']
[2025-04-28T10:35:52.651+0000] {subprocess.py:86} INFO - Output:
[2025-04-28T10:36:02.714+0000] {subprocess.py:97} INFO - Command exited with return code 0
[2025-04-28T10:36:02.789+0000] {taskinstance.py:1406} INFO - Marking task as SUCCESS. dag_id=parallel_dag, task_id=exract_b, execution_date=20250408T000000, start_date=20250428T103551, end_date=20250428T103602
[2025-04-28T10:36:02.872+0000] {local_task_job.py:164} INFO - Task exited with return code 0
[2025-04-28T10:36:02.904+0000] {local_task_job.py:273} INFO - 1 downstream tasks scheduled from follow-on schedule check
