[2025-04-30T00:17:58.802+0000] {taskinstance.py:1165} INFO - Dependencies all met for <TaskInstance: parallel_dag.extract_a scheduled__2025-04-29T00:00:00+00:00 [queued]>
[2025-04-30T00:17:59.241+0000] {taskinstance.py:1165} INFO - Dependencies all met for <TaskInstance: parallel_dag.extract_a scheduled__2025-04-29T00:00:00+00:00 [queued]>
[2025-04-30T00:17:59.265+0000] {taskinstance.py:1362} INFO - 
--------------------------------------------------------------------------------
[2025-04-30T00:17:59.277+0000] {taskinstance.py:1363} INFO - Starting attempt 1 of 1
[2025-04-30T00:17:59.284+0000] {taskinstance.py:1364} INFO - 
--------------------------------------------------------------------------------
[2025-04-30T00:17:59.468+0000] {taskinstance.py:1383} INFO - Executing <Task(BashOperator): extract_a> on 2025-04-29 00:00:00+00:00
[2025-04-30T00:17:59.557+0000] {standard_task_runner.py:55} INFO - Started process 12897 to run task
[2025-04-30T00:17:59.747+0000] {standard_task_runner.py:82} INFO - Running: ['***', 'tasks', 'run', 'parallel_dag', 'extract_a', 'scheduled__2025-04-29T00:00:00+00:00', '--job-id', '300', '--raw', '--subdir', 'DAGS_FOLDER/parallel_dag.py', '--cfg-path', '/tmp/tmpg6elm1_k']
[2025-04-30T00:17:59.842+0000] {standard_task_runner.py:83} INFO - Job 300: Subtask extract_a
[2025-04-30T00:18:00.967+0000] {task_command.py:376} INFO - Running <TaskInstance: parallel_dag.extract_a scheduled__2025-04-29T00:00:00+00:00 [running]> on host fae2b1eff5d6
[2025-04-30T00:18:01.650+0000] {taskinstance.py:1592} INFO - Exporting the following env vars:
AIRFLOW_CTX_DAG_OWNER=***
AIRFLOW_CTX_DAG_ID=parallel_dag
AIRFLOW_CTX_TASK_ID=extract_a
AIRFLOW_CTX_EXECUTION_DATE=2025-04-29T00:00:00+00:00
AIRFLOW_CTX_TRY_NUMBER=1
AIRFLOW_CTX_DAG_RUN_ID=scheduled__2025-04-29T00:00:00+00:00
[2025-04-30T00:18:01.687+0000] {subprocess.py:63} INFO - Tmp dir root location: 
 /tmp
[2025-04-30T00:18:01.703+0000] {subprocess.py:75} INFO - Running command: ['/bin/bash', '-c', 'sleep 1']
[2025-04-30T00:18:01.824+0000] {subprocess.py:86} INFO - Output:
[2025-04-30T00:18:02.881+0000] {subprocess.py:97} INFO - Command exited with return code 0
[2025-04-30T00:18:03.302+0000] {taskinstance.py:1406} INFO - Marking task as SUCCESS. dag_id=parallel_dag, task_id=extract_a, execution_date=20250429T000000, start_date=20250430T001758, end_date=20250430T001803
[2025-04-30T00:18:03.641+0000] {local_task_job.py:164} INFO - Task exited with return code 0
[2025-04-30T00:18:05.009+0000] {local_task_job.py:273} INFO - 1 downstream tasks scheduled from follow-on schedule check
