[2025-04-29T00:03:12.216+0000] {taskinstance.py:1165} INFO - Dependencies all met for <TaskInstance: group_dag.downloads.download_a scheduled__2025-04-28T00:00:00+00:00 [queued]>
[2025-04-29T00:03:12.440+0000] {taskinstance.py:1165} INFO - Dependencies all met for <TaskInstance: group_dag.downloads.download_a scheduled__2025-04-28T00:00:00+00:00 [queued]>
[2025-04-29T00:03:12.457+0000] {taskinstance.py:1362} INFO - 
--------------------------------------------------------------------------------
[2025-04-29T00:03:12.473+0000] {taskinstance.py:1363} INFO - Starting attempt 1 of 1
[2025-04-29T00:03:12.477+0000] {taskinstance.py:1364} INFO - 
--------------------------------------------------------------------------------
[2025-04-29T00:03:13.100+0000] {taskinstance.py:1383} INFO - Executing <Task(BashOperator): downloads.download_a> on 2025-04-28 00:00:00+00:00
[2025-04-29T00:03:13.271+0000] {standard_task_runner.py:55} INFO - Started process 4332 to run task
[2025-04-29T00:03:13.321+0000] {standard_task_runner.py:82} INFO - Running: ['***', 'tasks', 'run', 'group_dag', 'downloads.download_a', 'scheduled__2025-04-28T00:00:00+00:00', '--job-id', '277', '--raw', '--subdir', 'DAGS_FOLDER/group_dag.py', '--cfg-path', '/tmp/tmpa3enj6ej']
[2025-04-29T00:03:13.347+0000] {standard_task_runner.py:83} INFO - Job 277: Subtask downloads.download_a
[2025-04-29T00:03:14.268+0000] {task_command.py:376} INFO - Running <TaskInstance: group_dag.downloads.download_a scheduled__2025-04-28T00:00:00+00:00 [running]> on host fae2b1eff5d6
[2025-04-29T00:03:17.116+0000] {taskinstance.py:1592} INFO - Exporting the following env vars:
AIRFLOW_CTX_DAG_OWNER=***
AIRFLOW_CTX_DAG_ID=group_dag
AIRFLOW_CTX_TASK_ID=downloads.download_a
AIRFLOW_CTX_EXECUTION_DATE=2025-04-28T00:00:00+00:00
AIRFLOW_CTX_TRY_NUMBER=1
AIRFLOW_CTX_DAG_RUN_ID=scheduled__2025-04-28T00:00:00+00:00
[2025-04-29T00:03:17.255+0000] {subprocess.py:63} INFO - Tmp dir root location: 
 /tmp
[2025-04-29T00:03:17.265+0000] {subprocess.py:75} INFO - Running command: ['/bin/bash', '-c', 'sleep 10']
[2025-04-29T00:03:17.623+0000] {subprocess.py:86} INFO - Output:
[2025-04-29T00:03:27.759+0000] {subprocess.py:97} INFO - Command exited with return code 0
[2025-04-29T00:03:27.920+0000] {taskinstance.py:1406} INFO - Marking task as SUCCESS. dag_id=group_dag, task_id=downloads.download_a, execution_date=20250428T000000, start_date=20250429T000312, end_date=20250429T000327
[2025-04-29T00:03:27.977+0000] {local_task_job.py:164} INFO - Task exited with return code 0
[2025-04-29T00:03:28.033+0000] {local_task_job.py:273} INFO - 0 downstream tasks scheduled from follow-on schedule check
