[2025-04-30T00:17:54.672+0000] {taskinstance.py:1165} INFO - Dependencies all met for <TaskInstance: parallel_dag.extract_b scheduled__2025-04-29T00:00:00+00:00 [queued]>
[2025-04-30T00:17:55.005+0000] {taskinstance.py:1165} INFO - Dependencies all met for <TaskInstance: parallel_dag.extract_b scheduled__2025-04-29T00:00:00+00:00 [queued]>
[2025-04-30T00:17:55.011+0000] {taskinstance.py:1362} INFO - 
--------------------------------------------------------------------------------
[2025-04-30T00:17:55.016+0000] {taskinstance.py:1363} INFO - Starting attempt 1 of 1
[2025-04-30T00:17:55.025+0000] {taskinstance.py:1364} INFO - 
--------------------------------------------------------------------------------
[2025-04-30T00:17:55.652+0000] {taskinstance.py:1383} INFO - Executing <Task(BashOperator): extract_b> on 2025-04-29 00:00:00+00:00
[2025-04-30T00:17:55.880+0000] {standard_task_runner.py:55} INFO - Started process 12888 to run task
[2025-04-30T00:17:55.966+0000] {standard_task_runner.py:82} INFO - Running: ['***', 'tasks', 'run', 'parallel_dag', 'extract_b', 'scheduled__2025-04-29T00:00:00+00:00', '--job-id', '295', '--raw', '--subdir', 'DAGS_FOLDER/parallel_dag.py', '--cfg-path', '/tmp/tmprthfvyip']
[2025-04-30T00:17:56.015+0000] {standard_task_runner.py:83} INFO - Job 295: Subtask extract_b
[2025-04-30T00:17:58.002+0000] {task_command.py:376} INFO - Running <TaskInstance: parallel_dag.extract_b scheduled__2025-04-29T00:00:00+00:00 [running]> on host fae2b1eff5d6
[2025-04-30T00:17:58.756+0000] {taskinstance.py:1592} INFO - Exporting the following env vars:
AIRFLOW_CTX_DAG_OWNER=***
AIRFLOW_CTX_DAG_ID=parallel_dag
AIRFLOW_CTX_TASK_ID=extract_b
AIRFLOW_CTX_EXECUTION_DATE=2025-04-29T00:00:00+00:00
AIRFLOW_CTX_TRY_NUMBER=1
AIRFLOW_CTX_DAG_RUN_ID=scheduled__2025-04-29T00:00:00+00:00
[2025-04-30T00:17:58.898+0000] {subprocess.py:63} INFO - Tmp dir root location: 
 /tmp
[2025-04-30T00:17:58.911+0000] {subprocess.py:75} INFO - Running command: ['/bin/bash', '-c', 'sleep 10']
[2025-04-30T00:17:59.304+0000] {subprocess.py:86} INFO - Output:
[2025-04-30T00:18:09.412+0000] {subprocess.py:97} INFO - Command exited with return code 0
[2025-04-30T00:18:09.752+0000] {taskinstance.py:1406} INFO - Marking task as SUCCESS. dag_id=parallel_dag, task_id=extract_b, execution_date=20250429T000000, start_date=20250430T001754, end_date=20250430T001809
[2025-04-30T00:18:10.165+0000] {local_task_job.py:164} INFO - Task exited with return code 0
[2025-04-30T00:18:11.162+0000] {local_task_job.py:273} INFO - 1 downstream tasks scheduled from follow-on schedule check
