[2025-04-30T00:17:56.552+0000] {taskinstance.py:1165} INFO - Dependencies all met for <TaskInstance: xcom_dag.t1 scheduled__2025-04-29T00:00:00+00:00 [queued]>
[2025-04-30T00:17:56.694+0000] {taskinstance.py:1165} INFO - Dependencies all met for <TaskInstance: xcom_dag.t1 scheduled__2025-04-29T00:00:00+00:00 [queued]>
[2025-04-30T00:17:56.696+0000] {taskinstance.py:1362} INFO - 
--------------------------------------------------------------------------------
[2025-04-30T00:17:56.696+0000] {taskinstance.py:1363} INFO - Starting attempt 1 of 1
[2025-04-30T00:17:56.700+0000] {taskinstance.py:1364} INFO - 
--------------------------------------------------------------------------------
[2025-04-30T00:17:57.197+0000] {taskinstance.py:1383} INFO - Executing <Task(PythonOperator): t1> on 2025-04-29 00:00:00+00:00
[2025-04-30T00:17:57.683+0000] {standard_task_runner.py:55} INFO - Started process 12891 to run task
[2025-04-30T00:17:57.853+0000] {standard_task_runner.py:82} INFO - Running: ['***', 'tasks', 'run', 'xcom_dag', 't1', 'scheduled__2025-04-29T00:00:00+00:00', '--job-id', '296', '--raw', '--subdir', 'DAGS_FOLDER/xcom_dag.py', '--cfg-path', '/tmp/tmpxd9tr0tq']
[2025-04-30T00:17:57.921+0000] {standard_task_runner.py:83} INFO - Job 296: Subtask t1
[2025-04-30T00:17:58.640+0000] {task_command.py:376} INFO - Running <TaskInstance: xcom_dag.t1 scheduled__2025-04-29T00:00:00+00:00 [running]> on host fae2b1eff5d6
[2025-04-30T00:17:59.899+0000] {taskinstance.py:1592} INFO - Exporting the following env vars:
AIRFLOW_CTX_DAG_OWNER=***
AIRFLOW_CTX_DAG_ID=xcom_dag
AIRFLOW_CTX_TASK_ID=t1
AIRFLOW_CTX_EXECUTION_DATE=2025-04-29T00:00:00+00:00
AIRFLOW_CTX_TRY_NUMBER=1
AIRFLOW_CTX_DAG_RUN_ID=scheduled__2025-04-29T00:00:00+00:00
[2025-04-30T00:18:00.018+0000] {python.py:177} INFO - Done. Returned value was: None
[2025-04-30T00:18:00.090+0000] {taskinstance.py:1406} INFO - Marking task as SUCCESS. dag_id=xcom_dag, task_id=t1, execution_date=20250429T000000, start_date=20250430T001756, end_date=20250430T001800
[2025-04-30T00:18:00.384+0000] {local_task_job.py:164} INFO - Task exited with return code 0
[2025-04-30T00:18:00.795+0000] {local_task_job.py:273} INFO - 1 downstream tasks scheduled from follow-on schedule check
