[2025-04-03T11:12:34.107+0000] {taskinstance.py:1165} INFO - Dependencies all met for <TaskInstance: parallel_dag.exract_b scheduled__2025-04-02T00:00:00+00:00 [queued]>
[2025-04-03T11:12:34.111+0000] {taskinstance.py:1165} INFO - Dependencies all met for <TaskInstance: parallel_dag.exract_b scheduled__2025-04-02T00:00:00+00:00 [queued]>
[2025-04-03T11:12:34.112+0000] {taskinstance.py:1362} INFO - 
--------------------------------------------------------------------------------
[2025-04-03T11:12:34.112+0000] {taskinstance.py:1363} INFO - Starting attempt 1 of 1
[2025-04-03T11:12:34.112+0000] {taskinstance.py:1364} INFO - 
--------------------------------------------------------------------------------
[2025-04-03T11:12:34.117+0000] {taskinstance.py:1383} INFO - Executing <Task(BashOperator): exract_b> on 2025-04-02 00:00:00+00:00
[2025-04-03T11:12:34.119+0000] {standard_task_runner.py:55} INFO - Started process 154 to run task
[2025-04-03T11:12:34.121+0000] {standard_task_runner.py:82} INFO - Running: ['***', 'tasks', 'run', 'parallel_dag', 'exract_b', 'scheduled__2025-04-02T00:00:00+00:00', '--job-id', '36', '--raw', '--subdir', 'DAGS_FOLDER/parallel_dag.py', '--cfg-path', '/tmp/tmpc5b60hp8']
[2025-04-03T11:12:34.122+0000] {standard_task_runner.py:83} INFO - Job 36: Subtask exract_b
[2025-04-03T11:12:34.146+0000] {task_command.py:376} INFO - Running <TaskInstance: parallel_dag.exract_b scheduled__2025-04-02T00:00:00+00:00 [running]> on host 6e2344ebbc40
[2025-04-03T11:12:34.173+0000] {taskinstance.py:1592} INFO - Exporting the following env vars:
AIRFLOW_CTX_DAG_OWNER=***
AIRFLOW_CTX_DAG_ID=parallel_dag
AIRFLOW_CTX_TASK_ID=exract_b
AIRFLOW_CTX_EXECUTION_DATE=2025-04-02T00:00:00+00:00
AIRFLOW_CTX_TRY_NUMBER=1
AIRFLOW_CTX_DAG_RUN_ID=scheduled__2025-04-02T00:00:00+00:00
[2025-04-03T11:12:34.174+0000] {subprocess.py:63} INFO - Tmp dir root location: 
 /tmp
[2025-04-03T11:12:34.174+0000] {subprocess.py:75} INFO - Running command: ['/bin/bash', '-c', 'sleep 10']
[2025-04-03T11:12:34.178+0000] {subprocess.py:86} INFO - Output:
[2025-04-03T11:12:44.182+0000] {subprocess.py:97} INFO - Command exited with return code 0
[2025-04-03T11:12:44.234+0000] {taskinstance.py:1406} INFO - Marking task as SUCCESS. dag_id=parallel_dag, task_id=exract_b, execution_date=20250402T000000, start_date=20250403T111234, end_date=20250403T111244
[2025-04-03T11:12:44.250+0000] {local_task_job.py:164} INFO - Task exited with return code 0
[2025-04-03T11:12:44.263+0000] {local_task_job.py:273} INFO - 1 downstream tasks scheduled from follow-on schedule check
