[2025-04-07T01:03:07.891+0000] {taskinstance.py:1165} INFO - Dependencies all met for <TaskInstance: parallel_dag.exract_b scheduled__2025-04-06T00:00:00+00:00 [queued]>
[2025-04-07T01:03:07.923+0000] {taskinstance.py:1165} INFO - Dependencies all met for <TaskInstance: parallel_dag.exract_b scheduled__2025-04-06T00:00:00+00:00 [queued]>
[2025-04-07T01:03:07.924+0000] {taskinstance.py:1362} INFO - 
--------------------------------------------------------------------------------
[2025-04-07T01:03:07.925+0000] {taskinstance.py:1363} INFO - Starting attempt 1 of 1
[2025-04-07T01:03:07.927+0000] {taskinstance.py:1364} INFO - 
--------------------------------------------------------------------------------
[2025-04-07T01:03:07.989+0000] {taskinstance.py:1383} INFO - Executing <Task(BashOperator): exract_b> on 2025-04-06 00:00:00+00:00
[2025-04-07T01:03:08.068+0000] {standard_task_runner.py:55} INFO - Started process 7221 to run task
[2025-04-07T01:03:08.104+0000] {standard_task_runner.py:82} INFO - Running: ['***', 'tasks', 'run', 'parallel_dag', 'exract_b', 'scheduled__2025-04-06T00:00:00+00:00', '--job-id', '148', '--raw', '--subdir', 'DAGS_FOLDER/parallel_dag.py', '--cfg-path', '/tmp/tmpkvk1cdg3']
[2025-04-07T01:03:08.121+0000] {standard_task_runner.py:83} INFO - Job 148: Subtask exract_b
[2025-04-07T01:03:08.778+0000] {task_command.py:376} INFO - Running <TaskInstance: parallel_dag.exract_b scheduled__2025-04-06T00:00:00+00:00 [running]> on host fae2b1eff5d6
[2025-04-07T01:03:09.240+0000] {taskinstance.py:1592} INFO - Exporting the following env vars:
AIRFLOW_CTX_DAG_OWNER=***
AIRFLOW_CTX_DAG_ID=parallel_dag
AIRFLOW_CTX_TASK_ID=exract_b
AIRFLOW_CTX_EXECUTION_DATE=2025-04-06T00:00:00+00:00
AIRFLOW_CTX_TRY_NUMBER=1
AIRFLOW_CTX_DAG_RUN_ID=scheduled__2025-04-06T00:00:00+00:00
[2025-04-07T01:03:09.272+0000] {subprocess.py:63} INFO - Tmp dir root location: 
 /tmp
[2025-04-07T01:03:09.274+0000] {subprocess.py:75} INFO - Running command: ['/bin/bash', '-c', 'sleep 10']
[2025-04-07T01:03:09.344+0000] {subprocess.py:86} INFO - Output:
[2025-04-07T01:03:19.366+0000] {subprocess.py:97} INFO - Command exited with return code 0
[2025-04-07T01:03:19.445+0000] {taskinstance.py:1406} INFO - Marking task as SUCCESS. dag_id=parallel_dag, task_id=exract_b, execution_date=20250406T000000, start_date=20250407T010307, end_date=20250407T010319
[2025-04-07T01:03:19.494+0000] {local_task_job.py:164} INFO - Task exited with return code 0
[2025-04-07T01:03:19.518+0000] {local_task_job.py:273} INFO - 0 downstream tasks scheduled from follow-on schedule check
