[2025-04-03T09:09:56.886+0000] {taskinstance.py:1165} INFO - Dependencies all met for <TaskInstance: user_processing.extract_user manual__2025-04-03T09:09:53.189118+00:00 [queued]>
[2025-04-03T09:09:56.891+0000] {taskinstance.py:1165} INFO - Dependencies all met for <TaskInstance: user_processing.extract_user manual__2025-04-03T09:09:53.189118+00:00 [queued]>
[2025-04-03T09:09:56.891+0000] {taskinstance.py:1362} INFO - 
--------------------------------------------------------------------------------
[2025-04-03T09:09:56.891+0000] {taskinstance.py:1363} INFO - Starting attempt 1 of 1
[2025-04-03T09:09:56.892+0000] {taskinstance.py:1364} INFO - 
--------------------------------------------------------------------------------
[2025-04-03T09:09:56.897+0000] {taskinstance.py:1383} INFO - Executing <Task(SimpleHttpOperator): extract_user> on 2025-04-03 09:09:53.189118+00:00
[2025-04-03T09:09:56.901+0000] {standard_task_runner.py:55} INFO - Started process 6049 to run task
[2025-04-03T09:09:56.903+0000] {standard_task_runner.py:82} INFO - Running: ['***', 'tasks', 'run', 'user_processing', 'extract_user', 'manual__2025-04-03T09:09:53.189118+00:00', '--job-id', '23', '--raw', '--subdir', 'DAGS_FOLDER/user_processing.py', '--cfg-path', '/tmp/tmply9b6kjp']
[2025-04-03T09:09:56.904+0000] {standard_task_runner.py:83} INFO - Job 23: Subtask extract_user
[2025-04-03T09:09:56.933+0000] {task_command.py:376} INFO - Running <TaskInstance: user_processing.extract_user manual__2025-04-03T09:09:53.189118+00:00 [running]> on host dd456f953b15
[2025-04-03T09:09:56.962+0000] {taskinstance.py:1592} INFO - Exporting the following env vars:
AIRFLOW_CTX_DAG_OWNER=***
AIRFLOW_CTX_DAG_ID=user_processing
AIRFLOW_CTX_TASK_ID=extract_user
AIRFLOW_CTX_EXECUTION_DATE=2025-04-03T09:09:53.189118+00:00
AIRFLOW_CTX_TRY_NUMBER=1
AIRFLOW_CTX_DAG_RUN_ID=manual__2025-04-03T09:09:53.189118+00:00
[2025-04-03T09:09:56.963+0000] {http.py:121} INFO - Calling HTTP method
[2025-04-03T09:09:56.968+0000] {base.py:71} INFO - Using connection ID 'user_api' for task execution.
[2025-04-03T09:09:56.969+0000] {http.py:148} INFO - Sending 'GET' to url: https://randomuser.me/api/
[2025-04-03T09:09:57.522+0000] {http.py:125} INFO - {"results":[{"gender":"male","name":{"title":"Mr","first":"آرمین","last":"حیدری"},"location":{"street":{"number":7992,"name":"موسیوند"},"city":"قم","state":"همدان","country":"Iran","postcode":38671,"coordinates":{"latitude":"20.4996","longitude":"-61.1873"},"timezone":{"offset":"+10:00","description":"Eastern Australia, Guam, Vladivostok"}},"email":"armyn.hydry@example.com","login":{"uuid":"12fcabb5-4b48-4952-81b3-0b3501646afa","username":"sadduck113","password":"america","salt":"qRrGJvkH","md5":"f83b163df27ba2f0c86338eb0063249c","sha1":"ef2a2d4d7d2ef1ddac2784c97e9c91106bcb32c9","sha256":"e6c045bf42fa63a43ad9f8c40ae3a3a405193da1d9cc5504a6e0b3ee9eafb2ba"},"dob":{"date":"1984-08-27T07:10:44.325Z","age":40},"registered":{"date":"2006-09-23T14:58:09.894Z","age":18},"phone":"001-32369697","cell":"0914-994-0601","id":{"name":"","value":null},"picture":{"large":"https://randomuser.me/api/portraits/men/36.jpg","medium":"https://randomuser.me/api/portraits/med/men/36.jpg","thumbnail":"https://randomuser.me/api/portraits/thumb/men/36.jpg"},"nat":"IR"}],"info":{"seed":"599bbb1e80c2ac7b","results":1,"page":1,"version":"1.4"}}
[2025-04-03T09:09:57.564+0000] {taskinstance.py:1406} INFO - Marking task as SUCCESS. dag_id=user_processing, task_id=extract_user, execution_date=20250403T090953, start_date=20250403T090956, end_date=20250403T090957
[2025-04-03T09:09:57.594+0000] {local_task_job.py:164} INFO - Task exited with return code 0
[2025-04-03T09:09:57.616+0000] {local_task_job.py:273} INFO - 1 downstream tasks scheduled from follow-on schedule check
