[2025-04-29T00:03:31.270+0000] {taskinstance.py:1165} INFO - Dependencies all met for <TaskInstance: group_dag.check_files scheduled__2025-04-28T00:00:00+00:00 [queued]>
[2025-04-29T00:03:31.277+0000] {taskinstance.py:1165} INFO - Dependencies all met for <TaskInstance: group_dag.check_files scheduled__2025-04-28T00:00:00+00:00 [queued]>
[2025-04-29T00:03:31.278+0000] {taskinstance.py:1362} INFO - 
--------------------------------------------------------------------------------
[2025-04-29T00:03:31.278+0000] {taskinstance.py:1363} INFO - Starting attempt 1 of 1
[2025-04-29T00:03:31.278+0000] {taskinstance.py:1364} INFO - 
--------------------------------------------------------------------------------
[2025-04-29T00:03:31.288+0000] {taskinstance.py:1383} INFO - Executing <Task(BashOperator): check_files> on 2025-04-28 00:00:00+00:00
[2025-04-29T00:03:31.295+0000] {standard_task_runner.py:55} INFO - Started process 4377 to run task
[2025-04-29T00:03:31.299+0000] {standard_task_runner.py:82} INFO - Running: ['***', 'tasks', 'run', 'group_dag', 'check_files', 'scheduled__2025-04-28T00:00:00+00:00', '--job-id', '290', '--raw', '--subdir', 'DAGS_FOLDER/group_dag.py', '--cfg-path', '/tmp/tmp___5lbaz']
[2025-04-29T00:03:31.301+0000] {standard_task_runner.py:83} INFO - Job 290: Subtask check_files
[2025-04-29T00:03:31.347+0000] {task_command.py:376} INFO - Running <TaskInstance: group_dag.check_files scheduled__2025-04-28T00:00:00+00:00 [running]> on host fae2b1eff5d6
[2025-04-29T00:03:31.413+0000] {taskinstance.py:1592} INFO - Exporting the following env vars:
AIRFLOW_CTX_DAG_OWNER=***
AIRFLOW_CTX_DAG_ID=group_dag
AIRFLOW_CTX_TASK_ID=check_files
AIRFLOW_CTX_EXECUTION_DATE=2025-04-28T00:00:00+00:00
AIRFLOW_CTX_TRY_NUMBER=1
AIRFLOW_CTX_DAG_RUN_ID=scheduled__2025-04-28T00:00:00+00:00
[2025-04-29T00:03:31.415+0000] {subprocess.py:63} INFO - Tmp dir root location: 
 /tmp
[2025-04-29T00:03:31.415+0000] {subprocess.py:75} INFO - Running command: ['/bin/bash', '-c', 'sleep 10']
[2025-04-29T00:03:31.429+0000] {subprocess.py:86} INFO - Output:
[2025-04-29T01:14:00.614+0000] {subprocess.py:97} INFO - Command exited with return code 0
[2025-04-29T01:14:00.697+0000] {taskinstance.py:1406} INFO - Marking task as SUCCESS. dag_id=group_dag, task_id=check_files, execution_date=20250428T000000, start_date=20250429T000331, end_date=20250429T011400
[2025-04-29T01:14:00.789+0000] {local_task_job.py:164} INFO - Task exited with return code 0
[2025-04-29T01:14:00.863+0000] {local_task_job.py:273} INFO - 3 downstream tasks scheduled from follow-on schedule check
