[2025-04-29T01:14:01.252+0000] {taskinstance.py:1165} INFO - Dependencies all met for <TaskInstance: parallel_dag.transform scheduled__2025-04-28T00:00:00+00:00 [queued]>
[2025-04-29T01:14:01.279+0000] {taskinstance.py:1165} INFO - Dependencies all met for <TaskInstance: parallel_dag.transform scheduled__2025-04-28T00:00:00+00:00 [queued]>
[2025-04-29T01:14:01.280+0000] {taskinstance.py:1362} INFO - 
--------------------------------------------------------------------------------
[2025-04-29T01:14:01.280+0000] {taskinstance.py:1363} INFO - Starting attempt 1 of 1
[2025-04-29T01:14:01.282+0000] {taskinstance.py:1364} INFO - 
--------------------------------------------------------------------------------
[2025-04-29T01:14:01.301+0000] {taskinstance.py:1383} INFO - Executing <Task(BashOperator): transform> on 2025-04-28 00:00:00+00:00
[2025-04-29T01:14:01.311+0000] {standard_task_runner.py:55} INFO - Started process 4384 to run task
[2025-04-29T01:14:01.317+0000] {standard_task_runner.py:82} INFO - Running: ['***', 'tasks', 'run', 'parallel_dag', 'transform', 'scheduled__2025-04-28T00:00:00+00:00', '--job-id', '291', '--raw', '--subdir', 'DAGS_FOLDER/parallel_dag.py', '--cfg-path', '/tmp/tmpgdoc8e1c']
[2025-04-29T01:14:01.330+0000] {standard_task_runner.py:83} INFO - Job 291: Subtask transform
[2025-04-29T01:14:01.498+0000] {task_command.py:376} INFO - Running <TaskInstance: parallel_dag.transform scheduled__2025-04-28T00:00:00+00:00 [running]> on host fae2b1eff5d6
[2025-04-29T01:14:01.655+0000] {taskinstance.py:1592} INFO - Exporting the following env vars:
AIRFLOW_CTX_DAG_OWNER=***
AIRFLOW_CTX_DAG_ID=parallel_dag
AIRFLOW_CTX_TASK_ID=transform
AIRFLOW_CTX_EXECUTION_DATE=2025-04-28T00:00:00+00:00
AIRFLOW_CTX_TRY_NUMBER=1
AIRFLOW_CTX_DAG_RUN_ID=scheduled__2025-04-28T00:00:00+00:00
[2025-04-29T01:14:01.659+0000] {subprocess.py:63} INFO - Tmp dir root location: 
 /tmp
[2025-04-29T01:14:01.660+0000] {subprocess.py:75} INFO - Running command: ['/bin/bash', '-c', 'sleep 10']
[2025-04-29T01:14:01.690+0000] {subprocess.py:86} INFO - Output:
[2025-04-29T01:14:11.704+0000] {subprocess.py:97} INFO - Command exited with return code 0
[2025-04-29T01:14:11.782+0000] {taskinstance.py:1406} INFO - Marking task as SUCCESS. dag_id=parallel_dag, task_id=transform, execution_date=20250428T000000, start_date=20250429T011401, end_date=20250429T011411
[2025-04-29T01:14:11.850+0000] {local_task_job.py:164} INFO - Task exited with return code 0
[2025-04-29T01:14:11.873+0000] {local_task_job.py:273} INFO - 0 downstream tasks scheduled from follow-on schedule check
