[2025-04-08T00:47:25.617+0000] {taskinstance.py:1165} INFO - Dependencies all met for <TaskInstance: group_dag.transforms.transform_c scheduled__2025-04-07T00:00:00+00:00 [queued]>
[2025-04-08T00:47:25.642+0000] {taskinstance.py:1165} INFO - Dependencies all met for <TaskInstance: group_dag.transforms.transform_c scheduled__2025-04-07T00:00:00+00:00 [queued]>
[2025-04-08T00:47:25.643+0000] {taskinstance.py:1362} INFO - 
--------------------------------------------------------------------------------
[2025-04-08T00:47:25.644+0000] {taskinstance.py:1363} INFO - Starting attempt 1 of 1
[2025-04-08T00:47:25.644+0000] {taskinstance.py:1364} INFO - 
--------------------------------------------------------------------------------
[2025-04-08T00:47:25.657+0000] {taskinstance.py:1383} INFO - Executing <Task(BashOperator): transforms.transform_c> on 2025-04-07 00:00:00+00:00
[2025-04-08T00:47:25.665+0000] {standard_task_runner.py:55} INFO - Started process 2977 to run task
[2025-04-08T00:47:25.669+0000] {standard_task_runner.py:82} INFO - Running: ['***', 'tasks', 'run', 'group_dag', 'transforms.transform_c', 'scheduled__2025-04-07T00:00:00+00:00', '--job-id', '225', '--raw', '--subdir', 'DAGS_FOLDER/group_dag.py', '--cfg-path', '/tmp/tmpnz_9olxg']
[2025-04-08T00:47:25.671+0000] {standard_task_runner.py:83} INFO - Job 225: Subtask transforms.transform_c
[2025-04-08T00:47:25.769+0000] {task_command.py:376} INFO - Running <TaskInstance: group_dag.transforms.transform_c scheduled__2025-04-07T00:00:00+00:00 [running]> on host fae2b1eff5d6
[2025-04-08T00:47:25.862+0000] {taskinstance.py:1592} INFO - Exporting the following env vars:
AIRFLOW_CTX_DAG_OWNER=***
AIRFLOW_CTX_DAG_ID=group_dag
AIRFLOW_CTX_TASK_ID=transforms.transform_c
AIRFLOW_CTX_EXECUTION_DATE=2025-04-07T00:00:00+00:00
AIRFLOW_CTX_TRY_NUMBER=1
AIRFLOW_CTX_DAG_RUN_ID=scheduled__2025-04-07T00:00:00+00:00
[2025-04-08T00:47:25.867+0000] {subprocess.py:63} INFO - Tmp dir root location: 
 /tmp
[2025-04-08T00:47:25.881+0000] {subprocess.py:75} INFO - Running command: ['/bin/bash', '-c', 'sleep 10']
[2025-04-08T00:47:25.894+0000] {subprocess.py:86} INFO - Output:
[2025-04-08T01:48:08.325+0000] {subprocess.py:97} INFO - Command exited with return code 0
[2025-04-08T01:48:08.403+0000] {taskinstance.py:1406} INFO - Marking task as SUCCESS. dag_id=group_dag, task_id=transforms.transform_c, execution_date=20250407T000000, start_date=20250408T004725, end_date=20250408T014808
[2025-04-08T01:48:08.456+0000] {local_task_job.py:164} INFO - Task exited with return code 0
[2025-04-08T01:48:08.536+0000] {local_task_job.py:273} INFO - 0 downstream tasks scheduled from follow-on schedule check
