[2025-04-05T21:02:03.937+0000] {taskinstance.py:1165} INFO - Dependencies all met for <TaskInstance: xcom_dag.t2 manual__2025-04-05T21:02:01.987024+00:00 [queued]>
[2025-04-05T21:02:03.942+0000] {taskinstance.py:1165} INFO - Dependencies all met for <TaskInstance: xcom_dag.t2 manual__2025-04-05T21:02:01.987024+00:00 [queued]>
[2025-04-05T21:02:03.942+0000] {taskinstance.py:1362} INFO - 
--------------------------------------------------------------------------------
[2025-04-05T21:02:03.942+0000] {taskinstance.py:1363} INFO - Starting attempt 1 of 1
[2025-04-05T21:02:03.942+0000] {taskinstance.py:1364} INFO - 
--------------------------------------------------------------------------------
[2025-04-05T21:02:03.949+0000] {taskinstance.py:1383} INFO - Executing <Task(PythonOperator): t2> on 2025-04-05 21:02:01.987024+00:00
[2025-04-05T21:02:03.952+0000] {standard_task_runner.py:55} INFO - Started process 743 to run task
[2025-04-05T21:02:03.954+0000] {standard_task_runner.py:82} INFO - Running: ['***', 'tasks', 'run', 'xcom_dag', 't2', 'manual__2025-04-05T21:02:01.987024+00:00', '--job-id', '96', '--raw', '--subdir', 'DAGS_FOLDER/xcom_dag.py', '--cfg-path', '/tmp/tmpro3ebp13']
[2025-04-05T21:02:03.955+0000] {standard_task_runner.py:83} INFO - Job 96: Subtask t2
[2025-04-05T21:02:03.981+0000] {task_command.py:376} INFO - Running <TaskInstance: xcom_dag.t2 manual__2025-04-05T21:02:01.987024+00:00 [running]> on host 8545ef973b24
[2025-04-05T21:02:04.011+0000] {taskinstance.py:1592} INFO - Exporting the following env vars:
AIRFLOW_CTX_DAG_OWNER=***
AIRFLOW_CTX_DAG_ID=xcom_dag
AIRFLOW_CTX_TASK_ID=t2
AIRFLOW_CTX_EXECUTION_DATE=2025-04-05T21:02:01.987024+00:00
AIRFLOW_CTX_TRY_NUMBER=1
AIRFLOW_CTX_DAG_RUN_ID=manual__2025-04-05T21:02:01.987024+00:00
[2025-04-05T21:02:04.017+0000] {logging_mixin.py:120} INFO - 42
[2025-04-05T21:02:04.017+0000] {python.py:177} INFO - Done. Returned value was: None
[2025-04-05T21:02:04.021+0000] {taskinstance.py:1406} INFO - Marking task as SUCCESS. dag_id=xcom_dag, task_id=t2, execution_date=20250405T210201, start_date=20250405T210203, end_date=20250405T210204
[2025-04-05T21:02:04.053+0000] {local_task_job.py:164} INFO - Task exited with return code 0
[2025-04-05T21:02:04.068+0000] {local_task_job.py:273} INFO - 1 downstream tasks scheduled from follow-on schedule check
