[2025-04-07T08:23:22.091+0000] {taskinstance.py:1165} INFO - Dependencies all met for <TaskInstance: docker_dag.t1 manual__2025-04-07T08:23:20.846881+00:00 [queued]>
[2025-04-07T08:23:22.095+0000] {taskinstance.py:1165} INFO - Dependencies all met for <TaskInstance: docker_dag.t1 manual__2025-04-07T08:23:20.846881+00:00 [queued]>
[2025-04-07T08:23:22.095+0000] {taskinstance.py:1362} INFO - 
--------------------------------------------------------------------------------
[2025-04-07T08:23:22.096+0000] {taskinstance.py:1363} INFO - Starting attempt 1 of 1
[2025-04-07T08:23:22.096+0000] {taskinstance.py:1364} INFO - 
--------------------------------------------------------------------------------
[2025-04-07T08:23:22.103+0000] {taskinstance.py:1383} INFO - Executing <Task(_PythonDecoratedOperator): t1> on 2025-04-07 08:23:20.846881+00:00
[2025-04-07T08:23:22.108+0000] {standard_task_runner.py:55} INFO - Started process 11211 to run task
[2025-04-07T08:23:22.113+0000] {standard_task_runner.py:82} INFO - Running: ['***', 'tasks', 'run', 'docker_dag', 't1', 'manual__2025-04-07T08:23:20.846881+00:00', '--job-id', '154', '--raw', '--subdir', 'DAGS_FOLDER/docker_dag.py', '--cfg-path', '/tmp/tmps21yydqy']
[2025-04-07T08:23:22.114+0000] {standard_task_runner.py:83} INFO - Job 154: Subtask t1
[2025-04-07T08:23:22.145+0000] {task_command.py:376} INFO - Running <TaskInstance: docker_dag.t1 manual__2025-04-07T08:23:20.846881+00:00 [running]> on host fae2b1eff5d6
[2025-04-07T08:23:22.177+0000] {taskinstance.py:1592} INFO - Exporting the following env vars:
AIRFLOW_CTX_DAG_OWNER=***
AIRFLOW_CTX_DAG_ID=docker_dag
AIRFLOW_CTX_TASK_ID=t1
AIRFLOW_CTX_EXECUTION_DATE=2025-04-07T08:23:20.846881+00:00
AIRFLOW_CTX_TRY_NUMBER=1
AIRFLOW_CTX_DAG_RUN_ID=manual__2025-04-07T08:23:20.846881+00:00
[2025-04-07T08:23:22.179+0000] {python.py:177} INFO - Done. Returned value was: None
[2025-04-07T08:23:22.185+0000] {taskinstance.py:1406} INFO - Marking task as SUCCESS. dag_id=docker_dag, task_id=t1, execution_date=20250407T082320, start_date=20250407T082322, end_date=20250407T082322
[2025-04-07T08:23:22.212+0000] {local_task_job.py:164} INFO - Task exited with return code 0
[2025-04-07T08:23:22.224+0000] {local_task_job.py:273} INFO - 1 downstream tasks scheduled from follow-on schedule check
