[2025-04-06T00:00:08.780+0000] {taskinstance.py:1165} INFO - Dependencies all met for <TaskInstance: user_processing.process_user scheduled__2025-04-05T00:00:00+00:00 [queued]>
[2025-04-06T00:00:08.784+0000] {taskinstance.py:1165} INFO - Dependencies all met for <TaskInstance: user_processing.process_user scheduled__2025-04-05T00:00:00+00:00 [queued]>
[2025-04-06T00:00:08.785+0000] {taskinstance.py:1362} INFO - 
--------------------------------------------------------------------------------
[2025-04-06T00:00:08.785+0000] {taskinstance.py:1363} INFO - Starting attempt 1 of 1
[2025-04-06T00:00:08.785+0000] {taskinstance.py:1364} INFO - 
--------------------------------------------------------------------------------
[2025-04-06T00:00:08.790+0000] {taskinstance.py:1383} INFO - Executing <Task(PythonOperator): process_user> on 2025-04-05 00:00:00+00:00
[2025-04-06T00:00:08.795+0000] {standard_task_runner.py:55} INFO - Started process 2721 to run task
[2025-04-06T00:00:08.799+0000] {standard_task_runner.py:82} INFO - Running: ['***', 'tasks', 'run', 'user_processing', 'process_user', 'scheduled__2025-04-05T00:00:00+00:00', '--job-id', '114', '--raw', '--subdir', 'DAGS_FOLDER/user_processing.py', '--cfg-path', '/tmp/tmp5tw2qp5v']
[2025-04-06T00:00:08.803+0000] {standard_task_runner.py:83} INFO - Job 114: Subtask process_user
[2025-04-06T00:00:08.839+0000] {task_command.py:376} INFO - Running <TaskInstance: user_processing.process_user scheduled__2025-04-05T00:00:00+00:00 [running]> on host 1dadd347fcc8
[2025-04-06T00:00:08.867+0000] {taskinstance.py:1592} INFO - Exporting the following env vars:
AIRFLOW_CTX_DAG_OWNER=***
AIRFLOW_CTX_DAG_ID=user_processing
AIRFLOW_CTX_TASK_ID=process_user
AIRFLOW_CTX_EXECUTION_DATE=2025-04-05T00:00:00+00:00
AIRFLOW_CTX_TRY_NUMBER=1
AIRFLOW_CTX_DAG_RUN_ID=scheduled__2025-04-05T00:00:00+00:00
[2025-04-06T00:00:08.881+0000] {python.py:177} INFO - Done. Returned value was: None
[2025-04-06T00:00:08.884+0000] {taskinstance.py:1406} INFO - Marking task as SUCCESS. dag_id=user_processing, task_id=process_user, execution_date=20250405T000000, start_date=20250406T000008, end_date=20250406T000008
[2025-04-06T00:00:08.900+0000] {local_task_job.py:164} INFO - Task exited with return code 0
[2025-04-06T00:00:08.924+0000] {local_task_job.py:273} INFO - 1 downstream tasks scheduled from follow-on schedule check
