[2025-04-28T10:36:06.800+0000] {taskinstance.py:1165} INFO - Dependencies all met for <TaskInstance: group_dag.transforms.transform_a scheduled__2025-04-08T00:00:00+00:00 [queued]>
[2025-04-28T10:36:06.810+0000] {taskinstance.py:1165} INFO - Dependencies all met for <TaskInstance: group_dag.transforms.transform_a scheduled__2025-04-08T00:00:00+00:00 [queued]>
[2025-04-28T10:36:06.810+0000] {taskinstance.py:1362} INFO - 
--------------------------------------------------------------------------------
[2025-04-28T10:36:06.811+0000] {taskinstance.py:1363} INFO - Starting attempt 1 of 1
[2025-04-28T10:36:06.811+0000] {taskinstance.py:1364} INFO - 
--------------------------------------------------------------------------------
[2025-04-28T10:36:06.832+0000] {taskinstance.py:1383} INFO - Executing <Task(BashOperator): transforms.transform_a> on 2025-04-08 00:00:00+00:00
[2025-04-28T10:36:06.860+0000] {standard_task_runner.py:55} INFO - Started process 236 to run task
[2025-04-28T10:36:06.868+0000] {standard_task_runner.py:82} INFO - Running: ['***', 'tasks', 'run', 'group_dag', 'transforms.transform_a', 'scheduled__2025-04-08T00:00:00+00:00', '--job-id', '268', '--raw', '--subdir', 'DAGS_FOLDER/group_dag.py', '--cfg-path', '/tmp/tmpdzk17i2b']
[2025-04-28T10:36:06.872+0000] {standard_task_runner.py:83} INFO - Job 268: Subtask transforms.transform_a
[2025-04-28T10:36:07.022+0000] {task_command.py:376} INFO - Running <TaskInstance: group_dag.transforms.transform_a scheduled__2025-04-08T00:00:00+00:00 [running]> on host fae2b1eff5d6
[2025-04-28T10:36:07.185+0000] {taskinstance.py:1592} INFO - Exporting the following env vars:
AIRFLOW_CTX_DAG_OWNER=***
AIRFLOW_CTX_DAG_ID=group_dag
AIRFLOW_CTX_TASK_ID=transforms.transform_a
AIRFLOW_CTX_EXECUTION_DATE=2025-04-08T00:00:00+00:00
AIRFLOW_CTX_TRY_NUMBER=1
AIRFLOW_CTX_DAG_RUN_ID=scheduled__2025-04-08T00:00:00+00:00
[2025-04-28T10:36:07.193+0000] {subprocess.py:63} INFO - Tmp dir root location: 
 /tmp
[2025-04-28T10:36:07.197+0000] {subprocess.py:75} INFO - Running command: ['/bin/bash', '-c', 'sleep 10']
[2025-04-28T10:36:07.226+0000] {subprocess.py:86} INFO - Output:
[2025-04-28T10:36:17.232+0000] {subprocess.py:97} INFO - Command exited with return code 0
[2025-04-28T10:36:17.296+0000] {taskinstance.py:1406} INFO - Marking task as SUCCESS. dag_id=group_dag, task_id=transforms.transform_a, execution_date=20250408T000000, start_date=20250428T103606, end_date=20250428T103617
[2025-04-28T10:36:17.342+0000] {local_task_job.py:164} INFO - Task exited with return code 0
[2025-04-28T10:36:17.390+0000] {local_task_job.py:273} INFO - 0 downstream tasks scheduled from follow-on schedule check
