[2025-04-07T01:03:22.817+0000] {taskinstance.py:1165} INFO - Dependencies all met for <TaskInstance: group_dag.transforms.transform_b scheduled__2025-04-06T00:00:00+00:00 [queued]>
[2025-04-07T01:03:22.834+0000] {taskinstance.py:1165} INFO - Dependencies all met for <TaskInstance: group_dag.transforms.transform_b scheduled__2025-04-06T00:00:00+00:00 [queued]>
[2025-04-07T01:03:22.834+0000] {taskinstance.py:1362} INFO - 
--------------------------------------------------------------------------------
[2025-04-07T01:03:22.834+0000] {taskinstance.py:1363} INFO - Starting attempt 1 of 1
[2025-04-07T01:03:22.835+0000] {taskinstance.py:1364} INFO - 
--------------------------------------------------------------------------------
[2025-04-07T01:03:22.860+0000] {taskinstance.py:1383} INFO - Executing <Task(BashOperator): transforms.transform_b> on 2025-04-06 00:00:00+00:00
[2025-04-07T01:03:22.878+0000] {standard_task_runner.py:55} INFO - Started process 7249 to run task
[2025-04-07T01:03:22.891+0000] {standard_task_runner.py:82} INFO - Running: ['***', 'tasks', 'run', 'group_dag', 'transforms.transform_b', 'scheduled__2025-04-06T00:00:00+00:00', '--job-id', '151', '--raw', '--subdir', 'DAGS_FOLDER/group_dag.py', '--cfg-path', '/tmp/tmppq_gzqq8']
[2025-04-07T01:03:22.898+0000] {standard_task_runner.py:83} INFO - Job 151: Subtask transforms.transform_b
[2025-04-07T01:03:23.010+0000] {task_command.py:376} INFO - Running <TaskInstance: group_dag.transforms.transform_b scheduled__2025-04-06T00:00:00+00:00 [running]> on host fae2b1eff5d6
[2025-04-07T01:03:23.113+0000] {taskinstance.py:1592} INFO - Exporting the following env vars:
AIRFLOW_CTX_DAG_OWNER=***
AIRFLOW_CTX_DAG_ID=group_dag
AIRFLOW_CTX_TASK_ID=transforms.transform_b
AIRFLOW_CTX_EXECUTION_DATE=2025-04-06T00:00:00+00:00
AIRFLOW_CTX_TRY_NUMBER=1
AIRFLOW_CTX_DAG_RUN_ID=scheduled__2025-04-06T00:00:00+00:00
[2025-04-07T01:03:23.115+0000] {subprocess.py:63} INFO - Tmp dir root location: 
 /tmp
[2025-04-07T01:03:23.117+0000] {subprocess.py:75} INFO - Running command: ['/bin/bash', '-c', 'sleep 10']
[2025-04-07T01:03:23.140+0000] {subprocess.py:86} INFO - Output:
[2025-04-07T02:03:59.484+0000] {subprocess.py:97} INFO - Command exited with return code 0
[2025-04-07T02:04:00.154+0000] {taskinstance.py:1406} INFO - Marking task as SUCCESS. dag_id=group_dag, task_id=transforms.transform_b, execution_date=20250406T000000, start_date=20250407T010322, end_date=20250407T020400
[2025-04-07T02:04:00.532+0000] {local_task_job.py:164} INFO - Task exited with return code 0
[2025-04-07T02:04:00.742+0000] {local_task_job.py:273} INFO - 0 downstream tasks scheduled from follow-on schedule check
