[2025-04-08T00:47:02.627+0000] {taskinstance.py:1165} INFO - Dependencies all met for <TaskInstance: group_dag.downloads.download_c scheduled__2025-04-07T00:00:00+00:00 [queued]>
[2025-04-08T00:47:02.715+0000] {taskinstance.py:1165} INFO - Dependencies all met for <TaskInstance: group_dag.downloads.download_c scheduled__2025-04-07T00:00:00+00:00 [queued]>
[2025-04-08T00:47:02.716+0000] {taskinstance.py:1362} INFO - 
--------------------------------------------------------------------------------
[2025-04-08T00:47:02.719+0000] {taskinstance.py:1363} INFO - Starting attempt 1 of 1
[2025-04-08T00:47:02.724+0000] {taskinstance.py:1364} INFO - 
--------------------------------------------------------------------------------
[2025-04-08T00:47:02.818+0000] {taskinstance.py:1383} INFO - Executing <Task(BashOperator): downloads.download_c> on 2025-04-07 00:00:00+00:00
[2025-04-08T00:47:02.830+0000] {standard_task_runner.py:55} INFO - Started process 2912 to run task
[2025-04-08T00:47:02.851+0000] {standard_task_runner.py:82} INFO - Running: ['***', 'tasks', 'run', 'group_dag', 'downloads.download_c', 'scheduled__2025-04-07T00:00:00+00:00', '--job-id', '206', '--raw', '--subdir', 'DAGS_FOLDER/group_dag.py', '--cfg-path', '/tmp/tmp1fsd756b']
[2025-04-08T00:47:02.870+0000] {standard_task_runner.py:83} INFO - Job 206: Subtask downloads.download_c
[2025-04-08T00:47:03.070+0000] {task_command.py:376} INFO - Running <TaskInstance: group_dag.downloads.download_c scheduled__2025-04-07T00:00:00+00:00 [running]> on host fae2b1eff5d6
[2025-04-08T00:47:03.230+0000] {taskinstance.py:1592} INFO - Exporting the following env vars:
AIRFLOW_CTX_DAG_OWNER=***
AIRFLOW_CTX_DAG_ID=group_dag
AIRFLOW_CTX_TASK_ID=downloads.download_c
AIRFLOW_CTX_EXECUTION_DATE=2025-04-07T00:00:00+00:00
AIRFLOW_CTX_TRY_NUMBER=1
AIRFLOW_CTX_DAG_RUN_ID=scheduled__2025-04-07T00:00:00+00:00
[2025-04-08T00:47:03.239+0000] {subprocess.py:63} INFO - Tmp dir root location: 
 /tmp
[2025-04-08T00:47:03.244+0000] {subprocess.py:75} INFO - Running command: ['/bin/bash', '-c', 'sleep 10']
[2025-04-08T00:47:03.264+0000] {subprocess.py:86} INFO - Output:
[2025-04-08T00:47:13.269+0000] {subprocess.py:97} INFO - Command exited with return code 0
[2025-04-08T00:47:13.296+0000] {taskinstance.py:1406} INFO - Marking task as SUCCESS. dag_id=group_dag, task_id=downloads.download_c, execution_date=20250407T000000, start_date=20250408T004702, end_date=20250408T004713
[2025-04-08T00:47:13.350+0000] {local_task_job.py:164} INFO - Task exited with return code 0
[2025-04-08T00:47:13.378+0000] {local_task_job.py:273} INFO - 0 downstream tasks scheduled from follow-on schedule check
