[2025-04-06T00:00:02.869+0000] {taskinstance.py:1165} INFO - Dependencies all met for <TaskInstance: parallel_dag.extract_b scheduled__2025-04-05T00:00:00+00:00 [queued]>
[2025-04-06T00:00:02.894+0000] {taskinstance.py:1165} INFO - Dependencies all met for <TaskInstance: parallel_dag.extract_b scheduled__2025-04-05T00:00:00+00:00 [queued]>
[2025-04-06T00:00:02.899+0000] {taskinstance.py:1362} INFO - 
--------------------------------------------------------------------------------
[2025-04-06T00:00:02.901+0000] {taskinstance.py:1363} INFO - Starting attempt 1 of 1
[2025-04-06T00:00:02.903+0000] {taskinstance.py:1364} INFO - 
--------------------------------------------------------------------------------
[2025-04-06T00:00:02.934+0000] {taskinstance.py:1383} INFO - Executing <Task(BashOperator): extract_b> on 2025-04-05 00:00:00+00:00
[2025-04-06T00:00:02.942+0000] {standard_task_runner.py:55} INFO - Started process 2686 to run task
[2025-04-06T00:00:02.958+0000] {standard_task_runner.py:82} INFO - Running: ['***', 'tasks', 'run', 'parallel_dag', 'extract_b', 'scheduled__2025-04-05T00:00:00+00:00', '--job-id', '106', '--raw', '--subdir', 'DAGS_FOLDER/parallel_dag.py', '--cfg-path', '/tmp/tmpw9k5al21']
[2025-04-06T00:00:02.963+0000] {standard_task_runner.py:83} INFO - Job 106: Subtask extract_b
[2025-04-06T00:00:03.220+0000] {task_command.py:376} INFO - Running <TaskInstance: parallel_dag.extract_b scheduled__2025-04-05T00:00:00+00:00 [running]> on host 1dadd347fcc8
[2025-04-06T00:00:03.572+0000] {taskinstance.py:1592} INFO - Exporting the following env vars:
AIRFLOW_CTX_DAG_OWNER=***
AIRFLOW_CTX_DAG_ID=parallel_dag
AIRFLOW_CTX_TASK_ID=extract_b
AIRFLOW_CTX_EXECUTION_DATE=2025-04-05T00:00:00+00:00
AIRFLOW_CTX_TRY_NUMBER=1
AIRFLOW_CTX_DAG_RUN_ID=scheduled__2025-04-05T00:00:00+00:00
[2025-04-06T00:00:03.577+0000] {subprocess.py:63} INFO - Tmp dir root location: 
 /tmp
[2025-04-06T00:00:03.579+0000] {subprocess.py:75} INFO - Running command: ['/bin/bash', '-c', 'sleep 10']
[2025-04-06T00:00:03.606+0000] {subprocess.py:86} INFO - Output:
[2025-04-06T00:00:13.653+0000] {subprocess.py:97} INFO - Command exited with return code 0
[2025-04-06T00:00:13.734+0000] {taskinstance.py:1406} INFO - Marking task as SUCCESS. dag_id=parallel_dag, task_id=extract_b, execution_date=20250405T000000, start_date=20250406T000002, end_date=20250406T000013
[2025-04-06T00:00:13.766+0000] {local_task_job.py:164} INFO - Task exited with return code 0
[2025-04-06T00:00:13.791+0000] {local_task_job.py:273} INFO - 1 downstream tasks scheduled from follow-on schedule check
