[2025-04-05T20:49:50.569+0000] {taskinstance.py:1165} INFO - Dependencies all met for <TaskInstance: consumer.read_dataset dataset_triggered__2025-04-05T20:49:49.627564+00:00 [queued]>
[2025-04-05T20:49:50.576+0000] {taskinstance.py:1165} INFO - Dependencies all met for <TaskInstance: consumer.read_dataset dataset_triggered__2025-04-05T20:49:49.627564+00:00 [queued]>
[2025-04-05T20:49:50.576+0000] {taskinstance.py:1362} INFO - 
--------------------------------------------------------------------------------
[2025-04-05T20:49:50.576+0000] {taskinstance.py:1363} INFO - Starting attempt 1 of 1
[2025-04-05T20:49:50.576+0000] {taskinstance.py:1364} INFO - 
--------------------------------------------------------------------------------
[2025-04-05T20:49:50.585+0000] {taskinstance.py:1383} INFO - Executing <Task(_PythonDecoratedOperator): read_dataset> on 2025-04-05 20:49:49.627564+00:00
[2025-04-05T20:49:50.589+0000] {standard_task_runner.py:55} INFO - Started process 117 to run task
[2025-04-05T20:49:50.592+0000] {standard_task_runner.py:82} INFO - Running: ['***', 'tasks', 'run', 'consumer', 'read_dataset', 'dataset_triggered__2025-04-05T20:49:49.627564+00:00', '--job-id', '81', '--raw', '--subdir', 'DAGS_FOLDER/consumer.py', '--cfg-path', '/tmp/tmpv3x4ivaw']
[2025-04-05T20:49:50.593+0000] {standard_task_runner.py:83} INFO - Job 81: Subtask read_dataset
[2025-04-05T20:49:50.701+0000] {task_command.py:376} INFO - Running <TaskInstance: consumer.read_dataset dataset_triggered__2025-04-05T20:49:49.627564+00:00 [running]> on host 8545ef973b24
[2025-04-05T20:49:50.764+0000] {taskinstance.py:1592} INFO - Exporting the following env vars:
AIRFLOW_CTX_DAG_OWNER=***
AIRFLOW_CTX_DAG_ID=consumer
AIRFLOW_CTX_TASK_ID=read_dataset
AIRFLOW_CTX_EXECUTION_DATE=2025-04-05T20:49:49.627564+00:00
AIRFLOW_CTX_TRY_NUMBER=1
AIRFLOW_CTX_DAG_RUN_ID=dataset_triggered__2025-04-05T20:49:49.627564+00:00
[2025-04-05T20:49:50.765+0000] {logging_mixin.py:120} INFO - producer update
[2025-04-05T20:49:50.766+0000] {python.py:177} INFO - Done. Returned value was: None
[2025-04-05T20:49:50.771+0000] {taskinstance.py:1406} INFO - Marking task as SUCCESS. dag_id=consumer, task_id=read_dataset, execution_date=20250405T204949, start_date=20250405T204950, end_date=20250405T204950
[2025-04-05T20:49:50.814+0000] {local_task_job.py:164} INFO - Task exited with return code 0
[2025-04-05T20:49:50.837+0000] {local_task_job.py:273} INFO - 0 downstream tasks scheduled from follow-on schedule check
