[2025-04-30T00:17:57.759+0000] {taskinstance.py:1165} INFO - Dependencies all met for <TaskInstance: docker_dag.t1 scheduled__2025-04-29T00:00:00+00:00 [queued]>
[2025-04-30T00:17:57.984+0000] {taskinstance.py:1165} INFO - Dependencies all met for <TaskInstance: docker_dag.t1 scheduled__2025-04-29T00:00:00+00:00 [queued]>
[2025-04-30T00:17:57.995+0000] {taskinstance.py:1362} INFO - 
--------------------------------------------------------------------------------
[2025-04-30T00:17:58.002+0000] {taskinstance.py:1363} INFO - Starting attempt 1 of 1
[2025-04-30T00:17:58.008+0000] {taskinstance.py:1364} INFO - 
--------------------------------------------------------------------------------
[2025-04-30T00:17:58.309+0000] {taskinstance.py:1383} INFO - Executing <Task(_PythonDecoratedOperator): t1> on 2025-04-29 00:00:00+00:00
[2025-04-30T00:17:58.783+0000] {standard_task_runner.py:55} INFO - Started process 12893 to run task
[2025-04-30T00:17:58.893+0000] {standard_task_runner.py:82} INFO - Running: ['***', 'tasks', 'run', 'docker_dag', 't1', 'scheduled__2025-04-29T00:00:00+00:00', '--job-id', '298', '--raw', '--subdir', 'DAGS_FOLDER/docker_dag.py', '--cfg-path', '/tmp/tmpsn41_l8s']
[2025-04-30T00:17:58.940+0000] {standard_task_runner.py:83} INFO - Job 298: Subtask t1
[2025-04-30T00:17:59.984+0000] {task_command.py:376} INFO - Running <TaskInstance: docker_dag.t1 scheduled__2025-04-29T00:00:00+00:00 [running]> on host fae2b1eff5d6
[2025-04-30T00:18:00.711+0000] {taskinstance.py:1592} INFO - Exporting the following env vars:
AIRFLOW_CTX_DAG_OWNER=***
AIRFLOW_CTX_DAG_ID=docker_dag
AIRFLOW_CTX_TASK_ID=t1
AIRFLOW_CTX_EXECUTION_DATE=2025-04-29T00:00:00+00:00
AIRFLOW_CTX_TRY_NUMBER=1
AIRFLOW_CTX_DAG_RUN_ID=scheduled__2025-04-29T00:00:00+00:00
[2025-04-30T00:18:00.739+0000] {python.py:177} INFO - Done. Returned value was: None
[2025-04-30T00:18:00.824+0000] {taskinstance.py:1406} INFO - Marking task as SUCCESS. dag_id=docker_dag, task_id=t1, execution_date=20250429T000000, start_date=20250430T001757, end_date=20250430T001800
[2025-04-30T00:18:01.002+0000] {local_task_job.py:164} INFO - Task exited with return code 0
[2025-04-30T00:18:01.339+0000] {local_task_job.py:273} INFO - 1 downstream tasks scheduled from follow-on schedule check
