[2025-04-03T09:09:59.071+0000] {taskinstance.py:1165} INFO - Dependencies all met for <TaskInstance: user_processing.store_user manual__2025-04-03T09:09:53.189118+00:00 [queued]>
[2025-04-03T09:09:59.077+0000] {taskinstance.py:1165} INFO - Dependencies all met for <TaskInstance: user_processing.store_user manual__2025-04-03T09:09:53.189118+00:00 [queued]>
[2025-04-03T09:09:59.078+0000] {taskinstance.py:1362} INFO - 
--------------------------------------------------------------------------------
[2025-04-03T09:09:59.078+0000] {taskinstance.py:1363} INFO - Starting attempt 1 of 1
[2025-04-03T09:09:59.078+0000] {taskinstance.py:1364} INFO - 
--------------------------------------------------------------------------------
[2025-04-03T09:09:59.085+0000] {taskinstance.py:1383} INFO - Executing <Task(PythonOperator): store_user> on 2025-04-03 09:09:53.189118+00:00
[2025-04-03T09:09:59.088+0000] {standard_task_runner.py:55} INFO - Started process 6055 to run task
[2025-04-03T09:09:59.090+0000] {standard_task_runner.py:82} INFO - Running: ['***', 'tasks', 'run', 'user_processing', 'store_user', 'manual__2025-04-03T09:09:53.189118+00:00', '--job-id', '25', '--raw', '--subdir', 'DAGS_FOLDER/user_processing.py', '--cfg-path', '/tmp/tmp61r6lk5g']
[2025-04-03T09:09:59.093+0000] {standard_task_runner.py:83} INFO - Job 25: Subtask store_user
[2025-04-03T09:09:59.156+0000] {task_command.py:376} INFO - Running <TaskInstance: user_processing.store_user manual__2025-04-03T09:09:53.189118+00:00 [running]> on host dd456f953b15
[2025-04-03T09:09:59.192+0000] {taskinstance.py:1592} INFO - Exporting the following env vars:
AIRFLOW_CTX_DAG_OWNER=***
AIRFLOW_CTX_DAG_ID=user_processing
AIRFLOW_CTX_TASK_ID=store_user
AIRFLOW_CTX_EXECUTION_DATE=2025-04-03T09:09:53.189118+00:00
AIRFLOW_CTX_TRY_NUMBER=1
AIRFLOW_CTX_DAG_RUN_ID=manual__2025-04-03T09:09:53.189118+00:00
[2025-04-03T09:09:59.193+0000] {postgres.py:129} INFO - Running copy expert: COPY users FROM STDIN WITH DELIMITER ',' CSV, filename: /tmp/processed_user.csv
[2025-04-03T09:09:59.197+0000] {base.py:71} INFO - Using connection ID 'postgres' for task execution.
[2025-04-03T09:09:59.200+0000] {python.py:177} INFO - Done. Returned value was: None
[2025-04-03T09:09:59.205+0000] {taskinstance.py:1406} INFO - Marking task as SUCCESS. dag_id=user_processing, task_id=store_user, execution_date=20250403T090953, start_date=20250403T090959, end_date=20250403T090959
[2025-04-03T09:09:59.230+0000] {local_task_job.py:164} INFO - Task exited with return code 0
[2025-04-03T09:09:59.241+0000] {local_task_job.py:273} INFO - 0 downstream tasks scheduled from follow-on schedule check
