[2025-04-08T00:47:02.795+0000] {taskinstance.py:1165} INFO - Dependencies all met for <TaskInstance: xcom_dag.t1 scheduled__2025-04-07T00:00:00+00:00 [queued]>
[2025-04-08T00:47:02.809+0000] {taskinstance.py:1165} INFO - Dependencies all met for <TaskInstance: xcom_dag.t1 scheduled__2025-04-07T00:00:00+00:00 [queued]>
[2025-04-08T00:47:02.809+0000] {taskinstance.py:1362} INFO - 
--------------------------------------------------------------------------------
[2025-04-08T00:47:02.810+0000] {taskinstance.py:1363} INFO - Starting attempt 1 of 1
[2025-04-08T00:47:02.812+0000] {taskinstance.py:1364} INFO - 
--------------------------------------------------------------------------------
[2025-04-08T00:47:02.852+0000] {taskinstance.py:1383} INFO - Executing <Task(PythonOperator): t1> on 2025-04-07 00:00:00+00:00
[2025-04-08T00:47:02.875+0000] {standard_task_runner.py:55} INFO - Started process 2917 to run task
[2025-04-08T00:47:02.883+0000] {standard_task_runner.py:82} INFO - Running: ['***', 'tasks', 'run', 'xcom_dag', 't1', 'scheduled__2025-04-07T00:00:00+00:00', '--job-id', '212', '--raw', '--subdir', 'DAGS_FOLDER/xcom_dag.py', '--cfg-path', '/tmp/tmp4l5sxzil']
[2025-04-08T00:47:02.890+0000] {standard_task_runner.py:83} INFO - Job 212: Subtask t1
[2025-04-08T00:47:03.119+0000] {task_command.py:376} INFO - Running <TaskInstance: xcom_dag.t1 scheduled__2025-04-07T00:00:00+00:00 [running]> on host fae2b1eff5d6
[2025-04-08T00:47:03.254+0000] {taskinstance.py:1592} INFO - Exporting the following env vars:
AIRFLOW_CTX_DAG_OWNER=***
AIRFLOW_CTX_DAG_ID=xcom_dag
AIRFLOW_CTX_TASK_ID=t1
AIRFLOW_CTX_EXECUTION_DATE=2025-04-07T00:00:00+00:00
AIRFLOW_CTX_TRY_NUMBER=1
AIRFLOW_CTX_DAG_RUN_ID=scheduled__2025-04-07T00:00:00+00:00
[2025-04-08T00:47:03.282+0000] {python.py:177} INFO - Done. Returned value was: None
[2025-04-08T00:47:03.300+0000] {taskinstance.py:1406} INFO - Marking task as SUCCESS. dag_id=xcom_dag, task_id=t1, execution_date=20250407T000000, start_date=20250408T004702, end_date=20250408T004703
[2025-04-08T00:47:03.366+0000] {local_task_job.py:164} INFO - Task exited with return code 0
[2025-04-08T00:47:03.407+0000] {local_task_job.py:273} INFO - 1 downstream tasks scheduled from follow-on schedule check
