[2025-04-29T00:03:14.094+0000] {taskinstance.py:1165} INFO - Dependencies all met for <TaskInstance: producer.update_dataset_2 scheduled__2025-04-28T00:00:00+00:00 [queued]>
[2025-04-29T00:03:14.263+0000] {taskinstance.py:1165} INFO - Dependencies all met for <TaskInstance: producer.update_dataset_2 scheduled__2025-04-28T00:00:00+00:00 [queued]>
[2025-04-29T00:03:14.265+0000] {taskinstance.py:1362} INFO - 
--------------------------------------------------------------------------------
[2025-04-29T00:03:14.273+0000] {taskinstance.py:1363} INFO - Starting attempt 1 of 1
[2025-04-29T00:03:14.276+0000] {taskinstance.py:1364} INFO - 
--------------------------------------------------------------------------------
[2025-04-29T00:03:14.641+0000] {taskinstance.py:1383} INFO - Executing <Task(_PythonDecoratedOperator): update_dataset_2> on 2025-04-28 00:00:00+00:00
[2025-04-29T00:03:14.836+0000] {standard_task_runner.py:55} INFO - Started process 4333 to run task
[2025-04-29T00:03:14.914+0000] {standard_task_runner.py:82} INFO - Running: ['***', 'tasks', 'run', 'producer', 'update_dataset_2', 'scheduled__2025-04-28T00:00:00+00:00', '--job-id', '278', '--raw', '--subdir', 'DAGS_FOLDER/producer.py', '--cfg-path', '/tmp/tmpgoyfhli_']
[2025-04-29T00:03:14.932+0000] {standard_task_runner.py:83} INFO - Job 278: Subtask update_dataset_2
[2025-04-29T00:03:17.372+0000] {task_command.py:376} INFO - Running <TaskInstance: producer.update_dataset_2 scheduled__2025-04-28T00:00:00+00:00 [running]> on host fae2b1eff5d6
[2025-04-29T00:03:18.416+0000] {taskinstance.py:1592} INFO - Exporting the following env vars:
AIRFLOW_CTX_DAG_OWNER=***
AIRFLOW_CTX_DAG_ID=producer
AIRFLOW_CTX_TASK_ID=update_dataset_2
AIRFLOW_CTX_EXECUTION_DATE=2025-04-28T00:00:00+00:00
AIRFLOW_CTX_TRY_NUMBER=1
AIRFLOW_CTX_DAG_RUN_ID=scheduled__2025-04-28T00:00:00+00:00
[2025-04-29T00:03:18.538+0000] {python.py:177} INFO - Done. Returned value was: None
[2025-04-29T00:03:18.569+0000] {warnings.py:110} WARNING - /home/***/.local/lib/python3.7/site-packages/***/models/baseoperator.py:1390: RemovedInAirflow3Warning: Passing 'execution_date' to 'TaskInstance.xcom_push()' is deprecated.
  context['ti'].xcom_push(key=key, value=value, execution_date=execution_date)

[2025-04-29T00:03:18.720+0000] {taskinstance.py:1406} INFO - Marking task as SUCCESS. dag_id=producer, task_id=update_dataset_2, execution_date=20250428T000000, start_date=20250429T000314, end_date=20250429T000318
[2025-04-29T00:03:19.132+0000] {local_task_job.py:164} INFO - Task exited with return code 0
[2025-04-29T00:03:19.600+0000] {local_task_job.py:273} INFO - 0 downstream tasks scheduled from follow-on schedule check
