[2025-04-29T00:03:15.075+0000] {taskinstance.py:1165} INFO - Dependencies all met for <TaskInstance: xcom_dag.t1 scheduled__2025-04-28T00:00:00+00:00 [queued]>
[2025-04-29T00:03:15.404+0000] {taskinstance.py:1165} INFO - Dependencies all met for <TaskInstance: xcom_dag.t1 scheduled__2025-04-28T00:00:00+00:00 [queued]>
[2025-04-29T00:03:15.413+0000] {taskinstance.py:1362} INFO - 
--------------------------------------------------------------------------------
[2025-04-29T00:03:15.419+0000] {taskinstance.py:1363} INFO - Starting attempt 1 of 1
[2025-04-29T00:03:15.420+0000] {taskinstance.py:1364} INFO - 
--------------------------------------------------------------------------------
[2025-04-29T00:03:16.795+0000] {taskinstance.py:1383} INFO - Executing <Task(PythonOperator): t1> on 2025-04-28 00:00:00+00:00
[2025-04-29T00:03:17.109+0000] {standard_task_runner.py:55} INFO - Started process 4337 to run task
[2025-04-29T00:03:17.203+0000] {standard_task_runner.py:82} INFO - Running: ['***', 'tasks', 'run', 'xcom_dag', 't1', 'scheduled__2025-04-28T00:00:00+00:00', '--job-id', '280', '--raw', '--subdir', 'DAGS_FOLDER/xcom_dag.py', '--cfg-path', '/tmp/tmpf2c52ed1']
[2025-04-29T00:03:17.211+0000] {standard_task_runner.py:83} INFO - Job 280: Subtask t1
[2025-04-29T00:03:18.233+0000] {task_command.py:376} INFO - Running <TaskInstance: xcom_dag.t1 scheduled__2025-04-28T00:00:00+00:00 [running]> on host fae2b1eff5d6
[2025-04-29T00:03:19.024+0000] {taskinstance.py:1592} INFO - Exporting the following env vars:
AIRFLOW_CTX_DAG_OWNER=***
AIRFLOW_CTX_DAG_ID=xcom_dag
AIRFLOW_CTX_TASK_ID=t1
AIRFLOW_CTX_EXECUTION_DATE=2025-04-28T00:00:00+00:00
AIRFLOW_CTX_TRY_NUMBER=1
AIRFLOW_CTX_DAG_RUN_ID=scheduled__2025-04-28T00:00:00+00:00
[2025-04-29T00:03:19.236+0000] {python.py:177} INFO - Done. Returned value was: None
[2025-04-29T00:03:19.317+0000] {taskinstance.py:1406} INFO - Marking task as SUCCESS. dag_id=xcom_dag, task_id=t1, execution_date=20250428T000000, start_date=20250429T000315, end_date=20250429T000319
[2025-04-29T00:03:19.531+0000] {local_task_job.py:164} INFO - Task exited with return code 0
[2025-04-29T00:03:19.853+0000] {local_task_job.py:273} INFO - 1 downstream tasks scheduled from follow-on schedule check
