[2025-04-08T00:47:02.747+0000] {taskinstance.py:1165} INFO - Dependencies all met for <TaskInstance: group_dag.downloads.download_b scheduled__2025-04-07T00:00:00+00:00 [queued]>
[2025-04-08T00:47:02.786+0000] {taskinstance.py:1165} INFO - Dependencies all met for <TaskInstance: group_dag.downloads.download_b scheduled__2025-04-07T00:00:00+00:00 [queued]>
[2025-04-08T00:47:02.786+0000] {taskinstance.py:1362} INFO - 
--------------------------------------------------------------------------------
[2025-04-08T00:47:02.787+0000] {taskinstance.py:1363} INFO - Starting attempt 1 of 1
[2025-04-08T00:47:02.787+0000] {taskinstance.py:1364} INFO - 
--------------------------------------------------------------------------------
[2025-04-08T00:47:02.838+0000] {taskinstance.py:1383} INFO - Executing <Task(BashOperator): downloads.download_b> on 2025-04-07 00:00:00+00:00
[2025-04-08T00:47:02.877+0000] {standard_task_runner.py:55} INFO - Started process 2918 to run task
[2025-04-08T00:47:02.922+0000] {standard_task_runner.py:82} INFO - Running: ['***', 'tasks', 'run', 'group_dag', 'downloads.download_b', 'scheduled__2025-04-07T00:00:00+00:00', '--job-id', '208', '--raw', '--subdir', 'DAGS_FOLDER/group_dag.py', '--cfg-path', '/tmp/tmp_9oj162h']
[2025-04-08T00:47:02.933+0000] {standard_task_runner.py:83} INFO - Job 208: Subtask downloads.download_b
[2025-04-08T00:47:03.146+0000] {task_command.py:376} INFO - Running <TaskInstance: group_dag.downloads.download_b scheduled__2025-04-07T00:00:00+00:00 [running]> on host fae2b1eff5d6
[2025-04-08T00:47:03.297+0000] {taskinstance.py:1592} INFO - Exporting the following env vars:
AIRFLOW_CTX_DAG_OWNER=***
AIRFLOW_CTX_DAG_ID=group_dag
AIRFLOW_CTX_TASK_ID=downloads.download_b
AIRFLOW_CTX_EXECUTION_DATE=2025-04-07T00:00:00+00:00
AIRFLOW_CTX_TRY_NUMBER=1
AIRFLOW_CTX_DAG_RUN_ID=scheduled__2025-04-07T00:00:00+00:00
[2025-04-08T00:47:03.301+0000] {subprocess.py:63} INFO - Tmp dir root location: 
 /tmp
[2025-04-08T00:47:03.303+0000] {subprocess.py:75} INFO - Running command: ['/bin/bash', '-c', 'sleep 10']
[2025-04-08T00:47:03.323+0000] {subprocess.py:86} INFO - Output:
[2025-04-08T00:47:13.329+0000] {subprocess.py:97} INFO - Command exited with return code 0
[2025-04-08T00:47:13.358+0000] {taskinstance.py:1406} INFO - Marking task as SUCCESS. dag_id=group_dag, task_id=downloads.download_b, execution_date=20250407T000000, start_date=20250408T004702, end_date=20250408T004713
[2025-04-08T00:47:13.414+0000] {local_task_job.py:164} INFO - Task exited with return code 0
[2025-04-08T00:47:13.435+0000] {local_task_job.py:273} INFO - 1 downstream tasks scheduled from follow-on schedule check
