[2025-04-05T20:55:24.804+0000] {taskinstance.py:1165} INFO - Dependencies all met for <TaskInstance: xcom_dag.t3 scheduled__2025-04-04T00:00:00+00:00 [queued]>
[2025-04-05T20:55:24.809+0000] {taskinstance.py:1165} INFO - Dependencies all met for <TaskInstance: xcom_dag.t3 scheduled__2025-04-04T00:00:00+00:00 [queued]>
[2025-04-05T20:55:24.809+0000] {taskinstance.py:1362} INFO - 
--------------------------------------------------------------------------------
[2025-04-05T20:55:24.809+0000] {taskinstance.py:1363} INFO - Starting attempt 1 of 1
[2025-04-05T20:55:24.810+0000] {taskinstance.py:1364} INFO - 
--------------------------------------------------------------------------------
[2025-04-05T20:55:24.817+0000] {taskinstance.py:1383} INFO - Executing <Task(BashOperator): t3> on 2025-04-04 00:00:00+00:00
[2025-04-05T20:55:24.820+0000] {standard_task_runner.py:55} INFO - Started process 426 to run task
[2025-04-05T20:55:24.824+0000] {standard_task_runner.py:82} INFO - Running: ['***', 'tasks', 'run', 'xcom_dag', 't3', 'scheduled__2025-04-04T00:00:00+00:00', '--job-id', '94', '--raw', '--subdir', 'DAGS_FOLDER/xcom_dag.py', '--cfg-path', '/tmp/tmpwl2mxrqz']
[2025-04-05T20:55:24.824+0000] {standard_task_runner.py:83} INFO - Job 94: Subtask t3
[2025-04-05T20:55:24.865+0000] {task_command.py:376} INFO - Running <TaskInstance: xcom_dag.t3 scheduled__2025-04-04T00:00:00+00:00 [running]> on host 8545ef973b24
[2025-04-05T20:55:24.903+0000] {taskinstance.py:1592} INFO - Exporting the following env vars:
AIRFLOW_CTX_DAG_OWNER=***
AIRFLOW_CTX_DAG_ID=xcom_dag
AIRFLOW_CTX_TASK_ID=t3
AIRFLOW_CTX_EXECUTION_DATE=2025-04-04T00:00:00+00:00
AIRFLOW_CTX_TRY_NUMBER=1
AIRFLOW_CTX_DAG_RUN_ID=scheduled__2025-04-04T00:00:00+00:00
[2025-04-05T20:55:24.904+0000] {subprocess.py:63} INFO - Tmp dir root location: 
 /tmp
[2025-04-05T20:55:24.905+0000] {subprocess.py:75} INFO - Running command: ['/bin/bash', '-c', "echo ''"]
[2025-04-05T20:55:24.910+0000] {subprocess.py:86} INFO - Output:
[2025-04-05T20:55:24.918+0000] {subprocess.py:93} INFO - 
[2025-04-05T20:55:24.919+0000] {subprocess.py:97} INFO - Command exited with return code 0
[2025-04-05T20:55:24.932+0000] {taskinstance.py:1406} INFO - Marking task as SUCCESS. dag_id=xcom_dag, task_id=t3, execution_date=20250404T000000, start_date=20250405T205524, end_date=20250405T205524
[2025-04-05T20:55:24.962+0000] {local_task_job.py:164} INFO - Task exited with return code 0
[2025-04-05T20:55:24.972+0000] {local_task_job.py:273} INFO - 0 downstream tasks scheduled from follow-on schedule check
