[2025-04-03T11:12:23.104+0000] {taskinstance.py:1165} INFO - Dependencies all met for <TaskInstance: parallel_dag.extract_b scheduled__2025-04-02T00:00:00+00:00 [queued]>
[2025-04-03T11:12:23.110+0000] {taskinstance.py:1165} INFO - Dependencies all met for <TaskInstance: parallel_dag.extract_b scheduled__2025-04-02T00:00:00+00:00 [queued]>
[2025-04-03T11:12:23.110+0000] {taskinstance.py:1362} INFO - 
--------------------------------------------------------------------------------
[2025-04-03T11:12:23.110+0000] {taskinstance.py:1363} INFO - Starting attempt 1 of 1
[2025-04-03T11:12:23.110+0000] {taskinstance.py:1364} INFO - 
--------------------------------------------------------------------------------
[2025-04-03T11:12:23.117+0000] {taskinstance.py:1383} INFO - Executing <Task(BashOperator): extract_b> on 2025-04-02 00:00:00+00:00
[2025-04-03T11:12:23.120+0000] {standard_task_runner.py:55} INFO - Started process 138 to run task
[2025-04-03T11:12:23.122+0000] {standard_task_runner.py:82} INFO - Running: ['***', 'tasks', 'run', 'parallel_dag', 'extract_b', 'scheduled__2025-04-02T00:00:00+00:00', '--job-id', '34', '--raw', '--subdir', 'DAGS_FOLDER/parallel_dag.py', '--cfg-path', '/tmp/tmpxr2r4ijm']
[2025-04-03T11:12:23.123+0000] {standard_task_runner.py:83} INFO - Job 34: Subtask extract_b
[2025-04-03T11:12:23.149+0000] {task_command.py:376} INFO - Running <TaskInstance: parallel_dag.extract_b scheduled__2025-04-02T00:00:00+00:00 [running]> on host 6e2344ebbc40
[2025-04-03T11:12:23.180+0000] {taskinstance.py:1592} INFO - Exporting the following env vars:
AIRFLOW_CTX_DAG_OWNER=***
AIRFLOW_CTX_DAG_ID=parallel_dag
AIRFLOW_CTX_TASK_ID=extract_b
AIRFLOW_CTX_EXECUTION_DATE=2025-04-02T00:00:00+00:00
AIRFLOW_CTX_TRY_NUMBER=1
AIRFLOW_CTX_DAG_RUN_ID=scheduled__2025-04-02T00:00:00+00:00
[2025-04-03T11:12:23.181+0000] {subprocess.py:63} INFO - Tmp dir root location: 
 /tmp
[2025-04-03T11:12:23.182+0000] {subprocess.py:75} INFO - Running command: ['/bin/bash', '-c', 'sleep 10']
[2025-04-03T11:12:23.187+0000] {subprocess.py:86} INFO - Output:
[2025-04-03T11:12:33.197+0000] {subprocess.py:97} INFO - Command exited with return code 0
[2025-04-03T11:12:33.248+0000] {taskinstance.py:1406} INFO - Marking task as SUCCESS. dag_id=parallel_dag, task_id=extract_b, execution_date=20250402T000000, start_date=20250403T111223, end_date=20250403T111233
[2025-04-03T11:12:33.282+0000] {local_task_job.py:164} INFO - Task exited with return code 0
[2025-04-03T11:12:33.298+0000] {local_task_job.py:273} INFO - 1 downstream tasks scheduled from follow-on schedule check
