[2025-04-06T00:00:26.290+0000] {taskinstance.py:1165} INFO - Dependencies all met for <TaskInstance: group_dag.transforms.transform_c scheduled__2025-04-05T00:00:00+00:00 [queued]>
[2025-04-06T00:00:26.299+0000] {taskinstance.py:1165} INFO - Dependencies all met for <TaskInstance: group_dag.transforms.transform_c scheduled__2025-04-05T00:00:00+00:00 [queued]>
[2025-04-06T00:00:26.299+0000] {taskinstance.py:1362} INFO - 
--------------------------------------------------------------------------------
[2025-04-06T00:00:26.299+0000] {taskinstance.py:1363} INFO - Starting attempt 1 of 1
[2025-04-06T00:00:26.299+0000] {taskinstance.py:1364} INFO - 
--------------------------------------------------------------------------------
[2025-04-06T00:00:26.309+0000] {taskinstance.py:1383} INFO - Executing <Task(BashOperator): transforms.transform_c> on 2025-04-05 00:00:00+00:00
[2025-04-06T00:00:26.312+0000] {standard_task_runner.py:55} INFO - Started process 2746 to run task
[2025-04-06T00:00:26.316+0000] {standard_task_runner.py:82} INFO - Running: ['***', 'tasks', 'run', 'group_dag', 'transforms.transform_c', 'scheduled__2025-04-05T00:00:00+00:00', '--job-id', '120', '--raw', '--subdir', 'DAGS_FOLDER/group_dag.py', '--cfg-path', '/tmp/tmp8fm5ulqg']
[2025-04-06T00:00:26.316+0000] {standard_task_runner.py:83} INFO - Job 120: Subtask transforms.transform_c
[2025-04-06T00:00:26.376+0000] {task_command.py:376} INFO - Running <TaskInstance: group_dag.transforms.transform_c scheduled__2025-04-05T00:00:00+00:00 [running]> on host 1dadd347fcc8
[2025-04-06T00:00:26.419+0000] {taskinstance.py:1592} INFO - Exporting the following env vars:
AIRFLOW_CTX_DAG_OWNER=***
AIRFLOW_CTX_DAG_ID=group_dag
AIRFLOW_CTX_TASK_ID=transforms.transform_c
AIRFLOW_CTX_EXECUTION_DATE=2025-04-05T00:00:00+00:00
AIRFLOW_CTX_TRY_NUMBER=1
AIRFLOW_CTX_DAG_RUN_ID=scheduled__2025-04-05T00:00:00+00:00
[2025-04-06T00:00:26.420+0000] {subprocess.py:63} INFO - Tmp dir root location: 
 /tmp
[2025-04-06T00:00:26.421+0000] {subprocess.py:75} INFO - Running command: ['/bin/bash', '-c', 'sleep 10']
[2025-04-06T00:00:26.425+0000] {subprocess.py:86} INFO - Output:
[2025-04-06T00:00:36.448+0000] {subprocess.py:97} INFO - Command exited with return code 0
[2025-04-06T00:00:36.540+0000] {taskinstance.py:1406} INFO - Marking task as SUCCESS. dag_id=group_dag, task_id=transforms.transform_c, execution_date=20250405T000000, start_date=20250406T000026, end_date=20250406T000036
[2025-04-06T00:00:36.573+0000] {local_task_job.py:164} INFO - Task exited with return code 0
[2025-04-06T00:00:36.587+0000] {local_task_job.py:273} INFO - 0 downstream tasks scheduled from follow-on schedule check
