[2025-04-05T20:55:23.654+0000] {taskinstance.py:1165} INFO - Dependencies all met for <TaskInstance: xcom_dag.t2 scheduled__2025-04-04T00:00:00+00:00 [queued]>
[2025-04-05T20:55:23.661+0000] {taskinstance.py:1165} INFO - Dependencies all met for <TaskInstance: xcom_dag.t2 scheduled__2025-04-04T00:00:00+00:00 [queued]>
[2025-04-05T20:55:23.662+0000] {taskinstance.py:1362} INFO - 
--------------------------------------------------------------------------------
[2025-04-05T20:55:23.663+0000] {taskinstance.py:1363} INFO - Starting attempt 1 of 1
[2025-04-05T20:55:23.663+0000] {taskinstance.py:1364} INFO - 
--------------------------------------------------------------------------------
[2025-04-05T20:55:23.672+0000] {taskinstance.py:1383} INFO - Executing <Task(PythonOperator): t2> on 2025-04-04 00:00:00+00:00
[2025-04-05T20:55:23.675+0000] {standard_task_runner.py:55} INFO - Started process 417 to run task
[2025-04-05T20:55:23.678+0000] {standard_task_runner.py:82} INFO - Running: ['***', 'tasks', 'run', 'xcom_dag', 't2', 'scheduled__2025-04-04T00:00:00+00:00', '--job-id', '93', '--raw', '--subdir', 'DAGS_FOLDER/xcom_dag.py', '--cfg-path', '/tmp/tmp0u1ri4b0']
[2025-04-05T20:55:23.679+0000] {standard_task_runner.py:83} INFO - Job 93: Subtask t2
[2025-04-05T20:55:23.713+0000] {task_command.py:376} INFO - Running <TaskInstance: xcom_dag.t2 scheduled__2025-04-04T00:00:00+00:00 [running]> on host 8545ef973b24
[2025-04-05T20:55:23.751+0000] {taskinstance.py:1592} INFO - Exporting the following env vars:
AIRFLOW_CTX_DAG_OWNER=***
AIRFLOW_CTX_DAG_ID=xcom_dag
AIRFLOW_CTX_TASK_ID=t2
AIRFLOW_CTX_EXECUTION_DATE=2025-04-04T00:00:00+00:00
AIRFLOW_CTX_TRY_NUMBER=1
AIRFLOW_CTX_DAG_RUN_ID=scheduled__2025-04-04T00:00:00+00:00
[2025-04-05T20:55:23.751+0000] {python.py:177} INFO - Done. Returned value was: None
[2025-04-05T20:55:23.757+0000] {taskinstance.py:1406} INFO - Marking task as SUCCESS. dag_id=xcom_dag, task_id=t2, execution_date=20250404T000000, start_date=20250405T205523, end_date=20250405T205523
[2025-04-05T20:55:23.776+0000] {local_task_job.py:164} INFO - Task exited with return code 0
[2025-04-05T20:55:23.787+0000] {local_task_job.py:273} INFO - 1 downstream tasks scheduled from follow-on schedule check
