[2025-04-30T00:17:58.440+0000] {taskinstance.py:1165} INFO - Dependencies all met for <TaskInstance: group_dag.downloads.download_a scheduled__2025-04-29T00:00:00+00:00 [queued]>
[2025-04-30T00:17:58.709+0000] {taskinstance.py:1165} INFO - Dependencies all met for <TaskInstance: group_dag.downloads.download_a scheduled__2025-04-29T00:00:00+00:00 [queued]>
[2025-04-30T00:17:58.744+0000] {taskinstance.py:1362} INFO - 
--------------------------------------------------------------------------------
[2025-04-30T00:17:58.750+0000] {taskinstance.py:1363} INFO - Starting attempt 1 of 1
[2025-04-30T00:17:58.753+0000] {taskinstance.py:1364} INFO - 
--------------------------------------------------------------------------------
[2025-04-30T00:17:59.111+0000] {taskinstance.py:1383} INFO - Executing <Task(BashOperator): downloads.download_a> on 2025-04-29 00:00:00+00:00
[2025-04-30T00:17:59.328+0000] {standard_task_runner.py:55} INFO - Started process 12895 to run task
[2025-04-30T00:17:59.368+0000] {standard_task_runner.py:82} INFO - Running: ['***', 'tasks', 'run', 'group_dag', 'downloads.download_a', 'scheduled__2025-04-29T00:00:00+00:00', '--job-id', '299', '--raw', '--subdir', 'DAGS_FOLDER/group_dag.py', '--cfg-path', '/tmp/tmprhz4x13_']
[2025-04-30T00:17:59.393+0000] {standard_task_runner.py:83} INFO - Job 299: Subtask downloads.download_a
[2025-04-30T00:18:00.006+0000] {task_command.py:376} INFO - Running <TaskInstance: group_dag.downloads.download_a scheduled__2025-04-29T00:00:00+00:00 [running]> on host fae2b1eff5d6
[2025-04-30T00:18:00.621+0000] {taskinstance.py:1592} INFO - Exporting the following env vars:
AIRFLOW_CTX_DAG_OWNER=***
AIRFLOW_CTX_DAG_ID=group_dag
AIRFLOW_CTX_TASK_ID=downloads.download_a
AIRFLOW_CTX_EXECUTION_DATE=2025-04-29T00:00:00+00:00
AIRFLOW_CTX_TRY_NUMBER=1
AIRFLOW_CTX_DAG_RUN_ID=scheduled__2025-04-29T00:00:00+00:00
[2025-04-30T00:18:00.646+0000] {subprocess.py:63} INFO - Tmp dir root location: 
 /tmp
[2025-04-30T00:18:00.659+0000] {subprocess.py:75} INFO - Running command: ['/bin/bash', '-c', 'sleep 10']
[2025-04-30T00:18:00.810+0000] {subprocess.py:86} INFO - Output:
[2025-04-30T00:18:10.851+0000] {subprocess.py:97} INFO - Command exited with return code 0
[2025-04-30T00:18:11.390+0000] {taskinstance.py:1406} INFO - Marking task as SUCCESS. dag_id=group_dag, task_id=downloads.download_a, execution_date=20250429T000000, start_date=20250430T001758, end_date=20250430T001811
[2025-04-30T00:18:11.662+0000] {local_task_job.py:164} INFO - Task exited with return code 0
[2025-04-30T00:18:12.134+0000] {local_task_job.py:273} INFO - 0 downstream tasks scheduled from follow-on schedule check
