[2025-04-05T20:50:00.455+0000] {taskinstance.py:1165} INFO - Dependencies all met for <TaskInstance: group_dag.check_files scheduled__2025-04-04T00:00:00+00:00 [queued]>
[2025-04-05T20:50:00.467+0000] {taskinstance.py:1165} INFO - Dependencies all met for <TaskInstance: group_dag.check_files scheduled__2025-04-04T00:00:00+00:00 [queued]>
[2025-04-05T20:50:00.467+0000] {taskinstance.py:1362} INFO - 
--------------------------------------------------------------------------------
[2025-04-05T20:50:00.467+0000] {taskinstance.py:1363} INFO - Starting attempt 1 of 1
[2025-04-05T20:50:00.467+0000] {taskinstance.py:1364} INFO - 
--------------------------------------------------------------------------------
[2025-04-05T20:50:00.475+0000] {taskinstance.py:1383} INFO - Executing <Task(BashOperator): check_files> on 2025-04-04 00:00:00+00:00
[2025-04-05T20:50:00.480+0000] {standard_task_runner.py:55} INFO - Started process 141 to run task
[2025-04-05T20:50:00.483+0000] {standard_task_runner.py:82} INFO - Running: ['***', 'tasks', 'run', 'group_dag', 'check_files', 'scheduled__2025-04-04T00:00:00+00:00', '--job-id', '87', '--raw', '--subdir', 'DAGS_FOLDER/group_dag.py', '--cfg-path', '/tmp/tmpep10jt1g']
[2025-04-05T20:50:00.484+0000] {standard_task_runner.py:83} INFO - Job 87: Subtask check_files
[2025-04-05T20:50:00.542+0000] {task_command.py:376} INFO - Running <TaskInstance: group_dag.check_files scheduled__2025-04-04T00:00:00+00:00 [running]> on host 8545ef973b24
[2025-04-05T20:50:00.580+0000] {taskinstance.py:1592} INFO - Exporting the following env vars:
AIRFLOW_CTX_DAG_OWNER=***
AIRFLOW_CTX_DAG_ID=group_dag
AIRFLOW_CTX_TASK_ID=check_files
AIRFLOW_CTX_EXECUTION_DATE=2025-04-04T00:00:00+00:00
AIRFLOW_CTX_TRY_NUMBER=1
AIRFLOW_CTX_DAG_RUN_ID=scheduled__2025-04-04T00:00:00+00:00
[2025-04-05T20:50:00.582+0000] {subprocess.py:63} INFO - Tmp dir root location: 
 /tmp
[2025-04-05T20:50:00.582+0000] {subprocess.py:75} INFO - Running command: ['/bin/bash', '-c', 'sleep 10']
[2025-04-05T20:50:00.589+0000] {subprocess.py:86} INFO - Output:
[2025-04-05T20:50:10.596+0000] {subprocess.py:97} INFO - Command exited with return code 0
[2025-04-05T20:50:10.632+0000] {taskinstance.py:1406} INFO - Marking task as SUCCESS. dag_id=group_dag, task_id=check_files, execution_date=20250404T000000, start_date=20250405T205000, end_date=20250405T205010
[2025-04-05T20:50:10.672+0000] {local_task_job.py:164} INFO - Task exited with return code 0
[2025-04-05T20:50:10.705+0000] {local_task_job.py:273} INFO - 3 downstream tasks scheduled from follow-on schedule check
