[2025-04-01T10:30:04.097+0000] {taskinstance.py:1165} INFO - Dependencies all met for <TaskInstance: example_bash_operator.this_will_skip scheduled__2025-03-31T00:00:00+00:00 [queued]>
[2025-04-01T10:30:04.105+0000] {taskinstance.py:1165} INFO - Dependencies all met for <TaskInstance: example_bash_operator.this_will_skip scheduled__2025-03-31T00:00:00+00:00 [queued]>
[2025-04-01T10:30:04.106+0000] {taskinstance.py:1362} INFO - 
--------------------------------------------------------------------------------
[2025-04-01T10:30:04.106+0000] {taskinstance.py:1363} INFO - Starting attempt 1 of 1
[2025-04-01T10:30:04.109+0000] {taskinstance.py:1364} INFO - 
--------------------------------------------------------------------------------
[2025-04-01T10:30:04.120+0000] {taskinstance.py:1383} INFO - Executing <Task(BashOperator): this_will_skip> on 2025-03-31 00:00:00+00:00
[2025-04-01T10:30:04.124+0000] {standard_task_runner.py:55} INFO - Started process 468 to run task
[2025-04-01T10:30:04.126+0000] {standard_task_runner.py:82} INFO - Running: ['***', 'tasks', 'run', 'example_bash_operator', 'this_will_skip', 'scheduled__2025-03-31T00:00:00+00:00', '--job-id', '4', '--raw', '--subdir', '/home/***/.local/lib/python3.7/site-packages/***/example_dags/example_bash_operator.py', '--cfg-path', '/tmp/tmp8vm_ylzp']
[2025-04-01T10:30:04.127+0000] {standard_task_runner.py:83} INFO - Job 4: Subtask this_will_skip
[2025-04-01T10:30:04.190+0000] {task_command.py:376} INFO - Running <TaskInstance: example_bash_operator.this_will_skip scheduled__2025-03-31T00:00:00+00:00 [running]> on host dd456f953b15
[2025-04-01T10:30:04.239+0000] {taskinstance.py:1592} INFO - Exporting the following env vars:
AIRFLOW_CTX_DAG_OWNER=***
AIRFLOW_CTX_DAG_ID=example_bash_operator
AIRFLOW_CTX_TASK_ID=this_will_skip
AIRFLOW_CTX_EXECUTION_DATE=2025-03-31T00:00:00+00:00
AIRFLOW_CTX_TRY_NUMBER=1
AIRFLOW_CTX_DAG_RUN_ID=scheduled__2025-03-31T00:00:00+00:00
[2025-04-01T10:30:04.240+0000] {subprocess.py:63} INFO - Tmp dir root location: 
 /tmp
[2025-04-01T10:30:04.241+0000] {subprocess.py:75} INFO - Running command: ['/bin/bash', '-c', 'echo "hello world"; exit 99;']
[2025-04-01T10:30:04.248+0000] {subprocess.py:86} INFO - Output:
[2025-04-01T10:30:04.253+0000] {subprocess.py:93} INFO - hello world
[2025-04-01T10:30:04.253+0000] {subprocess.py:97} INFO - Command exited with return code 99
[2025-04-01T10:30:04.254+0000] {taskinstance.py:1481} INFO - Bash command returned exit code 99. Skipping.
[2025-04-01T10:30:04.259+0000] {taskinstance.py:1406} INFO - Marking task as SKIPPED. dag_id=example_bash_operator, task_id=this_will_skip, execution_date=20250331T000000, start_date=20250401T103004, end_date=20250401T103004
[2025-04-01T10:30:04.306+0000] {local_task_job.py:164} INFO - Task exited with return code 0
[2025-04-01T10:30:04.317+0000] {local_task_job.py:273} INFO - 0 downstream tasks scheduled from follow-on schedule check
