[2025-04-05T20:50:03.218+0000] {taskinstance.py:1165} INFO - Dependencies all met for <TaskInstance: parallel_dag.transform scheduled__2025-04-04T00:00:00+00:00 [queued]>
[2025-04-05T20:50:03.233+0000] {taskinstance.py:1165} INFO - Dependencies all met for <TaskInstance: parallel_dag.transform scheduled__2025-04-04T00:00:00+00:00 [queued]>
[2025-04-05T20:50:03.234+0000] {taskinstance.py:1362} INFO - 
--------------------------------------------------------------------------------
[2025-04-05T20:50:03.236+0000] {taskinstance.py:1363} INFO - Starting attempt 1 of 1
[2025-04-05T20:50:03.237+0000] {taskinstance.py:1364} INFO - 
--------------------------------------------------------------------------------
[2025-04-05T20:50:03.257+0000] {taskinstance.py:1383} INFO - Executing <Task(BashOperator): transform> on 2025-04-04 00:00:00+00:00
[2025-04-05T20:50:03.266+0000] {standard_task_runner.py:55} INFO - Started process 144 to run task
[2025-04-05T20:50:03.278+0000] {standard_task_runner.py:82} INFO - Running: ['***', 'tasks', 'run', 'parallel_dag', 'transform', 'scheduled__2025-04-04T00:00:00+00:00', '--job-id', '88', '--raw', '--subdir', 'DAGS_FOLDER/parallel_dag.py', '--cfg-path', '/tmp/tmp2rjeolut']
[2025-04-05T20:50:03.278+0000] {standard_task_runner.py:83} INFO - Job 88: Subtask transform
[2025-04-05T20:50:03.334+0000] {task_command.py:376} INFO - Running <TaskInstance: parallel_dag.transform scheduled__2025-04-04T00:00:00+00:00 [running]> on host 8545ef973b24
[2025-04-05T20:50:03.484+0000] {taskinstance.py:1592} INFO - Exporting the following env vars:
AIRFLOW_CTX_DAG_OWNER=***
AIRFLOW_CTX_DAG_ID=parallel_dag
AIRFLOW_CTX_TASK_ID=transform
AIRFLOW_CTX_EXECUTION_DATE=2025-04-04T00:00:00+00:00
AIRFLOW_CTX_TRY_NUMBER=1
AIRFLOW_CTX_DAG_RUN_ID=scheduled__2025-04-04T00:00:00+00:00
[2025-04-05T20:50:03.486+0000] {subprocess.py:63} INFO - Tmp dir root location: 
 /tmp
[2025-04-05T20:50:03.488+0000] {subprocess.py:75} INFO - Running command: ['/bin/bash', '-c', 'sleep 10']
[2025-04-05T20:50:03.519+0000] {subprocess.py:86} INFO - Output:
[2025-04-05T20:50:13.537+0000] {subprocess.py:97} INFO - Command exited with return code 0
[2025-04-05T20:50:13.586+0000] {taskinstance.py:1406} INFO - Marking task as SUCCESS. dag_id=parallel_dag, task_id=transform, execution_date=20250404T000000, start_date=20250405T205003, end_date=20250405T205013
[2025-04-05T20:50:13.615+0000] {local_task_job.py:164} INFO - Task exited with return code 0
[2025-04-05T20:50:13.629+0000] {local_task_job.py:273} INFO - 0 downstream tasks scheduled from follow-on schedule check
