[2025-04-07T00:14:02.118+0000] {taskinstance.py:1165} INFO - Dependencies all met for <TaskInstance: parallel_dag.extract_b scheduled__2025-04-06T00:00:00+00:00 [queued]>
[2025-04-07T00:14:02.301+0000] {taskinstance.py:1165} INFO - Dependencies all met for <TaskInstance: parallel_dag.extract_b scheduled__2025-04-06T00:00:00+00:00 [queued]>
[2025-04-07T00:14:02.310+0000] {taskinstance.py:1362} INFO - 
--------------------------------------------------------------------------------
[2025-04-07T00:14:02.314+0000] {taskinstance.py:1363} INFO - Starting attempt 1 of 1
[2025-04-07T00:14:02.315+0000] {taskinstance.py:1364} INFO - 
--------------------------------------------------------------------------------
[2025-04-07T00:14:02.620+0000] {taskinstance.py:1383} INFO - Executing <Task(BashOperator): extract_b> on 2025-04-06 00:00:00+00:00
[2025-04-07T00:14:03.337+0000] {standard_task_runner.py:55} INFO - Started process 7179 to run task
[2025-04-07T00:14:03.617+0000] {standard_task_runner.py:82} INFO - Running: ['***', 'tasks', 'run', 'parallel_dag', 'extract_b', 'scheduled__2025-04-06T00:00:00+00:00', '--job-id', '133', '--raw', '--subdir', 'DAGS_FOLDER/parallel_dag.py', '--cfg-path', '/tmp/tmp6sqwqrvw']
[2025-04-07T00:14:03.655+0000] {standard_task_runner.py:83} INFO - Job 133: Subtask extract_b
[2025-04-07T00:14:05.906+0000] {task_command.py:376} INFO - Running <TaskInstance: parallel_dag.extract_b scheduled__2025-04-06T00:00:00+00:00 [running]> on host fae2b1eff5d6
[2025-04-07T00:14:10.575+0000] {taskinstance.py:1592} INFO - Exporting the following env vars:
AIRFLOW_CTX_DAG_OWNER=***
AIRFLOW_CTX_DAG_ID=parallel_dag
AIRFLOW_CTX_TASK_ID=extract_b
AIRFLOW_CTX_EXECUTION_DATE=2025-04-06T00:00:00+00:00
AIRFLOW_CTX_TRY_NUMBER=1
AIRFLOW_CTX_DAG_RUN_ID=scheduled__2025-04-06T00:00:00+00:00
[2025-04-07T00:14:10.619+0000] {subprocess.py:63} INFO - Tmp dir root location: 
 /tmp
[2025-04-07T00:14:10.633+0000] {subprocess.py:75} INFO - Running command: ['/bin/bash', '-c', 'sleep 10']
[2025-04-07T00:14:10.761+0000] {subprocess.py:86} INFO - Output:
[2025-04-07T01:03:03.936+0000] {subprocess.py:97} INFO - Command exited with return code 0
[2025-04-07T01:03:04.296+0000] {taskinstance.py:1406} INFO - Marking task as SUCCESS. dag_id=parallel_dag, task_id=extract_b, execution_date=20250406T000000, start_date=20250407T001402, end_date=20250407T010304
[2025-04-07T01:03:04.462+0000] {local_task_job.py:164} INFO - Task exited with return code 0
[2025-04-07T01:03:04.598+0000] {local_task_job.py:273} INFO - 1 downstream tasks scheduled from follow-on schedule check
