[2025-04-06T10:49:13.545+0000] {taskinstance.py:1165} INFO - Dependencies all met for <TaskInstance: docker_dag.t1 manual__2025-04-06T10:49:12.291858+00:00 [queued]>
[2025-04-06T10:49:13.551+0000] {taskinstance.py:1165} INFO - Dependencies all met for <TaskInstance: docker_dag.t1 manual__2025-04-06T10:49:12.291858+00:00 [queued]>
[2025-04-06T10:49:13.551+0000] {taskinstance.py:1362} INFO - 
--------------------------------------------------------------------------------
[2025-04-06T10:49:13.552+0000] {taskinstance.py:1363} INFO - Starting attempt 1 of 1
[2025-04-06T10:49:13.552+0000] {taskinstance.py:1364} INFO - 
--------------------------------------------------------------------------------
[2025-04-06T10:49:13.560+0000] {taskinstance.py:1383} INFO - Executing <Task(_PythonDecoratedOperator): t1> on 2025-04-06 10:49:12.291858+00:00
[2025-04-06T10:49:13.565+0000] {standard_task_runner.py:55} INFO - Started process 6232 to run task
[2025-04-06T10:49:13.570+0000] {standard_task_runner.py:82} INFO - Running: ['***', 'tasks', 'run', 'docker_dag', 't1', 'manual__2025-04-06T10:49:12.291858+00:00', '--job-id', '129', '--raw', '--subdir', 'DAGS_FOLDER/docker_dag.py', '--cfg-path', '/tmp/tmppb60gyai']
[2025-04-06T10:49:13.572+0000] {standard_task_runner.py:83} INFO - Job 129: Subtask t1
[2025-04-06T10:49:13.642+0000] {task_command.py:376} INFO - Running <TaskInstance: docker_dag.t1 manual__2025-04-06T10:49:12.291858+00:00 [running]> on host fae2b1eff5d6
[2025-04-06T10:49:13.697+0000] {taskinstance.py:1592} INFO - Exporting the following env vars:
AIRFLOW_CTX_DAG_OWNER=***
AIRFLOW_CTX_DAG_ID=docker_dag
AIRFLOW_CTX_TASK_ID=t1
AIRFLOW_CTX_EXECUTION_DATE=2025-04-06T10:49:12.291858+00:00
AIRFLOW_CTX_TRY_NUMBER=1
AIRFLOW_CTX_DAG_RUN_ID=manual__2025-04-06T10:49:12.291858+00:00
[2025-04-06T10:49:13.701+0000] {python.py:177} INFO - Done. Returned value was: None
[2025-04-06T10:49:13.708+0000] {taskinstance.py:1406} INFO - Marking task as SUCCESS. dag_id=docker_dag, task_id=t1, execution_date=20250406T104912, start_date=20250406T104913, end_date=20250406T104913
[2025-04-06T10:49:13.751+0000] {local_task_job.py:164} INFO - Task exited with return code 0
[2025-04-06T10:49:13.768+0000] {local_task_job.py:273} INFO - 1 downstream tasks scheduled from follow-on schedule check
