[2025-04-03T12:51:34.631+0000] {taskinstance.py:1165} INFO - Dependencies all met for <TaskInstance: group_dag.downloads.download_b scheduled__2025-04-02T00:00:00+00:00 [queued]>
[2025-04-03T12:51:34.650+0000] {taskinstance.py:1165} INFO - Dependencies all met for <TaskInstance: group_dag.downloads.download_b scheduled__2025-04-02T00:00:00+00:00 [queued]>
[2025-04-03T12:51:34.650+0000] {taskinstance.py:1362} INFO - 
--------------------------------------------------------------------------------
[2025-04-03T12:51:34.650+0000] {taskinstance.py:1363} INFO - Starting attempt 1 of 1
[2025-04-03T12:51:34.650+0000] {taskinstance.py:1364} INFO - 
--------------------------------------------------------------------------------
[2025-04-03T12:51:34.665+0000] {taskinstance.py:1383} INFO - Executing <Task(BashOperator): download_b> on 2025-04-02 00:00:00+00:00
[2025-04-03T12:51:34.670+0000] {standard_task_runner.py:55} INFO - Started process 1618 to run task
[2025-04-03T12:51:34.674+0000] {standard_task_runner.py:82} INFO - Running: ['***', 'tasks', 'run', 'group_dag.downloads', 'download_b', 'scheduled__2025-04-02T00:00:00+00:00', '--job-id', '58', '--raw', '--subdir', 'DAGS_FOLDER/group_dag.py', '--cfg-path', '/tmp/tmpv359b28u']
[2025-04-03T12:51:34.675+0000] {standard_task_runner.py:83} INFO - Job 58: Subtask download_b
[2025-04-03T12:51:34.802+0000] {task_command.py:376} INFO - Running <TaskInstance: group_dag.downloads.download_b scheduled__2025-04-02T00:00:00+00:00 [running]> on host 8545ef973b24
[2025-04-03T12:51:34.960+0000] {taskinstance.py:1592} INFO - Exporting the following env vars:
AIRFLOW_CTX_DAG_OWNER=***
AIRFLOW_CTX_DAG_ID=group_dag.downloads
AIRFLOW_CTX_TASK_ID=download_b
AIRFLOW_CTX_EXECUTION_DATE=2025-04-02T00:00:00+00:00
AIRFLOW_CTX_TRY_NUMBER=1
AIRFLOW_CTX_DAG_RUN_ID=scheduled__2025-04-02T00:00:00+00:00
[2025-04-03T12:51:34.969+0000] {subprocess.py:63} INFO - Tmp dir root location: 
 /tmp
[2025-04-03T12:51:34.974+0000] {subprocess.py:75} INFO - Running command: ['/bin/bash', '-c', 'sleep 10']
[2025-04-03T12:51:35.000+0000] {subprocess.py:86} INFO - Output:
[2025-04-03T12:51:45.008+0000] {subprocess.py:97} INFO - Command exited with return code 0
[2025-04-03T12:51:45.040+0000] {taskinstance.py:1406} INFO - Marking task as SUCCESS. dag_id=group_dag.downloads, task_id=download_b, execution_date=20250402T000000, start_date=20250403T125134, end_date=20250403T125145
[2025-04-03T12:51:45.092+0000] {local_task_job.py:164} INFO - Task exited with return code 0
[2025-04-03T12:51:45.105+0000] {local_task_job.py:273} INFO - 0 downstream tasks scheduled from follow-on schedule check
