[2025-04-07T07:34:31.064+0000] {taskinstance.py:1165} INFO - Dependencies all met for <TaskInstance: docker_dag.t1 manual__2025-04-07T07:34:27.207173+00:00 [queued]>
[2025-04-07T07:34:31.072+0000] {taskinstance.py:1165} INFO - Dependencies all met for <TaskInstance: docker_dag.t1 manual__2025-04-07T07:34:27.207173+00:00 [queued]>
[2025-04-07T07:34:31.072+0000] {taskinstance.py:1362} INFO - 
--------------------------------------------------------------------------------
[2025-04-07T07:34:31.072+0000] {taskinstance.py:1363} INFO - Starting attempt 1 of 1
[2025-04-07T07:34:31.072+0000] {taskinstance.py:1364} INFO - 
--------------------------------------------------------------------------------
[2025-04-07T07:34:31.085+0000] {taskinstance.py:1383} INFO - Executing <Task(_PythonDecoratedOperator): t1> on 2025-04-07 07:34:27.207173+00:00
[2025-04-07T07:34:31.092+0000] {standard_task_runner.py:55} INFO - Started process 9375 to run task
[2025-04-07T07:34:31.096+0000] {standard_task_runner.py:82} INFO - Running: ['***', 'tasks', 'run', 'docker_dag', 't1', 'manual__2025-04-07T07:34:27.207173+00:00', '--job-id', '152', '--raw', '--subdir', 'DAGS_FOLDER/docker_dag.py', '--cfg-path', '/tmp/tmp05ijrenp']
[2025-04-07T07:34:31.098+0000] {standard_task_runner.py:83} INFO - Job 152: Subtask t1
[2025-04-07T07:34:31.165+0000] {task_command.py:376} INFO - Running <TaskInstance: docker_dag.t1 manual__2025-04-07T07:34:27.207173+00:00 [running]> on host fae2b1eff5d6
[2025-04-07T07:34:31.258+0000] {taskinstance.py:1592} INFO - Exporting the following env vars:
AIRFLOW_CTX_DAG_OWNER=***
AIRFLOW_CTX_DAG_ID=docker_dag
AIRFLOW_CTX_TASK_ID=t1
AIRFLOW_CTX_EXECUTION_DATE=2025-04-07T07:34:27.207173+00:00
AIRFLOW_CTX_TRY_NUMBER=1
AIRFLOW_CTX_DAG_RUN_ID=manual__2025-04-07T07:34:27.207173+00:00
[2025-04-07T07:34:31.261+0000] {python.py:177} INFO - Done. Returned value was: None
[2025-04-07T07:34:31.270+0000] {taskinstance.py:1406} INFO - Marking task as SUCCESS. dag_id=docker_dag, task_id=t1, execution_date=20250407T073427, start_date=20250407T073431, end_date=20250407T073431
[2025-04-07T07:34:31.318+0000] {local_task_job.py:164} INFO - Task exited with return code 0
[2025-04-07T07:34:31.337+0000] {local_task_job.py:273} INFO - 1 downstream tasks scheduled from follow-on schedule check
