[2025-04-05T20:49:49.050+0000] {taskinstance.py:1165} INFO - Dependencies all met for <TaskInstance: parallel_dag.extract_a scheduled__2025-04-04T00:00:00+00:00 [queued]>
[2025-04-05T20:49:49.182+0000] {taskinstance.py:1165} INFO - Dependencies all met for <TaskInstance: parallel_dag.extract_a scheduled__2025-04-04T00:00:00+00:00 [queued]>
[2025-04-05T20:49:49.183+0000] {taskinstance.py:1362} INFO - 
--------------------------------------------------------------------------------
[2025-04-05T20:49:49.183+0000] {taskinstance.py:1363} INFO - Starting attempt 1 of 1
[2025-04-05T20:49:49.183+0000] {taskinstance.py:1364} INFO - 
--------------------------------------------------------------------------------
[2025-04-05T20:49:49.281+0000] {taskinstance.py:1383} INFO - Executing <Task(BashOperator): extract_a> on 2025-04-04 00:00:00+00:00
[2025-04-05T20:49:49.289+0000] {standard_task_runner.py:55} INFO - Started process 109 to run task
[2025-04-05T20:49:49.308+0000] {standard_task_runner.py:82} INFO - Running: ['***', 'tasks', 'run', 'parallel_dag', 'extract_a', 'scheduled__2025-04-04T00:00:00+00:00', '--job-id', '78', '--raw', '--subdir', 'DAGS_FOLDER/parallel_dag.py', '--cfg-path', '/tmp/tmpr3h_1pcr']
[2025-04-05T20:49:49.309+0000] {standard_task_runner.py:83} INFO - Job 78: Subtask extract_a
[2025-04-05T20:49:49.462+0000] {task_command.py:376} INFO - Running <TaskInstance: parallel_dag.extract_a scheduled__2025-04-04T00:00:00+00:00 [running]> on host 8545ef973b24
[2025-04-05T20:49:49.617+0000] {taskinstance.py:1592} INFO - Exporting the following env vars:
AIRFLOW_CTX_DAG_OWNER=***
AIRFLOW_CTX_DAG_ID=parallel_dag
AIRFLOW_CTX_TASK_ID=extract_a
AIRFLOW_CTX_EXECUTION_DATE=2025-04-04T00:00:00+00:00
AIRFLOW_CTX_TRY_NUMBER=1
AIRFLOW_CTX_DAG_RUN_ID=scheduled__2025-04-04T00:00:00+00:00
[2025-04-05T20:49:49.629+0000] {subprocess.py:63} INFO - Tmp dir root location: 
 /tmp
[2025-04-05T20:49:49.637+0000] {subprocess.py:75} INFO - Running command: ['/bin/bash', '-c', 'sleep 1']
[2025-04-05T20:49:49.654+0000] {subprocess.py:86} INFO - Output:
[2025-04-05T20:49:50.663+0000] {subprocess.py:97} INFO - Command exited with return code 0
[2025-04-05T20:49:50.723+0000] {taskinstance.py:1406} INFO - Marking task as SUCCESS. dag_id=parallel_dag, task_id=extract_a, execution_date=20250404T000000, start_date=20250405T204949, end_date=20250405T204950
[2025-04-05T20:49:50.774+0000] {local_task_job.py:164} INFO - Task exited with return code 0
[2025-04-05T20:49:50.808+0000] {local_task_job.py:273} INFO - 1 downstream tasks scheduled from follow-on schedule check
