[2025-04-28T10:35:45.020+0000] {taskinstance.py:1165} INFO - Dependencies all met for <TaskInstance: parallel_dag.load_a scheduled__2025-04-08T00:00:00+00:00 [queued]>
[2025-04-28T10:35:45.269+0000] {taskinstance.py:1165} INFO - Dependencies all met for <TaskInstance: parallel_dag.load_a scheduled__2025-04-08T00:00:00+00:00 [queued]>
[2025-04-28T10:35:45.279+0000] {taskinstance.py:1362} INFO - 
--------------------------------------------------------------------------------
[2025-04-28T10:35:45.290+0000] {taskinstance.py:1363} INFO - Starting attempt 1 of 1
[2025-04-28T10:35:45.292+0000] {taskinstance.py:1364} INFO - 
--------------------------------------------------------------------------------
[2025-04-28T10:35:45.489+0000] {taskinstance.py:1383} INFO - Executing <Task(BashOperator): load_a> on 2025-04-08 00:00:00+00:00
[2025-04-28T10:35:45.509+0000] {standard_task_runner.py:55} INFO - Started process 190 to run task
[2025-04-28T10:35:45.557+0000] {standard_task_runner.py:82} INFO - Running: ['***', 'tasks', 'run', 'parallel_dag', 'load_a', 'scheduled__2025-04-08T00:00:00+00:00', '--job-id', '255', '--raw', '--subdir', 'DAGS_FOLDER/parallel_dag.py', '--cfg-path', '/tmp/tmpx4dcxlc_']
[2025-04-28T10:35:45.569+0000] {standard_task_runner.py:83} INFO - Job 255: Subtask load_a
[2025-04-28T10:35:46.023+0000] {task_command.py:376} INFO - Running <TaskInstance: parallel_dag.load_a scheduled__2025-04-08T00:00:00+00:00 [running]> on host fae2b1eff5d6
[2025-04-28T10:35:49.513+0000] {taskinstance.py:1592} INFO - Exporting the following env vars:
AIRFLOW_CTX_DAG_OWNER=***
AIRFLOW_CTX_DAG_ID=parallel_dag
AIRFLOW_CTX_TASK_ID=load_a
AIRFLOW_CTX_EXECUTION_DATE=2025-04-08T00:00:00+00:00
AIRFLOW_CTX_TRY_NUMBER=1
AIRFLOW_CTX_DAG_RUN_ID=scheduled__2025-04-08T00:00:00+00:00
[2025-04-28T10:35:49.910+0000] {subprocess.py:63} INFO - Tmp dir root location: 
 /tmp
[2025-04-28T10:35:49.934+0000] {subprocess.py:75} INFO - Running command: ['/bin/bash', '-c', 'sleep 10']
[2025-04-28T10:35:50.370+0000] {subprocess.py:86} INFO - Output:
[2025-04-28T10:36:00.395+0000] {subprocess.py:97} INFO - Command exited with return code 0
[2025-04-28T10:36:00.477+0000] {taskinstance.py:1406} INFO - Marking task as SUCCESS. dag_id=parallel_dag, task_id=load_a, execution_date=20250408T000000, start_date=20250428T103545, end_date=20250428T103600
[2025-04-28T10:36:00.547+0000] {local_task_job.py:164} INFO - Task exited with return code 0
[2025-04-28T10:36:00.604+0000] {local_task_job.py:273} INFO - 0 downstream tasks scheduled from follow-on schedule check
