[2025-04-07T00:14:15.211+0000] {taskinstance.py:1165} INFO - Dependencies all met for <TaskInstance: parallel_dag.load_a scheduled__2025-04-06T00:00:00+00:00 [queued]>
[2025-04-07T00:14:15.237+0000] {taskinstance.py:1165} INFO - Dependencies all met for <TaskInstance: parallel_dag.load_a scheduled__2025-04-06T00:00:00+00:00 [queued]>
[2025-04-07T00:14:15.239+0000] {taskinstance.py:1362} INFO - 
--------------------------------------------------------------------------------
[2025-04-07T00:14:15.240+0000] {taskinstance.py:1363} INFO - Starting attempt 1 of 1
[2025-04-07T00:14:15.241+0000] {taskinstance.py:1364} INFO - 
--------------------------------------------------------------------------------
[2025-04-07T00:14:15.277+0000] {taskinstance.py:1383} INFO - Executing <Task(BashOperator): load_a> on 2025-04-06 00:00:00+00:00
[2025-04-07T00:14:15.293+0000] {standard_task_runner.py:55} INFO - Started process 7207 to run task
[2025-04-07T00:14:15.375+0000] {standard_task_runner.py:82} INFO - Running: ['***', 'tasks', 'run', 'parallel_dag', 'load_a', 'scheduled__2025-04-06T00:00:00+00:00', '--job-id', '145', '--raw', '--subdir', 'DAGS_FOLDER/parallel_dag.py', '--cfg-path', '/tmp/tmpk7ke0y95']
[2025-04-07T00:14:15.392+0000] {standard_task_runner.py:83} INFO - Job 145: Subtask load_a
[2025-04-07T00:14:15.604+0000] {task_command.py:376} INFO - Running <TaskInstance: parallel_dag.load_a scheduled__2025-04-06T00:00:00+00:00 [running]> on host fae2b1eff5d6
[2025-04-07T00:14:15.839+0000] {taskinstance.py:1592} INFO - Exporting the following env vars:
AIRFLOW_CTX_DAG_OWNER=***
AIRFLOW_CTX_DAG_ID=parallel_dag
AIRFLOW_CTX_TASK_ID=load_a
AIRFLOW_CTX_EXECUTION_DATE=2025-04-06T00:00:00+00:00
AIRFLOW_CTX_TRY_NUMBER=1
AIRFLOW_CTX_DAG_RUN_ID=scheduled__2025-04-06T00:00:00+00:00
[2025-04-07T00:14:15.849+0000] {subprocess.py:63} INFO - Tmp dir root location: 
 /tmp
[2025-04-07T00:14:15.852+0000] {subprocess.py:75} INFO - Running command: ['/bin/bash', '-c', 'sleep 10']
[2025-04-07T00:14:15.911+0000] {subprocess.py:86} INFO - Output:
[2025-04-07T01:03:09.098+0000] {subprocess.py:97} INFO - Command exited with return code 0
[2025-04-07T01:03:09.417+0000] {taskinstance.py:1406} INFO - Marking task as SUCCESS. dag_id=parallel_dag, task_id=load_a, execution_date=20250406T000000, start_date=20250407T001415, end_date=20250407T010309
[2025-04-07T01:03:09.546+0000] {local_task_job.py:164} INFO - Task exited with return code 0
[2025-04-07T01:03:09.698+0000] {local_task_job.py:273} INFO - 0 downstream tasks scheduled from follow-on schedule check
