[2025-04-28T10:35:52.154+0000] {taskinstance.py:1165} INFO - Dependencies all met for <TaskInstance: parallel_dag.load_a scheduled__2025-04-27T00:00:00+00:00 [queued]>
[2025-04-28T10:35:52.186+0000] {taskinstance.py:1165} INFO - Dependencies all met for <TaskInstance: parallel_dag.load_a scheduled__2025-04-27T00:00:00+00:00 [queued]>
[2025-04-28T10:35:52.188+0000] {taskinstance.py:1362} INFO - 
--------------------------------------------------------------------------------
[2025-04-28T10:35:52.189+0000] {taskinstance.py:1363} INFO - Starting attempt 1 of 1
[2025-04-28T10:35:52.191+0000] {taskinstance.py:1364} INFO - 
--------------------------------------------------------------------------------
[2025-04-28T10:35:52.290+0000] {taskinstance.py:1383} INFO - Executing <Task(BashOperator): load_a> on 2025-04-27 00:00:00+00:00
[2025-04-28T10:35:52.329+0000] {standard_task_runner.py:55} INFO - Started process 200 to run task
[2025-04-28T10:35:52.362+0000] {standard_task_runner.py:82} INFO - Running: ['***', 'tasks', 'run', 'parallel_dag', 'load_a', 'scheduled__2025-04-27T00:00:00+00:00', '--job-id', '260', '--raw', '--subdir', 'DAGS_FOLDER/parallel_dag.py', '--cfg-path', '/tmp/tmp4527pckz']
[2025-04-28T10:35:52.375+0000] {standard_task_runner.py:83} INFO - Job 260: Subtask load_a
[2025-04-28T10:35:53.013+0000] {task_command.py:376} INFO - Running <TaskInstance: parallel_dag.load_a scheduled__2025-04-27T00:00:00+00:00 [running]> on host fae2b1eff5d6
[2025-04-28T10:35:53.744+0000] {taskinstance.py:1592} INFO - Exporting the following env vars:
AIRFLOW_CTX_DAG_OWNER=***
AIRFLOW_CTX_DAG_ID=parallel_dag
AIRFLOW_CTX_TASK_ID=load_a
AIRFLOW_CTX_EXECUTION_DATE=2025-04-27T00:00:00+00:00
AIRFLOW_CTX_TRY_NUMBER=1
AIRFLOW_CTX_DAG_RUN_ID=scheduled__2025-04-27T00:00:00+00:00
[2025-04-28T10:35:53.764+0000] {subprocess.py:63} INFO - Tmp dir root location: 
 /tmp
[2025-04-28T10:35:53.779+0000] {subprocess.py:75} INFO - Running command: ['/bin/bash', '-c', 'sleep 10']
[2025-04-28T10:35:53.844+0000] {subprocess.py:86} INFO - Output:
[2025-04-28T10:36:03.875+0000] {subprocess.py:97} INFO - Command exited with return code 0
[2025-04-28T10:36:03.961+0000] {taskinstance.py:1406} INFO - Marking task as SUCCESS. dag_id=parallel_dag, task_id=load_a, execution_date=20250427T000000, start_date=20250428T103552, end_date=20250428T103603
[2025-04-28T10:36:04.057+0000] {local_task_job.py:164} INFO - Task exited with return code 0
[2025-04-28T10:36:04.156+0000] {local_task_job.py:273} INFO - 1 downstream tasks scheduled from follow-on schedule check
