[2025-04-07T01:03:07.954+0000] {taskinstance.py:1165} INFO - Dependencies all met for <TaskInstance: group_dag.check_files scheduled__2025-04-06T00:00:00+00:00 [queued]>
[2025-04-07T01:03:08.014+0000] {taskinstance.py:1165} INFO - Dependencies all met for <TaskInstance: group_dag.check_files scheduled__2025-04-06T00:00:00+00:00 [queued]>
[2025-04-07T01:03:08.016+0000] {taskinstance.py:1362} INFO - 
--------------------------------------------------------------------------------
[2025-04-07T01:03:08.018+0000] {taskinstance.py:1363} INFO - Starting attempt 1 of 1
[2025-04-07T01:03:08.024+0000] {taskinstance.py:1364} INFO - 
--------------------------------------------------------------------------------
[2025-04-07T01:03:08.120+0000] {taskinstance.py:1383} INFO - Executing <Task(BashOperator): check_files> on 2025-04-06 00:00:00+00:00
[2025-04-07T01:03:08.219+0000] {standard_task_runner.py:55} INFO - Started process 7222 to run task
[2025-04-07T01:03:08.232+0000] {standard_task_runner.py:82} INFO - Running: ['***', 'tasks', 'run', 'group_dag', 'check_files', 'scheduled__2025-04-06T00:00:00+00:00', '--job-id', '147', '--raw', '--subdir', 'DAGS_FOLDER/group_dag.py', '--cfg-path', '/tmp/tmpcen4muks']
[2025-04-07T01:03:08.238+0000] {standard_task_runner.py:83} INFO - Job 147: Subtask check_files
[2025-04-07T01:03:08.831+0000] {task_command.py:376} INFO - Running <TaskInstance: group_dag.check_files scheduled__2025-04-06T00:00:00+00:00 [running]> on host fae2b1eff5d6
[2025-04-07T01:03:09.210+0000] {taskinstance.py:1592} INFO - Exporting the following env vars:
AIRFLOW_CTX_DAG_OWNER=***
AIRFLOW_CTX_DAG_ID=group_dag
AIRFLOW_CTX_TASK_ID=check_files
AIRFLOW_CTX_EXECUTION_DATE=2025-04-06T00:00:00+00:00
AIRFLOW_CTX_TRY_NUMBER=1
AIRFLOW_CTX_DAG_RUN_ID=scheduled__2025-04-06T00:00:00+00:00
[2025-04-07T01:03:09.227+0000] {subprocess.py:63} INFO - Tmp dir root location: 
 /tmp
[2025-04-07T01:03:09.230+0000] {subprocess.py:75} INFO - Running command: ['/bin/bash', '-c', 'sleep 10']
[2025-04-07T01:03:09.366+0000] {subprocess.py:86} INFO - Output:
[2025-04-07T01:03:19.372+0000] {subprocess.py:97} INFO - Command exited with return code 0
[2025-04-07T01:03:19.443+0000] {taskinstance.py:1406} INFO - Marking task as SUCCESS. dag_id=group_dag, task_id=check_files, execution_date=20250406T000000, start_date=20250407T010307, end_date=20250407T010319
[2025-04-07T01:03:19.520+0000] {local_task_job.py:164} INFO - Task exited with return code 0
[2025-04-07T01:03:19.553+0000] {local_task_job.py:273} INFO - 3 downstream tasks scheduled from follow-on schedule check
