[2025-04-05T21:02:02.976+0000] {taskinstance.py:1165} INFO - Dependencies all met for <TaskInstance: xcom_dag.t1 manual__2025-04-05T21:02:01.987024+00:00 [queued]>
[2025-04-05T21:02:02.982+0000] {taskinstance.py:1165} INFO - Dependencies all met for <TaskInstance: xcom_dag.t1 manual__2025-04-05T21:02:01.987024+00:00 [queued]>
[2025-04-05T21:02:02.982+0000] {taskinstance.py:1362} INFO - 
--------------------------------------------------------------------------------
[2025-04-05T21:02:02.982+0000] {taskinstance.py:1363} INFO - Starting attempt 1 of 1
[2025-04-05T21:02:02.982+0000] {taskinstance.py:1364} INFO - 
--------------------------------------------------------------------------------
[2025-04-05T21:02:02.989+0000] {taskinstance.py:1383} INFO - Executing <Task(PythonOperator): t1> on 2025-04-05 21:02:01.987024+00:00
[2025-04-05T21:02:02.992+0000] {standard_task_runner.py:55} INFO - Started process 741 to run task
[2025-04-05T21:02:02.997+0000] {standard_task_runner.py:82} INFO - Running: ['***', 'tasks', 'run', 'xcom_dag', 't1', 'manual__2025-04-05T21:02:01.987024+00:00', '--job-id', '95', '--raw', '--subdir', 'DAGS_FOLDER/xcom_dag.py', '--cfg-path', '/tmp/tmpmenuwkd4']
[2025-04-05T21:02:02.997+0000] {standard_task_runner.py:83} INFO - Job 95: Subtask t1
[2025-04-05T21:02:03.052+0000] {task_command.py:376} INFO - Running <TaskInstance: xcom_dag.t1 manual__2025-04-05T21:02:01.987024+00:00 [running]> on host 8545ef973b24
[2025-04-05T21:02:03.093+0000] {taskinstance.py:1592} INFO - Exporting the following env vars:
AIRFLOW_CTX_DAG_OWNER=***
AIRFLOW_CTX_DAG_ID=xcom_dag
AIRFLOW_CTX_TASK_ID=t1
AIRFLOW_CTX_EXECUTION_DATE=2025-04-05T21:02:01.987024+00:00
AIRFLOW_CTX_TRY_NUMBER=1
AIRFLOW_CTX_DAG_RUN_ID=manual__2025-04-05T21:02:01.987024+00:00
[2025-04-05T21:02:03.100+0000] {python.py:177} INFO - Done. Returned value was: None
[2025-04-05T21:02:03.105+0000] {taskinstance.py:1406} INFO - Marking task as SUCCESS. dag_id=xcom_dag, task_id=t1, execution_date=20250405T210201, start_date=20250405T210202, end_date=20250405T210203
[2025-04-05T21:02:03.134+0000] {local_task_job.py:164} INFO - Task exited with return code 0
[2025-04-05T21:02:03.150+0000] {local_task_job.py:273} INFO - 1 downstream tasks scheduled from follow-on schedule check
