[2025-04-06T06:07:20.183+0000] {taskinstance.py:1165} INFO - Dependencies all met for <TaskInstance: elastic_dag.print_es_info scheduled__2025-04-05T00:00:00+00:00 [queued]>
[2025-04-06T06:07:20.189+0000] {taskinstance.py:1165} INFO - Dependencies all met for <TaskInstance: elastic_dag.print_es_info scheduled__2025-04-05T00:00:00+00:00 [queued]>
[2025-04-06T06:07:20.190+0000] {taskinstance.py:1362} INFO - 
--------------------------------------------------------------------------------
[2025-04-06T06:07:20.190+0000] {taskinstance.py:1363} INFO - Starting attempt 1 of 1
[2025-04-06T06:07:20.190+0000] {taskinstance.py:1364} INFO - 
--------------------------------------------------------------------------------
[2025-04-06T06:07:20.196+0000] {taskinstance.py:1383} INFO - Executing <Task(PythonOperator): print_es_info> on 2025-04-05 00:00:00+00:00
[2025-04-06T06:07:20.203+0000] {standard_task_runner.py:55} INFO - Started process 1322 to run task
[2025-04-06T06:07:20.206+0000] {standard_task_runner.py:82} INFO - Running: ['***', 'tasks', 'run', 'elastic_dag', 'print_es_info', 'scheduled__2025-04-05T00:00:00+00:00', '--job-id', '126', '--raw', '--subdir', 'DAGS_FOLDER/elastic_dag.py', '--cfg-path', '/tmp/tmp7iyrxnmi']
[2025-04-06T06:07:20.207+0000] {standard_task_runner.py:83} INFO - Job 126: Subtask print_es_info
[2025-04-06T06:07:20.243+0000] {task_command.py:376} INFO - Running <TaskInstance: elastic_dag.print_es_info scheduled__2025-04-05T00:00:00+00:00 [running]> on host fae2b1eff5d6
[2025-04-06T06:07:20.278+0000] {taskinstance.py:1592} INFO - Exporting the following env vars:
AIRFLOW_CTX_DAG_OWNER=***
AIRFLOW_CTX_DAG_ID=elastic_dag
AIRFLOW_CTX_TASK_ID=print_es_info
AIRFLOW_CTX_EXECUTION_DATE=2025-04-05T00:00:00+00:00
AIRFLOW_CTX_TRY_NUMBER=1
AIRFLOW_CTX_DAG_RUN_ID=scheduled__2025-04-05T00:00:00+00:00
[2025-04-06T06:07:20.283+0000] {base.py:71} INFO - Using connection ID 'elastic_default' for task execution.
[2025-04-06T06:07:20.420+0000] {base.py:271} INFO - GET http://elastic:9200/ [status:200 request:0.135s]
[2025-04-06T06:07:20.421+0000] {logging_mixin.py:120} INFO - {'name': '3fda4a17ddde', 'cluster_name': 'docker-cluster', 'cluster_uuid': 'qHGhNry4Qz-6h5z3B8F6yg', 'version': {'number': '8.3.3', 'build_flavor': 'default', 'build_type': 'docker', 'build_hash': '801fed82df74dbe537f89b71b098ccaff88d2c56', 'build_date': '2022-07-23T19:30:09.227964828Z', 'build_snapshot': False, 'lucene_version': '9.2.0', 'minimum_wire_compatibility_version': '7.17.0', 'minimum_index_compatibility_version': '7.0.0'}, 'tagline': 'You Know, for Search'}
[2025-04-06T06:07:20.421+0000] {python.py:177} INFO - Done. Returned value was: None
[2025-04-06T06:07:20.428+0000] {taskinstance.py:1406} INFO - Marking task as SUCCESS. dag_id=elastic_dag, task_id=print_es_info, execution_date=20250405T000000, start_date=20250406T060720, end_date=20250406T060720
[2025-04-06T06:07:20.470+0000] {local_task_job.py:164} INFO - Task exited with return code 0
[2025-04-06T06:07:20.495+0000] {local_task_job.py:273} INFO - 0 downstream tasks scheduled from follow-on schedule check
