[2025-04-03T12:52:43.677+0000] {taskinstance.py:1165} INFO - Dependencies all met for <TaskInstance: group_dag.transform_b scheduled__2025-04-02T00:00:00+00:00 [queued]>
[2025-04-03T12:52:43.685+0000] {taskinstance.py:1165} INFO - Dependencies all met for <TaskInstance: group_dag.transform_b scheduled__2025-04-02T00:00:00+00:00 [queued]>
[2025-04-03T12:52:43.686+0000] {taskinstance.py:1362} INFO - 
--------------------------------------------------------------------------------
[2025-04-03T12:52:43.686+0000] {taskinstance.py:1363} INFO - Starting attempt 1 of 1
[2025-04-03T12:52:43.686+0000] {taskinstance.py:1364} INFO - 
--------------------------------------------------------------------------------
[2025-04-03T12:52:43.697+0000] {taskinstance.py:1383} INFO - Executing <Task(BashOperator): transform_b> on 2025-04-02 00:00:00+00:00
[2025-04-03T12:52:43.702+0000] {standard_task_runner.py:55} INFO - Started process 1700 to run task
[2025-04-03T12:52:43.706+0000] {standard_task_runner.py:82} INFO - Running: ['***', 'tasks', 'run', 'group_dag', 'transform_b', 'scheduled__2025-04-02T00:00:00+00:00', '--job-id', '64', '--raw', '--subdir', 'DAGS_FOLDER/group_dag.py', '--cfg-path', '/tmp/tmpa15ocj6l']
[2025-04-03T12:52:43.708+0000] {standard_task_runner.py:83} INFO - Job 64: Subtask transform_b
[2025-04-03T12:52:43.771+0000] {task_command.py:376} INFO - Running <TaskInstance: group_dag.transform_b scheduled__2025-04-02T00:00:00+00:00 [running]> on host 8545ef973b24
[2025-04-03T12:52:43.853+0000] {taskinstance.py:1592} INFO - Exporting the following env vars:
AIRFLOW_CTX_DAG_OWNER=***
AIRFLOW_CTX_DAG_ID=group_dag
AIRFLOW_CTX_TASK_ID=transform_b
AIRFLOW_CTX_EXECUTION_DATE=2025-04-02T00:00:00+00:00
AIRFLOW_CTX_TRY_NUMBER=1
AIRFLOW_CTX_DAG_RUN_ID=scheduled__2025-04-02T00:00:00+00:00
[2025-04-03T12:52:43.854+0000] {subprocess.py:63} INFO - Tmp dir root location: 
 /tmp
[2025-04-03T12:52:43.855+0000] {subprocess.py:75} INFO - Running command: ['/bin/bash', '-c', 'sleep 10']
[2025-04-03T12:52:43.863+0000] {subprocess.py:86} INFO - Output:
[2025-04-03T12:52:53.868+0000] {subprocess.py:97} INFO - Command exited with return code 0
[2025-04-03T12:52:54.026+0000] {taskinstance.py:1406} INFO - Marking task as SUCCESS. dag_id=group_dag, task_id=transform_b, execution_date=20250402T000000, start_date=20250403T125243, end_date=20250403T125254
[2025-04-03T12:52:54.091+0000] {local_task_job.py:164} INFO - Task exited with return code 0
[2025-04-03T12:52:54.125+0000] {local_task_job.py:273} INFO - 0 downstream tasks scheduled from follow-on schedule check
