[2025-04-30T03:30:31.568+0000] {taskinstance.py:1165} INFO - Dependencies all met for <TaskInstance: parallel_dag.exract_b scheduled__2025-04-29T00:00:00+00:00 [queued]>
[2025-04-30T03:30:31.710+0000] {taskinstance.py:1165} INFO - Dependencies all met for <TaskInstance: parallel_dag.exract_b scheduled__2025-04-29T00:00:00+00:00 [queued]>
[2025-04-30T03:30:31.715+0000] {taskinstance.py:1362} INFO - 
--------------------------------------------------------------------------------
[2025-04-30T03:30:31.718+0000] {taskinstance.py:1363} INFO - Starting attempt 1 of 1
[2025-04-30T03:30:31.728+0000] {taskinstance.py:1364} INFO - 
--------------------------------------------------------------------------------
[2025-04-30T03:30:31.974+0000] {taskinstance.py:1383} INFO - Executing <Task(BashOperator): exract_b> on 2025-04-29 00:00:00+00:00
[2025-04-30T03:30:32.074+0000] {standard_task_runner.py:55} INFO - Started process 12935 to run task
[2025-04-30T03:30:32.104+0000] {standard_task_runner.py:82} INFO - Running: ['***', 'tasks', 'run', 'parallel_dag', 'exract_b', 'scheduled__2025-04-29T00:00:00+00:00', '--job-id', '311', '--raw', '--subdir', 'DAGS_FOLDER/parallel_dag.py', '--cfg-path', '/tmp/tmprlssf_4l']
[2025-04-30T03:30:32.115+0000] {standard_task_runner.py:83} INFO - Job 311: Subtask exract_b
[2025-04-30T03:30:32.841+0000] {task_command.py:376} INFO - Running <TaskInstance: parallel_dag.exract_b scheduled__2025-04-29T00:00:00+00:00 [running]> on host fae2b1eff5d6
[2025-04-30T03:30:34.953+0000] {taskinstance.py:1592} INFO - Exporting the following env vars:
AIRFLOW_CTX_DAG_OWNER=***
AIRFLOW_CTX_DAG_ID=parallel_dag
AIRFLOW_CTX_TASK_ID=exract_b
AIRFLOW_CTX_EXECUTION_DATE=2025-04-29T00:00:00+00:00
AIRFLOW_CTX_TRY_NUMBER=1
AIRFLOW_CTX_DAG_RUN_ID=scheduled__2025-04-29T00:00:00+00:00
[2025-04-30T03:30:35.048+0000] {subprocess.py:63} INFO - Tmp dir root location: 
 /tmp
[2025-04-30T03:30:35.103+0000] {subprocess.py:75} INFO - Running command: ['/bin/bash', '-c', 'sleep 10']
[2025-04-30T03:30:35.442+0000] {subprocess.py:86} INFO - Output:
[2025-04-30T03:30:45.543+0000] {subprocess.py:97} INFO - Command exited with return code 0
[2025-04-30T03:30:45.785+0000] {taskinstance.py:1406} INFO - Marking task as SUCCESS. dag_id=parallel_dag, task_id=exract_b, execution_date=20250429T000000, start_date=20250430T033031, end_date=20250430T033045
[2025-04-30T03:30:46.027+0000] {local_task_job.py:164} INFO - Task exited with return code 0
[2025-04-30T03:30:46.345+0000] {local_task_job.py:273} INFO - 0 downstream tasks scheduled from follow-on schedule check
