[2025-04-29T00:03:24.586+0000] {taskinstance.py:1165} INFO - Dependencies all met for <TaskInstance: consumer.read_dataset dataset_triggered__2025-04-29T00:03:19.756638+00:00 [queued]>
[2025-04-29T00:03:24.633+0000] {taskinstance.py:1165} INFO - Dependencies all met for <TaskInstance: consumer.read_dataset dataset_triggered__2025-04-29T00:03:19.756638+00:00 [queued]>
[2025-04-29T00:03:24.640+0000] {taskinstance.py:1362} INFO - 
--------------------------------------------------------------------------------
[2025-04-29T00:03:24.647+0000] {taskinstance.py:1363} INFO - Starting attempt 1 of 1
[2025-04-29T00:03:24.650+0000] {taskinstance.py:1364} INFO - 
--------------------------------------------------------------------------------
[2025-04-29T00:03:24.726+0000] {taskinstance.py:1383} INFO - Executing <Task(_PythonDecoratedOperator): read_dataset> on 2025-04-29 00:03:19.756638+00:00
[2025-04-29T00:03:24.763+0000] {standard_task_runner.py:55} INFO - Started process 4357 to run task
[2025-04-29T00:03:24.779+0000] {standard_task_runner.py:82} INFO - Running: ['***', 'tasks', 'run', 'consumer', 'read_dataset', 'dataset_triggered__2025-04-29T00:03:19.756638+00:00', '--job-id', '284', '--raw', '--subdir', 'DAGS_FOLDER/consumer.py', '--cfg-path', '/tmp/tmptevxjdaj']
[2025-04-29T00:03:24.791+0000] {standard_task_runner.py:83} INFO - Job 284: Subtask read_dataset
[2025-04-29T00:03:25.125+0000] {task_command.py:376} INFO - Running <TaskInstance: consumer.read_dataset dataset_triggered__2025-04-29T00:03:19.756638+00:00 [running]> on host fae2b1eff5d6
[2025-04-29T00:03:25.350+0000] {taskinstance.py:1592} INFO - Exporting the following env vars:
AIRFLOW_CTX_DAG_OWNER=***
AIRFLOW_CTX_DAG_ID=consumer
AIRFLOW_CTX_TASK_ID=read_dataset
AIRFLOW_CTX_EXECUTION_DATE=2025-04-29T00:03:19.756638+00:00
AIRFLOW_CTX_TRY_NUMBER=1
AIRFLOW_CTX_DAG_RUN_ID=dataset_triggered__2025-04-29T00:03:19.756638+00:00
[2025-04-29T00:03:25.387+0000] {logging_mixin.py:120} INFO - producer updateproducer updateproducer updateproducer updateproducer update
[2025-04-29T00:03:25.389+0000] {python.py:177} INFO - Done. Returned value was: None
[2025-04-29T00:03:25.428+0000] {taskinstance.py:1406} INFO - Marking task as SUCCESS. dag_id=consumer, task_id=read_dataset, execution_date=20250429T000319, start_date=20250429T000324, end_date=20250429T000325
[2025-04-29T00:03:25.565+0000] {local_task_job.py:164} INFO - Task exited with return code 0
[2025-04-29T00:03:25.931+0000] {local_task_job.py:273} INFO - 0 downstream tasks scheduled from follow-on schedule check
