[2025-04-07T00:14:02.575+0000] {taskinstance.py:1165} INFO - Dependencies all met for <TaskInstance: xcom_dag.t1 scheduled__2025-04-06T00:00:00+00:00 [queued]>
[2025-04-07T00:14:02.713+0000] {taskinstance.py:1165} INFO - Dependencies all met for <TaskInstance: xcom_dag.t1 scheduled__2025-04-06T00:00:00+00:00 [queued]>
[2025-04-07T00:14:02.715+0000] {taskinstance.py:1362} INFO - 
--------------------------------------------------------------------------------
[2025-04-07T00:14:02.722+0000] {taskinstance.py:1363} INFO - Starting attempt 1 of 1
[2025-04-07T00:14:02.724+0000] {taskinstance.py:1364} INFO - 
--------------------------------------------------------------------------------
[2025-04-07T00:14:03.314+0000] {taskinstance.py:1383} INFO - Executing <Task(PythonOperator): t1> on 2025-04-06 00:00:00+00:00
[2025-04-07T00:14:03.573+0000] {standard_task_runner.py:55} INFO - Started process 7180 to run task
[2025-04-07T00:14:03.754+0000] {standard_task_runner.py:82} INFO - Running: ['***', 'tasks', 'run', 'xcom_dag', 't1', 'scheduled__2025-04-06T00:00:00+00:00', '--job-id', '137', '--raw', '--subdir', 'DAGS_FOLDER/xcom_dag.py', '--cfg-path', '/tmp/tmpah9a5h1t']
[2025-04-07T00:14:03.904+0000] {standard_task_runner.py:83} INFO - Job 137: Subtask t1
[2025-04-07T00:14:05.502+0000] {task_command.py:376} INFO - Running <TaskInstance: xcom_dag.t1 scheduled__2025-04-06T00:00:00+00:00 [running]> on host fae2b1eff5d6
[2025-04-07T00:14:10.553+0000] {taskinstance.py:1592} INFO - Exporting the following env vars:
AIRFLOW_CTX_DAG_OWNER=***
AIRFLOW_CTX_DAG_ID=xcom_dag
AIRFLOW_CTX_TASK_ID=t1
AIRFLOW_CTX_EXECUTION_DATE=2025-04-06T00:00:00+00:00
AIRFLOW_CTX_TRY_NUMBER=1
AIRFLOW_CTX_DAG_RUN_ID=scheduled__2025-04-06T00:00:00+00:00
[2025-04-07T00:14:10.720+0000] {python.py:177} INFO - Done. Returned value was: None
[2025-04-07T00:14:10.765+0000] {taskinstance.py:1406} INFO - Marking task as SUCCESS. dag_id=xcom_dag, task_id=t1, execution_date=20250406T000000, start_date=20250407T001402, end_date=20250407T001410
[2025-04-07T00:14:10.906+0000] {local_task_job.py:164} INFO - Task exited with return code 0
[2025-04-07T00:14:11.034+0000] {local_task_job.py:273} INFO - 1 downstream tasks scheduled from follow-on schedule check
