[2025-04-28T10:35:23.090+0000] {taskinstance.py:1165} INFO - Dependencies all met for <TaskInstance: group_dag.downloads.download_c scheduled__2025-04-08T00:00:00+00:00 [queued]>
[2025-04-28T10:35:23.509+0000] {taskinstance.py:1165} INFO - Dependencies all met for <TaskInstance: group_dag.downloads.download_c scheduled__2025-04-08T00:00:00+00:00 [queued]>
[2025-04-28T10:35:23.568+0000] {taskinstance.py:1362} INFO - 
--------------------------------------------------------------------------------
[2025-04-28T10:35:23.593+0000] {taskinstance.py:1363} INFO - Starting attempt 1 of 1
[2025-04-28T10:35:23.604+0000] {taskinstance.py:1364} INFO - 
--------------------------------------------------------------------------------
[2025-04-28T10:35:23.809+0000] {taskinstance.py:1383} INFO - Executing <Task(BashOperator): downloads.download_c> on 2025-04-08 00:00:00+00:00
[2025-04-28T10:35:23.873+0000] {standard_task_runner.py:55} INFO - Started process 121 to run task
[2025-04-28T10:35:24.155+0000] {standard_task_runner.py:82} INFO - Running: ['***', 'tasks', 'run', 'group_dag', 'downloads.download_c', 'scheduled__2025-04-08T00:00:00+00:00', '--job-id', '234', '--raw', '--subdir', 'DAGS_FOLDER/group_dag.py', '--cfg-path', '/tmp/tmpk6lihcgq']
[2025-04-28T10:35:24.351+0000] {standard_task_runner.py:83} INFO - Job 234: Subtask downloads.download_c
[2025-04-28T10:35:27.265+0000] {task_command.py:376} INFO - Running <TaskInstance: group_dag.downloads.download_c scheduled__2025-04-08T00:00:00+00:00 [running]> on host fae2b1eff5d6
[2025-04-28T10:35:30.779+0000] {taskinstance.py:1592} INFO - Exporting the following env vars:
AIRFLOW_CTX_DAG_OWNER=***
AIRFLOW_CTX_DAG_ID=group_dag
AIRFLOW_CTX_TASK_ID=downloads.download_c
AIRFLOW_CTX_EXECUTION_DATE=2025-04-08T00:00:00+00:00
AIRFLOW_CTX_TRY_NUMBER=1
AIRFLOW_CTX_DAG_RUN_ID=scheduled__2025-04-08T00:00:00+00:00
[2025-04-28T10:35:30.890+0000] {subprocess.py:63} INFO - Tmp dir root location: 
 /tmp
[2025-04-28T10:35:30.900+0000] {subprocess.py:75} INFO - Running command: ['/bin/bash', '-c', 'sleep 10']
[2025-04-28T10:35:31.072+0000] {subprocess.py:86} INFO - Output:
[2025-04-28T10:35:41.123+0000] {subprocess.py:97} INFO - Command exited with return code 0
[2025-04-28T10:35:41.505+0000] {taskinstance.py:1406} INFO - Marking task as SUCCESS. dag_id=group_dag, task_id=downloads.download_c, execution_date=20250408T000000, start_date=20250428T103523, end_date=20250428T103541
[2025-04-28T10:35:42.018+0000] {local_task_job.py:164} INFO - Task exited with return code 0
[2025-04-28T10:35:42.494+0000] {local_task_job.py:273} INFO - 0 downstream tasks scheduled from follow-on schedule check
