[2025-04-28T10:35:40.333+0000] {taskinstance.py:1165} INFO - Dependencies all met for <TaskInstance: group_dag.downloads.download_a scheduled__2025-04-27T00:00:00+00:00 [queued]>
[2025-04-28T10:35:40.445+0000] {taskinstance.py:1165} INFO - Dependencies all met for <TaskInstance: group_dag.downloads.download_a scheduled__2025-04-27T00:00:00+00:00 [queued]>
[2025-04-28T10:35:40.455+0000] {taskinstance.py:1362} INFO - 
--------------------------------------------------------------------------------
[2025-04-28T10:35:40.456+0000] {taskinstance.py:1363} INFO - Starting attempt 1 of 1
[2025-04-28T10:35:40.458+0000] {taskinstance.py:1364} INFO - 
--------------------------------------------------------------------------------
[2025-04-28T10:35:40.682+0000] {taskinstance.py:1383} INFO - Executing <Task(BashOperator): downloads.download_a> on 2025-04-27 00:00:00+00:00
[2025-04-28T10:35:40.758+0000] {standard_task_runner.py:55} INFO - Started process 169 to run task
[2025-04-28T10:35:40.795+0000] {standard_task_runner.py:82} INFO - Running: ['***', 'tasks', 'run', 'group_dag', 'downloads.download_a', 'scheduled__2025-04-27T00:00:00+00:00', '--job-id', '249', '--raw', '--subdir', 'DAGS_FOLDER/group_dag.py', '--cfg-path', '/tmp/tmpslz6i8yp']
[2025-04-28T10:35:40.828+0000] {standard_task_runner.py:83} INFO - Job 249: Subtask downloads.download_a
[2025-04-28T10:35:41.617+0000] {task_command.py:376} INFO - Running <TaskInstance: group_dag.downloads.download_a scheduled__2025-04-27T00:00:00+00:00 [running]> on host fae2b1eff5d6
[2025-04-28T10:35:42.200+0000] {taskinstance.py:1592} INFO - Exporting the following env vars:
AIRFLOW_CTX_DAG_OWNER=***
AIRFLOW_CTX_DAG_ID=group_dag
AIRFLOW_CTX_TASK_ID=downloads.download_a
AIRFLOW_CTX_EXECUTION_DATE=2025-04-27T00:00:00+00:00
AIRFLOW_CTX_TRY_NUMBER=1
AIRFLOW_CTX_DAG_RUN_ID=scheduled__2025-04-27T00:00:00+00:00
[2025-04-28T10:35:42.229+0000] {subprocess.py:63} INFO - Tmp dir root location: 
 /tmp
[2025-04-28T10:35:42.260+0000] {subprocess.py:75} INFO - Running command: ['/bin/bash', '-c', 'sleep 10']
[2025-04-28T10:35:42.543+0000] {subprocess.py:86} INFO - Output:
[2025-04-28T10:35:52.608+0000] {subprocess.py:97} INFO - Command exited with return code 0
[2025-04-28T10:35:53.144+0000] {taskinstance.py:1406} INFO - Marking task as SUCCESS. dag_id=group_dag, task_id=downloads.download_a, execution_date=20250427T000000, start_date=20250428T103540, end_date=20250428T103553
[2025-04-28T10:35:53.558+0000] {local_task_job.py:164} INFO - Task exited with return code 0
[2025-04-28T10:35:53.936+0000] {local_task_job.py:273} INFO - 1 downstream tasks scheduled from follow-on schedule check
