[2025-04-05T20:49:51.691+0000] {taskinstance.py:1165} INFO - Dependencies all met for <TaskInstance: parallel_dag.load_a scheduled__2025-04-04T00:00:00+00:00 [queued]>
[2025-04-05T20:49:51.697+0000] {taskinstance.py:1165} INFO - Dependencies all met for <TaskInstance: parallel_dag.load_a scheduled__2025-04-04T00:00:00+00:00 [queued]>
[2025-04-05T20:49:51.697+0000] {taskinstance.py:1362} INFO - 
--------------------------------------------------------------------------------
[2025-04-05T20:49:51.697+0000] {taskinstance.py:1363} INFO - Starting attempt 1 of 1
[2025-04-05T20:49:51.697+0000] {taskinstance.py:1364} INFO - 
--------------------------------------------------------------------------------
[2025-04-05T20:49:51.704+0000] {taskinstance.py:1383} INFO - Executing <Task(BashOperator): load_a> on 2025-04-04 00:00:00+00:00
[2025-04-05T20:49:51.711+0000] {standard_task_runner.py:55} INFO - Started process 121 to run task
[2025-04-05T20:49:51.714+0000] {standard_task_runner.py:82} INFO - Running: ['***', 'tasks', 'run', 'parallel_dag', 'load_a', 'scheduled__2025-04-04T00:00:00+00:00', '--job-id', '83', '--raw', '--subdir', 'DAGS_FOLDER/parallel_dag.py', '--cfg-path', '/tmp/tmp3b3lksf8']
[2025-04-05T20:49:51.715+0000] {standard_task_runner.py:83} INFO - Job 83: Subtask load_a
[2025-04-05T20:49:51.814+0000] {task_command.py:376} INFO - Running <TaskInstance: parallel_dag.load_a scheduled__2025-04-04T00:00:00+00:00 [running]> on host 8545ef973b24
[2025-04-05T20:49:51.883+0000] {taskinstance.py:1592} INFO - Exporting the following env vars:
AIRFLOW_CTX_DAG_OWNER=***
AIRFLOW_CTX_DAG_ID=parallel_dag
AIRFLOW_CTX_TASK_ID=load_a
AIRFLOW_CTX_EXECUTION_DATE=2025-04-04T00:00:00+00:00
AIRFLOW_CTX_TRY_NUMBER=1
AIRFLOW_CTX_DAG_RUN_ID=scheduled__2025-04-04T00:00:00+00:00
[2025-04-05T20:49:51.888+0000] {subprocess.py:63} INFO - Tmp dir root location: 
 /tmp
[2025-04-05T20:49:51.890+0000] {subprocess.py:75} INFO - Running command: ['/bin/bash', '-c', 'sleep 10']
[2025-04-05T20:49:51.902+0000] {subprocess.py:86} INFO - Output:
[2025-04-05T20:50:01.908+0000] {subprocess.py:97} INFO - Command exited with return code 0
[2025-04-05T20:50:01.941+0000] {taskinstance.py:1406} INFO - Marking task as SUCCESS. dag_id=parallel_dag, task_id=load_a, execution_date=20250404T000000, start_date=20250405T204951, end_date=20250405T205001
[2025-04-05T20:50:01.962+0000] {local_task_job.py:164} INFO - Task exited with return code 0
[2025-04-05T20:50:01.980+0000] {local_task_job.py:273} INFO - 1 downstream tasks scheduled from follow-on schedule check
