[2025-04-03T12:51:32.935+0000] {taskinstance.py:1165} INFO - Dependencies all met for <TaskInstance: group_dag.downloads.download_c scheduled__2025-04-02T00:00:00+00:00 [queued]>
[2025-04-03T12:51:32.939+0000] {taskinstance.py:1165} INFO - Dependencies all met for <TaskInstance: group_dag.downloads.download_c scheduled__2025-04-02T00:00:00+00:00 [queued]>
[2025-04-03T12:51:32.939+0000] {taskinstance.py:1362} INFO - 
--------------------------------------------------------------------------------
[2025-04-03T12:51:32.940+0000] {taskinstance.py:1363} INFO - Starting attempt 1 of 1
[2025-04-03T12:51:32.940+0000] {taskinstance.py:1364} INFO - 
--------------------------------------------------------------------------------
[2025-04-03T12:51:32.946+0000] {taskinstance.py:1383} INFO - Executing <Task(BashOperator): download_c> on 2025-04-02 00:00:00+00:00
[2025-04-03T12:51:32.949+0000] {standard_task_runner.py:55} INFO - Started process 1611 to run task
[2025-04-03T12:51:32.951+0000] {standard_task_runner.py:82} INFO - Running: ['***', 'tasks', 'run', 'group_dag.downloads', 'download_c', 'scheduled__2025-04-02T00:00:00+00:00', '--job-id', '57', '--raw', '--subdir', 'DAGS_FOLDER/group_dag.py', '--cfg-path', '/tmp/tmpwf028qge']
[2025-04-03T12:51:32.951+0000] {standard_task_runner.py:83} INFO - Job 57: Subtask download_c
[2025-04-03T12:51:32.990+0000] {task_command.py:376} INFO - Running <TaskInstance: group_dag.downloads.download_c scheduled__2025-04-02T00:00:00+00:00 [running]> on host 8545ef973b24
[2025-04-03T12:51:33.050+0000] {taskinstance.py:1592} INFO - Exporting the following env vars:
AIRFLOW_CTX_DAG_OWNER=***
AIRFLOW_CTX_DAG_ID=group_dag.downloads
AIRFLOW_CTX_TASK_ID=download_c
AIRFLOW_CTX_EXECUTION_DATE=2025-04-02T00:00:00+00:00
AIRFLOW_CTX_TRY_NUMBER=1
AIRFLOW_CTX_DAG_RUN_ID=scheduled__2025-04-02T00:00:00+00:00
[2025-04-03T12:51:33.051+0000] {subprocess.py:63} INFO - Tmp dir root location: 
 /tmp
[2025-04-03T12:51:33.053+0000] {subprocess.py:75} INFO - Running command: ['/bin/bash', '-c', 'sleep 10']
[2025-04-03T12:51:33.058+0000] {subprocess.py:86} INFO - Output:
[2025-04-03T12:51:43.063+0000] {subprocess.py:97} INFO - Command exited with return code 0
[2025-04-03T12:51:43.100+0000] {taskinstance.py:1406} INFO - Marking task as SUCCESS. dag_id=group_dag.downloads, task_id=download_c, execution_date=20250402T000000, start_date=20250403T125132, end_date=20250403T125143
[2025-04-03T12:51:43.127+0000] {local_task_job.py:164} INFO - Task exited with return code 0
[2025-04-03T12:51:43.144+0000] {local_task_job.py:273} INFO - 0 downstream tasks scheduled from follow-on schedule check
