[2025-04-06T00:00:05.147+0000] {taskinstance.py:1165} INFO - Dependencies all met for <TaskInstance: consumer.read_dataset dataset_triggered__2025-04-06T00:00:03.646475+00:00 [queued]>
[2025-04-06T00:00:05.153+0000] {taskinstance.py:1165} INFO - Dependencies all met for <TaskInstance: consumer.read_dataset dataset_triggered__2025-04-06T00:00:03.646475+00:00 [queued]>
[2025-04-06T00:00:05.153+0000] {taskinstance.py:1362} INFO - 
--------------------------------------------------------------------------------
[2025-04-06T00:00:05.154+0000] {taskinstance.py:1363} INFO - Starting attempt 1 of 1
[2025-04-06T00:00:05.154+0000] {taskinstance.py:1364} INFO - 
--------------------------------------------------------------------------------
[2025-04-06T00:00:05.162+0000] {taskinstance.py:1383} INFO - Executing <Task(_PythonDecoratedOperator): read_dataset> on 2025-04-06 00:00:03.646475+00:00
[2025-04-06T00:00:05.165+0000] {standard_task_runner.py:55} INFO - Started process 2702 to run task
[2025-04-06T00:00:05.168+0000] {standard_task_runner.py:82} INFO - Running: ['***', 'tasks', 'run', 'consumer', 'read_dataset', 'dataset_triggered__2025-04-06T00:00:03.646475+00:00', '--job-id', '110', '--raw', '--subdir', 'DAGS_FOLDER/consumer.py', '--cfg-path', '/tmp/tmpqaravo1y']
[2025-04-06T00:00:05.169+0000] {standard_task_runner.py:83} INFO - Job 110: Subtask read_dataset
[2025-04-06T00:00:05.222+0000] {task_command.py:376} INFO - Running <TaskInstance: consumer.read_dataset dataset_triggered__2025-04-06T00:00:03.646475+00:00 [running]> on host 1dadd347fcc8
[2025-04-06T00:00:05.275+0000] {taskinstance.py:1592} INFO - Exporting the following env vars:
AIRFLOW_CTX_DAG_OWNER=***
AIRFLOW_CTX_DAG_ID=consumer
AIRFLOW_CTX_TASK_ID=read_dataset
AIRFLOW_CTX_EXECUTION_DATE=2025-04-06T00:00:03.646475+00:00
AIRFLOW_CTX_TRY_NUMBER=1
AIRFLOW_CTX_DAG_RUN_ID=dataset_triggered__2025-04-06T00:00:03.646475+00:00
[2025-04-06T00:00:05.276+0000] {logging_mixin.py:120} INFO - producer update
[2025-04-06T00:00:05.276+0000] {python.py:177} INFO - Done. Returned value was: None
[2025-04-06T00:00:05.283+0000] {taskinstance.py:1406} INFO - Marking task as SUCCESS. dag_id=consumer, task_id=read_dataset, execution_date=20250406T000003, start_date=20250406T000005, end_date=20250406T000005
[2025-04-06T00:00:05.308+0000] {local_task_job.py:164} INFO - Task exited with return code 0
[2025-04-06T00:00:05.322+0000] {local_task_job.py:273} INFO - 0 downstream tasks scheduled from follow-on schedule check
