[2025-04-28T10:36:05.267+0000] {taskinstance.py:1165} INFO - Dependencies all met for <TaskInstance: parallel_dag.transform scheduled__2025-04-27T00:00:00+00:00 [queued]>
[2025-04-28T10:36:05.293+0000] {taskinstance.py:1165} INFO - Dependencies all met for <TaskInstance: parallel_dag.transform scheduled__2025-04-27T00:00:00+00:00 [queued]>
[2025-04-28T10:36:05.296+0000] {taskinstance.py:1362} INFO - 
--------------------------------------------------------------------------------
[2025-04-28T10:36:05.297+0000] {taskinstance.py:1363} INFO - Starting attempt 1 of 1
[2025-04-28T10:36:05.297+0000] {taskinstance.py:1364} INFO - 
--------------------------------------------------------------------------------
[2025-04-28T10:36:05.328+0000] {taskinstance.py:1383} INFO - Executing <Task(BashOperator): transform> on 2025-04-27 00:00:00+00:00
[2025-04-28T10:36:05.349+0000] {standard_task_runner.py:55} INFO - Started process 226 to run task
[2025-04-28T10:36:05.363+0000] {standard_task_runner.py:82} INFO - Running: ['***', 'tasks', 'run', 'parallel_dag', 'transform', 'scheduled__2025-04-27T00:00:00+00:00', '--job-id', '265', '--raw', '--subdir', 'DAGS_FOLDER/parallel_dag.py', '--cfg-path', '/tmp/tmpuh70j6nd']
[2025-04-28T10:36:05.370+0000] {standard_task_runner.py:83} INFO - Job 265: Subtask transform
[2025-04-28T10:36:05.507+0000] {task_command.py:376} INFO - Running <TaskInstance: parallel_dag.transform scheduled__2025-04-27T00:00:00+00:00 [running]> on host fae2b1eff5d6
[2025-04-28T10:36:05.693+0000] {taskinstance.py:1592} INFO - Exporting the following env vars:
AIRFLOW_CTX_DAG_OWNER=***
AIRFLOW_CTX_DAG_ID=parallel_dag
AIRFLOW_CTX_TASK_ID=transform
AIRFLOW_CTX_EXECUTION_DATE=2025-04-27T00:00:00+00:00
AIRFLOW_CTX_TRY_NUMBER=1
AIRFLOW_CTX_DAG_RUN_ID=scheduled__2025-04-27T00:00:00+00:00
[2025-04-28T10:36:05.701+0000] {subprocess.py:63} INFO - Tmp dir root location: 
 /tmp
[2025-04-28T10:36:05.704+0000] {subprocess.py:75} INFO - Running command: ['/bin/bash', '-c', 'sleep 10']
[2025-04-28T10:36:05.732+0000] {subprocess.py:86} INFO - Output:
[2025-04-28T10:36:15.740+0000] {subprocess.py:97} INFO - Command exited with return code 0
[2025-04-28T10:36:15.788+0000] {taskinstance.py:1406} INFO - Marking task as SUCCESS. dag_id=parallel_dag, task_id=transform, execution_date=20250427T000000, start_date=20250428T103605, end_date=20250428T103615
[2025-04-28T10:36:15.845+0000] {local_task_job.py:164} INFO - Task exited with return code 0
[2025-04-28T10:36:15.863+0000] {local_task_job.py:273} INFO - 0 downstream tasks scheduled from follow-on schedule check
