[2025-04-28T10:35:43.624+0000] {taskinstance.py:1165} INFO - Dependencies all met for <TaskInstance: consumer.read_dataset dataset_triggered__2025-04-28T10:35:31.724009+00:00 [queued]>
[2025-04-28T10:35:43.718+0000] {taskinstance.py:1165} INFO - Dependencies all met for <TaskInstance: consumer.read_dataset dataset_triggered__2025-04-28T10:35:31.724009+00:00 [queued]>
[2025-04-28T10:35:43.720+0000] {taskinstance.py:1362} INFO - 
--------------------------------------------------------------------------------
[2025-04-28T10:35:43.721+0000] {taskinstance.py:1363} INFO - Starting attempt 1 of 1
[2025-04-28T10:35:43.724+0000] {taskinstance.py:1364} INFO - 
--------------------------------------------------------------------------------
[2025-04-28T10:35:44.234+0000] {taskinstance.py:1383} INFO - Executing <Task(_PythonDecoratedOperator): read_dataset> on 2025-04-28 10:35:31.724009+00:00
[2025-04-28T10:35:44.348+0000] {standard_task_runner.py:55} INFO - Started process 185 to run task
[2025-04-28T10:35:44.477+0000] {standard_task_runner.py:82} INFO - Running: ['***', 'tasks', 'run', 'consumer', 'read_dataset', 'dataset_triggered__2025-04-28T10:35:31.724009+00:00', '--job-id', '254', '--raw', '--subdir', 'DAGS_FOLDER/consumer.py', '--cfg-path', '/tmp/tmpxiacb_dz']
[2025-04-28T10:35:44.495+0000] {standard_task_runner.py:83} INFO - Job 254: Subtask read_dataset
[2025-04-28T10:35:45.553+0000] {task_command.py:376} INFO - Running <TaskInstance: consumer.read_dataset dataset_triggered__2025-04-28T10:35:31.724009+00:00 [running]> on host fae2b1eff5d6
[2025-04-28T10:35:46.419+0000] {taskinstance.py:1592} INFO - Exporting the following env vars:
AIRFLOW_CTX_DAG_OWNER=***
AIRFLOW_CTX_DAG_ID=consumer
AIRFLOW_CTX_TASK_ID=read_dataset
AIRFLOW_CTX_EXECUTION_DATE=2025-04-28T10:35:31.724009+00:00
AIRFLOW_CTX_TRY_NUMBER=1
AIRFLOW_CTX_DAG_RUN_ID=dataset_triggered__2025-04-28T10:35:31.724009+00:00
[2025-04-28T10:35:46.523+0000] {logging_mixin.py:120} INFO - producer updateproducer updateproducer updateproducer update
[2025-04-28T10:35:46.539+0000] {python.py:177} INFO - Done. Returned value was: None
[2025-04-28T10:35:47.550+0000] {taskinstance.py:1406} INFO - Marking task as SUCCESS. dag_id=consumer, task_id=read_dataset, execution_date=20250428T103531, start_date=20250428T103543, end_date=20250428T103547
[2025-04-28T10:35:48.745+0000] {local_task_job.py:164} INFO - Task exited with return code 0
[2025-04-28T10:35:49.804+0000] {local_task_job.py:273} INFO - 0 downstream tasks scheduled from follow-on schedule check
