[2025-04-05T20:49:36.843+0000] {taskinstance.py:1165} INFO - Dependencies all met for <TaskInstance: group_dag.downloads.download_c scheduled__2025-04-04T00:00:00+00:00 [queued]>
[2025-04-05T20:49:36.886+0000] {taskinstance.py:1165} INFO - Dependencies all met for <TaskInstance: group_dag.downloads.download_c scheduled__2025-04-04T00:00:00+00:00 [queued]>
[2025-04-05T20:49:36.889+0000] {taskinstance.py:1362} INFO - 
--------------------------------------------------------------------------------
[2025-04-05T20:49:36.897+0000] {taskinstance.py:1363} INFO - Starting attempt 1 of 1
[2025-04-05T20:49:36.898+0000] {taskinstance.py:1364} INFO - 
--------------------------------------------------------------------------------
[2025-04-05T20:49:36.992+0000] {taskinstance.py:1383} INFO - Executing <Task(BashOperator): downloads.download_c> on 2025-04-04 00:00:00+00:00
[2025-04-05T20:49:37.069+0000] {standard_task_runner.py:55} INFO - Started process 95 to run task
[2025-04-05T20:49:37.123+0000] {standard_task_runner.py:82} INFO - Running: ['***', 'tasks', 'run', 'group_dag', 'downloads.download_c', 'scheduled__2025-04-04T00:00:00+00:00', '--job-id', '72', '--raw', '--subdir', 'DAGS_FOLDER/group_dag.py', '--cfg-path', '/tmp/tmphp9gpmfk']
[2025-04-05T20:49:37.126+0000] {standard_task_runner.py:83} INFO - Job 72: Subtask downloads.download_c
[2025-04-05T20:49:37.746+0000] {task_command.py:376} INFO - Running <TaskInstance: group_dag.downloads.download_c scheduled__2025-04-04T00:00:00+00:00 [running]> on host 8545ef973b24
[2025-04-05T20:49:38.052+0000] {taskinstance.py:1592} INFO - Exporting the following env vars:
AIRFLOW_CTX_DAG_OWNER=***
AIRFLOW_CTX_DAG_ID=group_dag
AIRFLOW_CTX_TASK_ID=downloads.download_c
AIRFLOW_CTX_EXECUTION_DATE=2025-04-04T00:00:00+00:00
AIRFLOW_CTX_TRY_NUMBER=1
AIRFLOW_CTX_DAG_RUN_ID=scheduled__2025-04-04T00:00:00+00:00
[2025-04-05T20:49:38.091+0000] {subprocess.py:63} INFO - Tmp dir root location: 
 /tmp
[2025-04-05T20:49:38.098+0000] {subprocess.py:75} INFO - Running command: ['/bin/bash', '-c', 'sleep 10']
[2025-04-05T20:49:38.377+0000] {subprocess.py:86} INFO - Output:
[2025-04-05T20:49:48.468+0000] {subprocess.py:97} INFO - Command exited with return code 0
[2025-04-05T20:49:48.675+0000] {taskinstance.py:1406} INFO - Marking task as SUCCESS. dag_id=group_dag, task_id=downloads.download_c, execution_date=20250404T000000, start_date=20250405T204936, end_date=20250405T204948
[2025-04-05T20:49:48.801+0000] {local_task_job.py:164} INFO - Task exited with return code 0
[2025-04-05T20:49:48.949+0000] {local_task_job.py:273} INFO - 0 downstream tasks scheduled from follow-on schedule check
