[2025-04-05T20:49:36.748+0000] {taskinstance.py:1165} INFO - Dependencies all met for <TaskInstance: parallel_dag.extract_b scheduled__2025-04-04T00:00:00+00:00 [queued]>
[2025-04-05T20:49:36.830+0000] {taskinstance.py:1165} INFO - Dependencies all met for <TaskInstance: parallel_dag.extract_b scheduled__2025-04-04T00:00:00+00:00 [queued]>
[2025-04-05T20:49:36.833+0000] {taskinstance.py:1362} INFO - 
--------------------------------------------------------------------------------
[2025-04-05T20:49:36.835+0000] {taskinstance.py:1363} INFO - Starting attempt 1 of 1
[2025-04-05T20:49:36.837+0000] {taskinstance.py:1364} INFO - 
--------------------------------------------------------------------------------
[2025-04-05T20:49:36.937+0000] {taskinstance.py:1383} INFO - Executing <Task(BashOperator): extract_b> on 2025-04-04 00:00:00+00:00
[2025-04-05T20:49:36.987+0000] {standard_task_runner.py:55} INFO - Started process 94 to run task
[2025-04-05T20:49:37.026+0000] {standard_task_runner.py:82} INFO - Running: ['***', 'tasks', 'run', 'parallel_dag', 'extract_b', 'scheduled__2025-04-04T00:00:00+00:00', '--job-id', '74', '--raw', '--subdir', 'DAGS_FOLDER/parallel_dag.py', '--cfg-path', '/tmp/tmpo5ngazyo']
[2025-04-05T20:49:37.032+0000] {standard_task_runner.py:83} INFO - Job 74: Subtask extract_b
[2025-04-05T20:49:37.883+0000] {task_command.py:376} INFO - Running <TaskInstance: parallel_dag.extract_b scheduled__2025-04-04T00:00:00+00:00 [running]> on host 8545ef973b24
[2025-04-05T20:49:38.479+0000] {taskinstance.py:1592} INFO - Exporting the following env vars:
AIRFLOW_CTX_DAG_OWNER=***
AIRFLOW_CTX_DAG_ID=parallel_dag
AIRFLOW_CTX_TASK_ID=extract_b
AIRFLOW_CTX_EXECUTION_DATE=2025-04-04T00:00:00+00:00
AIRFLOW_CTX_TRY_NUMBER=1
AIRFLOW_CTX_DAG_RUN_ID=scheduled__2025-04-04T00:00:00+00:00
[2025-04-05T20:49:38.496+0000] {subprocess.py:63} INFO - Tmp dir root location: 
 /tmp
[2025-04-05T20:49:38.507+0000] {subprocess.py:75} INFO - Running command: ['/bin/bash', '-c', 'sleep 10']
[2025-04-05T20:49:38.655+0000] {subprocess.py:86} INFO - Output:
[2025-04-05T20:49:48.580+0000] {subprocess.py:97} INFO - Command exited with return code 0
[2025-04-05T20:49:48.709+0000] {taskinstance.py:1406} INFO - Marking task as SUCCESS. dag_id=parallel_dag, task_id=extract_b, execution_date=20250404T000000, start_date=20250405T204936, end_date=20250405T204948
[2025-04-05T20:49:48.794+0000] {local_task_job.py:164} INFO - Task exited with return code 0
[2025-04-05T20:49:48.890+0000] {local_task_job.py:273} INFO - 1 downstream tasks scheduled from follow-on schedule check
