[2025-04-30T03:30:46.828+0000] {taskinstance.py:1165} INFO - Dependencies all met for <TaskInstance: user_processing.process_user scheduled__2025-04-29T00:00:00+00:00 [queued]>
[2025-04-30T03:30:46.841+0000] {taskinstance.py:1165} INFO - Dependencies all met for <TaskInstance: user_processing.process_user scheduled__2025-04-29T00:00:00+00:00 [queued]>
[2025-04-30T03:30:46.842+0000] {taskinstance.py:1362} INFO - 
--------------------------------------------------------------------------------
[2025-04-30T03:30:46.842+0000] {taskinstance.py:1363} INFO - Starting attempt 1 of 1
[2025-04-30T03:30:46.842+0000] {taskinstance.py:1364} INFO - 
--------------------------------------------------------------------------------
[2025-04-30T03:30:46.886+0000] {taskinstance.py:1383} INFO - Executing <Task(PythonOperator): process_user> on 2025-04-29 00:00:00+00:00
[2025-04-30T03:30:46.903+0000] {standard_task_runner.py:55} INFO - Started process 12944 to run task
[2025-04-30T03:30:46.910+0000] {standard_task_runner.py:82} INFO - Running: ['***', 'tasks', 'run', 'user_processing', 'process_user', 'scheduled__2025-04-29T00:00:00+00:00', '--job-id', '314', '--raw', '--subdir', 'DAGS_FOLDER/user_processing.py', '--cfg-path', '/tmp/tmpncv4zy3e']
[2025-04-30T03:30:46.932+0000] {standard_task_runner.py:83} INFO - Job 314: Subtask process_user
[2025-04-30T03:30:47.092+0000] {task_command.py:376} INFO - Running <TaskInstance: user_processing.process_user scheduled__2025-04-29T00:00:00+00:00 [running]> on host fae2b1eff5d6
[2025-04-30T03:30:47.333+0000] {taskinstance.py:1592} INFO - Exporting the following env vars:
AIRFLOW_CTX_DAG_OWNER=***
AIRFLOW_CTX_DAG_ID=user_processing
AIRFLOW_CTX_TASK_ID=process_user
AIRFLOW_CTX_EXECUTION_DATE=2025-04-29T00:00:00+00:00
AIRFLOW_CTX_TRY_NUMBER=1
AIRFLOW_CTX_DAG_RUN_ID=scheduled__2025-04-29T00:00:00+00:00
[2025-04-30T03:30:47.520+0000] {python.py:177} INFO - Done. Returned value was: None
[2025-04-30T03:30:47.570+0000] {taskinstance.py:1406} INFO - Marking task as SUCCESS. dag_id=user_processing, task_id=process_user, execution_date=20250429T000000, start_date=20250430T033046, end_date=20250430T033047
[2025-04-30T03:30:47.702+0000] {local_task_job.py:164} INFO - Task exited with return code 0
[2025-04-30T03:30:47.855+0000] {local_task_job.py:273} INFO - 1 downstream tasks scheduled from follow-on schedule check
