[2025-04-08T00:47:05.274+0000] {taskinstance.py:1165} INFO - Dependencies all met for <TaskInstance: parallel_dag.load_a scheduled__2025-04-07T00:00:00+00:00 [queued]>
[2025-04-08T00:47:05.281+0000] {taskinstance.py:1165} INFO - Dependencies all met for <TaskInstance: parallel_dag.load_a scheduled__2025-04-07T00:00:00+00:00 [queued]>
[2025-04-08T00:47:05.281+0000] {taskinstance.py:1362} INFO - 
--------------------------------------------------------------------------------
[2025-04-08T00:47:05.282+0000] {taskinstance.py:1363} INFO - Starting attempt 1 of 1
[2025-04-08T00:47:05.282+0000] {taskinstance.py:1364} INFO - 
--------------------------------------------------------------------------------
[2025-04-08T00:47:05.292+0000] {taskinstance.py:1383} INFO - Executing <Task(BashOperator): load_a> on 2025-04-07 00:00:00+00:00
[2025-04-08T00:47:05.295+0000] {standard_task_runner.py:55} INFO - Started process 2940 to run task
[2025-04-08T00:47:05.297+0000] {standard_task_runner.py:82} INFO - Running: ['***', 'tasks', 'run', 'parallel_dag', 'load_a', 'scheduled__2025-04-07T00:00:00+00:00', '--job-id', '220', '--raw', '--subdir', 'DAGS_FOLDER/parallel_dag.py', '--cfg-path', '/tmp/tmpnmpflnpy']
[2025-04-08T00:47:05.299+0000] {standard_task_runner.py:83} INFO - Job 220: Subtask load_a
[2025-04-08T00:47:05.379+0000] {task_command.py:376} INFO - Running <TaskInstance: parallel_dag.load_a scheduled__2025-04-07T00:00:00+00:00 [running]> on host fae2b1eff5d6
[2025-04-08T00:47:05.451+0000] {taskinstance.py:1592} INFO - Exporting the following env vars:
AIRFLOW_CTX_DAG_OWNER=***
AIRFLOW_CTX_DAG_ID=parallel_dag
AIRFLOW_CTX_TASK_ID=load_a
AIRFLOW_CTX_EXECUTION_DATE=2025-04-07T00:00:00+00:00
AIRFLOW_CTX_TRY_NUMBER=1
AIRFLOW_CTX_DAG_RUN_ID=scheduled__2025-04-07T00:00:00+00:00
[2025-04-08T00:47:05.452+0000] {subprocess.py:63} INFO - Tmp dir root location: 
 /tmp
[2025-04-08T00:47:05.452+0000] {subprocess.py:75} INFO - Running command: ['/bin/bash', '-c', 'sleep 10']
[2025-04-08T00:47:05.458+0000] {subprocess.py:86} INFO - Output:
[2025-04-08T00:47:15.466+0000] {subprocess.py:97} INFO - Command exited with return code 0
[2025-04-08T00:47:15.504+0000] {taskinstance.py:1406} INFO - Marking task as SUCCESS. dag_id=parallel_dag, task_id=load_a, execution_date=20250407T000000, start_date=20250408T004705, end_date=20250408T004715
[2025-04-08T00:47:15.565+0000] {local_task_job.py:164} INFO - Task exited with return code 0
[2025-04-08T00:47:15.583+0000] {local_task_job.py:273} INFO - 0 downstream tasks scheduled from follow-on schedule check
