[2025-04-08T00:47:02.596+0000] {taskinstance.py:1165} INFO - Dependencies all met for <TaskInstance: parallel_dag.extract_b scheduled__2025-04-07T00:00:00+00:00 [queued]>
[2025-04-08T00:47:02.627+0000] {taskinstance.py:1165} INFO - Dependencies all met for <TaskInstance: parallel_dag.extract_b scheduled__2025-04-07T00:00:00+00:00 [queued]>
[2025-04-08T00:47:02.629+0000] {taskinstance.py:1362} INFO - 
--------------------------------------------------------------------------------
[2025-04-08T00:47:02.630+0000] {taskinstance.py:1363} INFO - Starting attempt 1 of 1
[2025-04-08T00:47:02.638+0000] {taskinstance.py:1364} INFO - 
--------------------------------------------------------------------------------
[2025-04-08T00:47:02.668+0000] {taskinstance.py:1383} INFO - Executing <Task(BashOperator): extract_b> on 2025-04-07 00:00:00+00:00
[2025-04-08T00:47:02.682+0000] {standard_task_runner.py:55} INFO - Started process 2910 to run task
[2025-04-08T00:47:02.705+0000] {standard_task_runner.py:82} INFO - Running: ['***', 'tasks', 'run', 'parallel_dag', 'extract_b', 'scheduled__2025-04-07T00:00:00+00:00', '--job-id', '207', '--raw', '--subdir', 'DAGS_FOLDER/parallel_dag.py', '--cfg-path', '/tmp/tmptxp1bbca']
[2025-04-08T00:47:02.713+0000] {standard_task_runner.py:83} INFO - Job 207: Subtask extract_b
[2025-04-08T00:47:02.871+0000] {task_command.py:376} INFO - Running <TaskInstance: parallel_dag.extract_b scheduled__2025-04-07T00:00:00+00:00 [running]> on host fae2b1eff5d6
[2025-04-08T00:47:03.138+0000] {taskinstance.py:1592} INFO - Exporting the following env vars:
AIRFLOW_CTX_DAG_OWNER=***
AIRFLOW_CTX_DAG_ID=parallel_dag
AIRFLOW_CTX_TASK_ID=extract_b
AIRFLOW_CTX_EXECUTION_DATE=2025-04-07T00:00:00+00:00
AIRFLOW_CTX_TRY_NUMBER=1
AIRFLOW_CTX_DAG_RUN_ID=scheduled__2025-04-07T00:00:00+00:00
[2025-04-08T00:47:03.142+0000] {subprocess.py:63} INFO - Tmp dir root location: 
 /tmp
[2025-04-08T00:47:03.149+0000] {subprocess.py:75} INFO - Running command: ['/bin/bash', '-c', 'sleep 10']
[2025-04-08T00:47:03.186+0000] {subprocess.py:86} INFO - Output:
[2025-04-08T00:47:13.190+0000] {subprocess.py:97} INFO - Command exited with return code 0
[2025-04-08T00:47:13.227+0000] {taskinstance.py:1406} INFO - Marking task as SUCCESS. dag_id=parallel_dag, task_id=extract_b, execution_date=20250407T000000, start_date=20250408T004702, end_date=20250408T004713
[2025-04-08T00:47:13.276+0000] {local_task_job.py:164} INFO - Task exited with return code 0
[2025-04-08T00:47:13.298+0000] {local_task_job.py:273} INFO - 1 downstream tasks scheduled from follow-on schedule check
