[2025-04-30T00:18:12.497+0000] {taskinstance.py:1165} INFO - Dependencies all met for <TaskInstance: parallel_dag.load_a scheduled__2025-04-29T00:00:00+00:00 [queued]>
[2025-04-30T00:18:12.642+0000] {taskinstance.py:1165} INFO - Dependencies all met for <TaskInstance: parallel_dag.load_a scheduled__2025-04-29T00:00:00+00:00 [queued]>
[2025-04-30T00:18:12.652+0000] {taskinstance.py:1362} INFO - 
--------------------------------------------------------------------------------
[2025-04-30T00:18:12.670+0000] {taskinstance.py:1363} INFO - Starting attempt 1 of 1
[2025-04-30T00:18:12.675+0000] {taskinstance.py:1364} INFO - 
--------------------------------------------------------------------------------
[2025-04-30T00:18:13.152+0000] {taskinstance.py:1383} INFO - Executing <Task(BashOperator): load_a> on 2025-04-29 00:00:00+00:00
[2025-04-30T00:18:13.244+0000] {standard_task_runner.py:55} INFO - Started process 12928 to run task
[2025-04-30T00:18:13.373+0000] {standard_task_runner.py:82} INFO - Running: ['***', 'tasks', 'run', 'parallel_dag', 'load_a', 'scheduled__2025-04-29T00:00:00+00:00', '--job-id', '309', '--raw', '--subdir', 'DAGS_FOLDER/parallel_dag.py', '--cfg-path', '/tmp/tmpyxzqv6tl']
[2025-04-30T00:18:13.439+0000] {standard_task_runner.py:83} INFO - Job 309: Subtask load_a
[2025-04-30T03:30:28.099+0000] {task_command.py:376} INFO - Running <TaskInstance: parallel_dag.load_a scheduled__2025-04-29T00:00:00+00:00 [running]> on host fae2b1eff5d6
[2025-04-30T03:30:29.625+0000] {taskinstance.py:1592} INFO - Exporting the following env vars:
AIRFLOW_CTX_DAG_OWNER=***
AIRFLOW_CTX_DAG_ID=parallel_dag
AIRFLOW_CTX_TASK_ID=load_a
AIRFLOW_CTX_EXECUTION_DATE=2025-04-29T00:00:00+00:00
AIRFLOW_CTX_TRY_NUMBER=1
AIRFLOW_CTX_DAG_RUN_ID=scheduled__2025-04-29T00:00:00+00:00
[2025-04-30T03:30:29.697+0000] {subprocess.py:63} INFO - Tmp dir root location: 
 /tmp
[2025-04-30T03:30:29.705+0000] {subprocess.py:75} INFO - Running command: ['/bin/bash', '-c', 'sleep 10']
[2025-04-30T03:30:30.003+0000] {subprocess.py:86} INFO - Output:
[2025-04-30T03:30:40.066+0000] {subprocess.py:97} INFO - Command exited with return code 0
[2025-04-30T03:30:40.814+0000] {taskinstance.py:1406} INFO - Marking task as SUCCESS. dag_id=parallel_dag, task_id=load_a, execution_date=20250429T000000, start_date=20250430T001812, end_date=20250430T033040
[2025-04-30T03:30:41.319+0000] {local_task_job.py:164} INFO - Task exited with return code 0
[2025-04-30T03:30:41.796+0000] {local_task_job.py:273} INFO - 0 downstream tasks scheduled from follow-on schedule check
