[2025-04-01T10:30:06.633+0000] {taskinstance.py:1165} INFO - Dependencies all met for <TaskInstance: example_bash_operator.run_after_loop scheduled__2025-03-31T00:00:00+00:00 [queued]>
[2025-04-01T10:30:06.638+0000] {taskinstance.py:1165} INFO - Dependencies all met for <TaskInstance: example_bash_operator.run_after_loop scheduled__2025-03-31T00:00:00+00:00 [queued]>
[2025-04-01T10:30:06.638+0000] {taskinstance.py:1362} INFO - 
--------------------------------------------------------------------------------
[2025-04-01T10:30:06.638+0000] {taskinstance.py:1363} INFO - Starting attempt 1 of 1
[2025-04-01T10:30:06.638+0000] {taskinstance.py:1364} INFO - 
--------------------------------------------------------------------------------
[2025-04-01T10:30:06.644+0000] {taskinstance.py:1383} INFO - Executing <Task(BashOperator): run_after_loop> on 2025-03-31 00:00:00+00:00
[2025-04-01T10:30:06.646+0000] {standard_task_runner.py:55} INFO - Started process 480 to run task
[2025-04-01T10:30:06.649+0000] {standard_task_runner.py:82} INFO - Running: ['***', 'tasks', 'run', 'example_bash_operator', 'run_after_loop', 'scheduled__2025-03-31T00:00:00+00:00', '--job-id', '8', '--raw', '--subdir', '/home/***/.local/lib/python3.7/site-packages/***/example_dags/example_bash_operator.py', '--cfg-path', '/tmp/tmp0tdum9jh']
[2025-04-01T10:30:06.649+0000] {standard_task_runner.py:83} INFO - Job 8: Subtask run_after_loop
[2025-04-01T10:30:06.675+0000] {task_command.py:376} INFO - Running <TaskInstance: example_bash_operator.run_after_loop scheduled__2025-03-31T00:00:00+00:00 [running]> on host dd456f953b15
[2025-04-01T10:30:06.703+0000] {taskinstance.py:1592} INFO - Exporting the following env vars:
AIRFLOW_CTX_DAG_OWNER=***
AIRFLOW_CTX_DAG_ID=example_bash_operator
AIRFLOW_CTX_TASK_ID=run_after_loop
AIRFLOW_CTX_EXECUTION_DATE=2025-03-31T00:00:00+00:00
AIRFLOW_CTX_TRY_NUMBER=1
AIRFLOW_CTX_DAG_RUN_ID=scheduled__2025-03-31T00:00:00+00:00
[2025-04-01T10:30:06.703+0000] {subprocess.py:63} INFO - Tmp dir root location: 
 /tmp
[2025-04-01T10:30:06.704+0000] {subprocess.py:75} INFO - Running command: ['/bin/bash', '-c', 'echo 1']
[2025-04-01T10:30:06.708+0000] {subprocess.py:86} INFO - Output:
[2025-04-01T10:30:06.710+0000] {subprocess.py:93} INFO - 1
[2025-04-01T10:30:06.710+0000] {subprocess.py:97} INFO - Command exited with return code 0
[2025-04-01T10:30:06.720+0000] {taskinstance.py:1406} INFO - Marking task as SUCCESS. dag_id=example_bash_operator, task_id=run_after_loop, execution_date=20250331T000000, start_date=20250401T103006, end_date=20250401T103006
[2025-04-01T10:30:06.747+0000] {local_task_job.py:164} INFO - Task exited with return code 0
[2025-04-01T10:30:06.758+0000] {local_task_job.py:273} INFO - 0 downstream tasks scheduled from follow-on schedule check
