[2025-04-29T00:03:17.541+0000] {taskinstance.py:1165} INFO - Dependencies all met for <TaskInstance: docker_dag.t1 scheduled__2025-04-28T00:00:00+00:00 [queued]>
[2025-04-29T00:03:17.687+0000] {taskinstance.py:1165} INFO - Dependencies all met for <TaskInstance: docker_dag.t1 scheduled__2025-04-28T00:00:00+00:00 [queued]>
[2025-04-29T00:03:17.699+0000] {taskinstance.py:1362} INFO - 
--------------------------------------------------------------------------------
[2025-04-29T00:03:17.710+0000] {taskinstance.py:1363} INFO - Starting attempt 1 of 1
[2025-04-29T00:03:17.754+0000] {taskinstance.py:1364} INFO - 
--------------------------------------------------------------------------------
[2025-04-29T00:03:18.440+0000] {taskinstance.py:1383} INFO - Executing <Task(_PythonDecoratedOperator): t1> on 2025-04-28 00:00:00+00:00
[2025-04-29T00:03:18.506+0000] {standard_task_runner.py:55} INFO - Started process 4345 to run task
[2025-04-29T00:03:18.582+0000] {standard_task_runner.py:82} INFO - Running: ['***', 'tasks', 'run', 'docker_dag', 't1', 'scheduled__2025-04-28T00:00:00+00:00', '--job-id', '283', '--raw', '--subdir', 'DAGS_FOLDER/docker_dag.py', '--cfg-path', '/tmp/tmp4n97ej52']
[2025-04-29T00:03:18.620+0000] {standard_task_runner.py:83} INFO - Job 283: Subtask t1
[2025-04-29T00:03:19.366+0000] {task_command.py:376} INFO - Running <TaskInstance: docker_dag.t1 scheduled__2025-04-28T00:00:00+00:00 [running]> on host fae2b1eff5d6
[2025-04-29T00:03:19.904+0000] {taskinstance.py:1592} INFO - Exporting the following env vars:
AIRFLOW_CTX_DAG_OWNER=***
AIRFLOW_CTX_DAG_ID=docker_dag
AIRFLOW_CTX_TASK_ID=t1
AIRFLOW_CTX_EXECUTION_DATE=2025-04-28T00:00:00+00:00
AIRFLOW_CTX_TRY_NUMBER=1
AIRFLOW_CTX_DAG_RUN_ID=scheduled__2025-04-28T00:00:00+00:00
[2025-04-29T00:03:19.932+0000] {python.py:177} INFO - Done. Returned value was: None
[2025-04-29T00:03:20.015+0000] {taskinstance.py:1406} INFO - Marking task as SUCCESS. dag_id=docker_dag, task_id=t1, execution_date=20250428T000000, start_date=20250429T000317, end_date=20250429T000320
[2025-04-29T00:03:20.108+0000] {local_task_job.py:164} INFO - Task exited with return code 0
[2025-04-29T00:03:20.417+0000] {local_task_job.py:273} INFO - 1 downstream tasks scheduled from follow-on schedule check
