[2025-04-30T03:30:54.056+0000] {taskinstance.py:1165} INFO - Dependencies all met for <TaskInstance: group_dag.transforms.transform_c scheduled__2025-04-29T00:00:00+00:00 [queued]>
[2025-04-30T03:30:54.096+0000] {taskinstance.py:1165} INFO - Dependencies all met for <TaskInstance: group_dag.transforms.transform_c scheduled__2025-04-29T00:00:00+00:00 [queued]>
[2025-04-30T03:30:54.097+0000] {taskinstance.py:1362} INFO - 
--------------------------------------------------------------------------------
[2025-04-30T03:30:54.098+0000] {taskinstance.py:1363} INFO - Starting attempt 1 of 1
[2025-04-30T03:30:54.099+0000] {taskinstance.py:1364} INFO - 
--------------------------------------------------------------------------------
[2025-04-30T03:30:54.143+0000] {taskinstance.py:1383} INFO - Executing <Task(BashOperator): transforms.transform_c> on 2025-04-29 00:00:00+00:00
[2025-04-30T03:30:54.155+0000] {standard_task_runner.py:55} INFO - Started process 12963 to run task
[2025-04-30T03:30:54.163+0000] {standard_task_runner.py:82} INFO - Running: ['***', 'tasks', 'run', 'group_dag', 'transforms.transform_c', 'scheduled__2025-04-29T00:00:00+00:00', '--job-id', '316', '--raw', '--subdir', 'DAGS_FOLDER/group_dag.py', '--cfg-path', '/tmp/tmp5acn81yj']
[2025-04-30T03:30:54.166+0000] {standard_task_runner.py:83} INFO - Job 316: Subtask transforms.transform_c
[2025-04-30T03:30:54.416+0000] {task_command.py:376} INFO - Running <TaskInstance: group_dag.transforms.transform_c scheduled__2025-04-29T00:00:00+00:00 [running]> on host fae2b1eff5d6
[2025-04-30T03:30:54.566+0000] {taskinstance.py:1592} INFO - Exporting the following env vars:
AIRFLOW_CTX_DAG_OWNER=***
AIRFLOW_CTX_DAG_ID=group_dag
AIRFLOW_CTX_TASK_ID=transforms.transform_c
AIRFLOW_CTX_EXECUTION_DATE=2025-04-29T00:00:00+00:00
AIRFLOW_CTX_TRY_NUMBER=1
AIRFLOW_CTX_DAG_RUN_ID=scheduled__2025-04-29T00:00:00+00:00
[2025-04-30T03:30:54.570+0000] {subprocess.py:63} INFO - Tmp dir root location: 
 /tmp
[2025-04-30T03:30:54.571+0000] {subprocess.py:75} INFO - Running command: ['/bin/bash', '-c', 'sleep 10']
[2025-04-30T03:30:54.588+0000] {subprocess.py:86} INFO - Output:
[2025-04-30T03:35:01.652+0000] {subprocess.py:97} INFO - Command exited with return code 0
[2025-04-30T03:35:01.762+0000] {taskinstance.py:1406} INFO - Marking task as SUCCESS. dag_id=group_dag, task_id=transforms.transform_c, execution_date=20250429T000000, start_date=20250430T033054, end_date=20250430T033501
[2025-04-30T03:35:01.925+0000] {local_task_job.py:164} INFO - Task exited with return code 0
[2025-04-30T03:35:01.970+0000] {local_task_job.py:273} INFO - 0 downstream tasks scheduled from follow-on schedule check
