[2025-04-07T00:13:48.084+0000] {processor.py:154} INFO - Started process (PID=10332) to work on /opt/airflow/dags/groups/group_transforms.py
[2025-04-07T00:13:48.087+0000] {processor.py:756} INFO - Processing file /opt/airflow/dags/groups/group_transforms.py for tasks to queue
[2025-04-07T00:13:48.088+0000] {logging_mixin.py:120} INFO - [2025-04-07T00:13:48.088+0000] {dagbag.py:537} INFO - Filling up the DagBag from /opt/airflow/dags/groups/group_transforms.py
[2025-04-07T00:13:48.116+0000] {processor.py:768} WARNING - No viable dags retrieved from /opt/airflow/dags/groups/group_transforms.py
[2025-04-07T00:13:48.183+0000] {processor.py:176} INFO - Processing /opt/airflow/dags/groups/group_transforms.py took 0.111 seconds
[2025-04-07T01:03:05.082+0000] {processor.py:154} INFO - Started process (PID=10382) to work on /opt/airflow/dags/groups/group_transforms.py
[2025-04-07T01:03:05.089+0000] {processor.py:756} INFO - Processing file /opt/airflow/dags/groups/group_transforms.py for tasks to queue
[2025-04-07T01:03:05.092+0000] {logging_mixin.py:120} INFO - [2025-04-07T01:03:05.092+0000] {dagbag.py:537} INFO - Filling up the DagBag from /opt/airflow/dags/groups/group_transforms.py
[2025-04-07T01:03:05.186+0000] {processor.py:768} WARNING - No viable dags retrieved from /opt/airflow/dags/groups/group_transforms.py
[2025-04-07T01:03:05.293+0000] {processor.py:176} INFO - Processing /opt/airflow/dags/groups/group_transforms.py took 0.247 seconds
[2025-04-07T02:03:58.193+0000] {processor.py:154} INFO - Started process (PID=10418) to work on /opt/airflow/dags/groups/group_transforms.py
[2025-04-07T02:03:58.199+0000] {processor.py:756} INFO - Processing file /opt/airflow/dags/groups/group_transforms.py for tasks to queue
[2025-04-07T02:03:58.203+0000] {logging_mixin.py:120} INFO - [2025-04-07T02:03:58.202+0000] {dagbag.py:537} INFO - Filling up the DagBag from /opt/airflow/dags/groups/group_transforms.py
[2025-04-07T02:03:58.215+0000] {processor.py:768} WARNING - No viable dags retrieved from /opt/airflow/dags/groups/group_transforms.py
[2025-04-07T02:03:58.230+0000] {processor.py:176} INFO - Processing /opt/airflow/dags/groups/group_transforms.py took 0.040 seconds
[2025-04-07T02:48:43.062+0000] {processor.py:154} INFO - Started process (PID=10456) to work on /opt/airflow/dags/groups/group_transforms.py
[2025-04-07T02:48:43.065+0000] {processor.py:756} INFO - Processing file /opt/airflow/dags/groups/group_transforms.py for tasks to queue
[2025-04-07T02:48:43.067+0000] {logging_mixin.py:120} INFO - [2025-04-07T02:48:43.067+0000] {dagbag.py:537} INFO - Filling up the DagBag from /opt/airflow/dags/groups/group_transforms.py
[2025-04-07T02:48:43.084+0000] {processor.py:768} WARNING - No viable dags retrieved from /opt/airflow/dags/groups/group_transforms.py
[2025-04-07T02:48:43.108+0000] {processor.py:176} INFO - Processing /opt/airflow/dags/groups/group_transforms.py took 0.051 seconds
[2025-04-07T03:33:17.654+0000] {processor.py:154} INFO - Started process (PID=10493) to work on /opt/airflow/dags/groups/group_transforms.py
[2025-04-07T03:33:17.659+0000] {processor.py:756} INFO - Processing file /opt/airflow/dags/groups/group_transforms.py for tasks to queue
[2025-04-07T03:33:17.660+0000] {logging_mixin.py:120} INFO - [2025-04-07T03:33:17.660+0000] {dagbag.py:537} INFO - Filling up the DagBag from /opt/airflow/dags/groups/group_transforms.py
[2025-04-07T03:33:17.680+0000] {processor.py:768} WARNING - No viable dags retrieved from /opt/airflow/dags/groups/group_transforms.py
[2025-04-07T03:33:17.806+0000] {processor.py:176} INFO - Processing /opt/airflow/dags/groups/group_transforms.py took 0.170 seconds
[2025-04-07T04:17:34.352+0000] {processor.py:154} INFO - Started process (PID=10525) to work on /opt/airflow/dags/groups/group_transforms.py
[2025-04-07T04:17:34.353+0000] {processor.py:756} INFO - Processing file /opt/airflow/dags/groups/group_transforms.py for tasks to queue
[2025-04-07T04:17:34.354+0000] {logging_mixin.py:120} INFO - [2025-04-07T04:17:34.354+0000] {dagbag.py:537} INFO - Filling up the DagBag from /opt/airflow/dags/groups/group_transforms.py
[2025-04-07T04:17:34.361+0000] {processor.py:768} WARNING - No viable dags retrieved from /opt/airflow/dags/groups/group_transforms.py
[2025-04-07T04:17:34.404+0000] {processor.py:176} INFO - Processing /opt/airflow/dags/groups/group_transforms.py took 0.059 seconds
[2025-04-07T05:08:33.442+0000] {processor.py:154} INFO - Started process (PID=10564) to work on /opt/airflow/dags/groups/group_transforms.py
[2025-04-07T05:08:33.444+0000] {processor.py:756} INFO - Processing file /opt/airflow/dags/groups/group_transforms.py for tasks to queue
[2025-04-07T05:08:33.447+0000] {logging_mixin.py:120} INFO - [2025-04-07T05:08:33.447+0000] {dagbag.py:537} INFO - Filling up the DagBag from /opt/airflow/dags/groups/group_transforms.py
[2025-04-07T05:08:33.469+0000] {processor.py:768} WARNING - No viable dags retrieved from /opt/airflow/dags/groups/group_transforms.py
[2025-04-07T05:08:33.507+0000] {processor.py:176} INFO - Processing /opt/airflow/dags/groups/group_transforms.py took 0.071 seconds
[2025-04-07T06:37:29.687+0000] {processor.py:154} INFO - Started process (PID=10602) to work on /opt/airflow/dags/groups/group_transforms.py
[2025-04-07T06:37:29.698+0000] {processor.py:756} INFO - Processing file /opt/airflow/dags/groups/group_transforms.py for tasks to queue
[2025-04-07T06:37:29.700+0000] {logging_mixin.py:120} INFO - [2025-04-07T06:37:29.699+0000] {dagbag.py:537} INFO - Filling up the DagBag from /opt/airflow/dags/groups/group_transforms.py
[2025-04-07T06:37:29.716+0000] {processor.py:768} WARNING - No viable dags retrieved from /opt/airflow/dags/groups/group_transforms.py
[2025-04-07T06:37:29.765+0000] {processor.py:176} INFO - Processing /opt/airflow/dags/groups/group_transforms.py took 0.089 seconds
[2025-04-07T06:54:16.568+0000] {processor.py:154} INFO - Started process (PID=10632) to work on /opt/airflow/dags/groups/group_transforms.py
[2025-04-07T06:54:16.583+0000] {processor.py:756} INFO - Processing file /opt/airflow/dags/groups/group_transforms.py for tasks to queue
[2025-04-07T06:54:16.587+0000] {logging_mixin.py:120} INFO - [2025-04-07T06:54:16.586+0000] {dagbag.py:537} INFO - Filling up the DagBag from /opt/airflow/dags/groups/group_transforms.py
[2025-04-07T06:54:16.651+0000] {processor.py:768} WARNING - No viable dags retrieved from /opt/airflow/dags/groups/group_transforms.py
[2025-04-07T06:54:16.808+0000] {processor.py:176} INFO - Processing /opt/airflow/dags/groups/group_transforms.py took 0.267 seconds
[2025-04-07T06:54:47.604+0000] {processor.py:154} INFO - Started process (PID=10669) to work on /opt/airflow/dags/groups/group_transforms.py
[2025-04-07T06:54:47.609+0000] {processor.py:756} INFO - Processing file /opt/airflow/dags/groups/group_transforms.py for tasks to queue
[2025-04-07T06:54:47.610+0000] {logging_mixin.py:120} INFO - [2025-04-07T06:54:47.610+0000] {dagbag.py:537} INFO - Filling up the DagBag from /opt/airflow/dags/groups/group_transforms.py
[2025-04-07T06:54:47.619+0000] {processor.py:768} WARNING - No viable dags retrieved from /opt/airflow/dags/groups/group_transforms.py
[2025-04-07T06:54:47.641+0000] {processor.py:176} INFO - Processing /opt/airflow/dags/groups/group_transforms.py took 0.043 seconds
[2025-04-07T06:55:18.474+0000] {processor.py:154} INFO - Started process (PID=10699) to work on /opt/airflow/dags/groups/group_transforms.py
[2025-04-07T06:55:18.476+0000] {processor.py:756} INFO - Processing file /opt/airflow/dags/groups/group_transforms.py for tasks to queue
[2025-04-07T06:55:18.477+0000] {logging_mixin.py:120} INFO - [2025-04-07T06:55:18.477+0000] {dagbag.py:537} INFO - Filling up the DagBag from /opt/airflow/dags/groups/group_transforms.py
[2025-04-07T06:55:18.521+0000] {processor.py:768} WARNING - No viable dags retrieved from /opt/airflow/dags/groups/group_transforms.py
[2025-04-07T06:55:18.561+0000] {processor.py:176} INFO - Processing /opt/airflow/dags/groups/group_transforms.py took 0.096 seconds
[2025-04-07T06:55:49.181+0000] {processor.py:154} INFO - Started process (PID=10737) to work on /opt/airflow/dags/groups/group_transforms.py
[2025-04-07T06:55:49.183+0000] {processor.py:756} INFO - Processing file /opt/airflow/dags/groups/group_transforms.py for tasks to queue
[2025-04-07T06:55:49.185+0000] {logging_mixin.py:120} INFO - [2025-04-07T06:55:49.185+0000] {dagbag.py:537} INFO - Filling up the DagBag from /opt/airflow/dags/groups/group_transforms.py
[2025-04-07T06:55:49.192+0000] {processor.py:768} WARNING - No viable dags retrieved from /opt/airflow/dags/groups/group_transforms.py
[2025-04-07T06:55:49.216+0000] {processor.py:176} INFO - Processing /opt/airflow/dags/groups/group_transforms.py took 0.040 seconds
[2025-04-07T06:56:19.467+0000] {processor.py:154} INFO - Started process (PID=10776) to work on /opt/airflow/dags/groups/group_transforms.py
[2025-04-07T06:56:19.468+0000] {processor.py:756} INFO - Processing file /opt/airflow/dags/groups/group_transforms.py for tasks to queue
[2025-04-07T06:56:19.469+0000] {logging_mixin.py:120} INFO - [2025-04-07T06:56:19.469+0000] {dagbag.py:537} INFO - Filling up the DagBag from /opt/airflow/dags/groups/group_transforms.py
[2025-04-07T06:56:19.477+0000] {processor.py:768} WARNING - No viable dags retrieved from /opt/airflow/dags/groups/group_transforms.py
[2025-04-07T06:56:19.494+0000] {processor.py:176} INFO - Processing /opt/airflow/dags/groups/group_transforms.py took 0.036 seconds
[2025-04-07T06:56:49.581+0000] {processor.py:154} INFO - Started process (PID=10815) to work on /opt/airflow/dags/groups/group_transforms.py
[2025-04-07T06:56:49.581+0000] {processor.py:756} INFO - Processing file /opt/airflow/dags/groups/group_transforms.py for tasks to queue
[2025-04-07T06:56:49.582+0000] {logging_mixin.py:120} INFO - [2025-04-07T06:56:49.582+0000] {dagbag.py:537} INFO - Filling up the DagBag from /opt/airflow/dags/groups/group_transforms.py
[2025-04-07T06:56:49.584+0000] {processor.py:768} WARNING - No viable dags retrieved from /opt/airflow/dags/groups/group_transforms.py
[2025-04-07T06:56:49.593+0000] {processor.py:176} INFO - Processing /opt/airflow/dags/groups/group_transforms.py took 0.014 seconds
[2025-04-07T06:57:20.263+0000] {processor.py:154} INFO - Started process (PID=10854) to work on /opt/airflow/dags/groups/group_transforms.py
[2025-04-07T06:57:20.264+0000] {processor.py:756} INFO - Processing file /opt/airflow/dags/groups/group_transforms.py for tasks to queue
[2025-04-07T06:57:20.264+0000] {logging_mixin.py:120} INFO - [2025-04-07T06:57:20.264+0000] {dagbag.py:537} INFO - Filling up the DagBag from /opt/airflow/dags/groups/group_transforms.py
[2025-04-07T06:57:20.269+0000] {processor.py:768} WARNING - No viable dags retrieved from /opt/airflow/dags/groups/group_transforms.py
[2025-04-07T06:57:20.280+0000] {processor.py:176} INFO - Processing /opt/airflow/dags/groups/group_transforms.py took 0.019 seconds
[2025-04-07T06:57:50.730+0000] {processor.py:154} INFO - Started process (PID=10892) to work on /opt/airflow/dags/groups/group_transforms.py
[2025-04-07T06:57:50.731+0000] {processor.py:756} INFO - Processing file /opt/airflow/dags/groups/group_transforms.py for tasks to queue
[2025-04-07T06:57:50.731+0000] {logging_mixin.py:120} INFO - [2025-04-07T06:57:50.731+0000] {dagbag.py:537} INFO - Filling up the DagBag from /opt/airflow/dags/groups/group_transforms.py
[2025-04-07T06:57:50.734+0000] {processor.py:768} WARNING - No viable dags retrieved from /opt/airflow/dags/groups/group_transforms.py
[2025-04-07T06:57:50.746+0000] {processor.py:176} INFO - Processing /opt/airflow/dags/groups/group_transforms.py took 0.017 seconds
[2025-04-07T06:58:20.936+0000] {processor.py:154} INFO - Started process (PID=10921) to work on /opt/airflow/dags/groups/group_transforms.py
[2025-04-07T06:58:20.937+0000] {processor.py:756} INFO - Processing file /opt/airflow/dags/groups/group_transforms.py for tasks to queue
[2025-04-07T06:58:20.937+0000] {logging_mixin.py:120} INFO - [2025-04-07T06:58:20.937+0000] {dagbag.py:537} INFO - Filling up the DagBag from /opt/airflow/dags/groups/group_transforms.py
[2025-04-07T06:58:20.940+0000] {processor.py:768} WARNING - No viable dags retrieved from /opt/airflow/dags/groups/group_transforms.py
[2025-04-07T06:58:20.947+0000] {processor.py:176} INFO - Processing /opt/airflow/dags/groups/group_transforms.py took 0.013 seconds
[2025-04-07T06:58:51.122+0000] {processor.py:154} INFO - Started process (PID=10961) to work on /opt/airflow/dags/groups/group_transforms.py
[2025-04-07T06:58:51.122+0000] {processor.py:756} INFO - Processing file /opt/airflow/dags/groups/group_transforms.py for tasks to queue
[2025-04-07T06:58:51.123+0000] {logging_mixin.py:120} INFO - [2025-04-07T06:58:51.122+0000] {dagbag.py:537} INFO - Filling up the DagBag from /opt/airflow/dags/groups/group_transforms.py
[2025-04-07T06:58:51.126+0000] {processor.py:768} WARNING - No viable dags retrieved from /opt/airflow/dags/groups/group_transforms.py
[2025-04-07T06:58:51.132+0000] {processor.py:176} INFO - Processing /opt/airflow/dags/groups/group_transforms.py took 0.012 seconds
[2025-04-07T06:59:21.701+0000] {processor.py:154} INFO - Started process (PID=11000) to work on /opt/airflow/dags/groups/group_transforms.py
[2025-04-07T06:59:21.702+0000] {processor.py:756} INFO - Processing file /opt/airflow/dags/groups/group_transforms.py for tasks to queue
[2025-04-07T06:59:21.702+0000] {logging_mixin.py:120} INFO - [2025-04-07T06:59:21.702+0000] {dagbag.py:537} INFO - Filling up the DagBag from /opt/airflow/dags/groups/group_transforms.py
[2025-04-07T06:59:21.705+0000] {processor.py:768} WARNING - No viable dags retrieved from /opt/airflow/dags/groups/group_transforms.py
[2025-04-07T06:59:21.712+0000] {processor.py:176} INFO - Processing /opt/airflow/dags/groups/group_transforms.py took 0.012 seconds
[2025-04-07T06:59:51.949+0000] {processor.py:154} INFO - Started process (PID=11039) to work on /opt/airflow/dags/groups/group_transforms.py
[2025-04-07T06:59:51.950+0000] {processor.py:756} INFO - Processing file /opt/airflow/dags/groups/group_transforms.py for tasks to queue
[2025-04-07T06:59:51.950+0000] {logging_mixin.py:120} INFO - [2025-04-07T06:59:51.950+0000] {dagbag.py:537} INFO - Filling up the DagBag from /opt/airflow/dags/groups/group_transforms.py
[2025-04-07T06:59:51.956+0000] {processor.py:768} WARNING - No viable dags retrieved from /opt/airflow/dags/groups/group_transforms.py
[2025-04-07T06:59:51.962+0000] {processor.py:176} INFO - Processing /opt/airflow/dags/groups/group_transforms.py took 0.015 seconds
[2025-04-07T07:00:22.504+0000] {processor.py:154} INFO - Started process (PID=11078) to work on /opt/airflow/dags/groups/group_transforms.py
[2025-04-07T07:00:22.505+0000] {processor.py:756} INFO - Processing file /opt/airflow/dags/groups/group_transforms.py for tasks to queue
[2025-04-07T07:00:22.506+0000] {logging_mixin.py:120} INFO - [2025-04-07T07:00:22.506+0000] {dagbag.py:537} INFO - Filling up the DagBag from /opt/airflow/dags/groups/group_transforms.py
[2025-04-07T07:00:22.517+0000] {processor.py:768} WARNING - No viable dags retrieved from /opt/airflow/dags/groups/group_transforms.py
[2025-04-07T07:00:22.536+0000] {processor.py:176} INFO - Processing /opt/airflow/dags/groups/group_transforms.py took 0.035 seconds
[2025-04-07T07:00:52.955+0000] {processor.py:154} INFO - Started process (PID=11107) to work on /opt/airflow/dags/groups/group_transforms.py
[2025-04-07T07:00:52.956+0000] {processor.py:756} INFO - Processing file /opt/airflow/dags/groups/group_transforms.py for tasks to queue
[2025-04-07T07:00:52.956+0000] {logging_mixin.py:120} INFO - [2025-04-07T07:00:52.956+0000] {dagbag.py:537} INFO - Filling up the DagBag from /opt/airflow/dags/groups/group_transforms.py
[2025-04-07T07:00:52.959+0000] {processor.py:768} WARNING - No viable dags retrieved from /opt/airflow/dags/groups/group_transforms.py
[2025-04-07T07:00:52.965+0000] {processor.py:176} INFO - Processing /opt/airflow/dags/groups/group_transforms.py took 0.013 seconds
[2025-04-07T07:01:23.705+0000] {processor.py:154} INFO - Started process (PID=11146) to work on /opt/airflow/dags/groups/group_transforms.py
[2025-04-07T07:01:23.706+0000] {processor.py:756} INFO - Processing file /opt/airflow/dags/groups/group_transforms.py for tasks to queue
[2025-04-07T07:01:23.706+0000] {logging_mixin.py:120} INFO - [2025-04-07T07:01:23.706+0000] {dagbag.py:537} INFO - Filling up the DagBag from /opt/airflow/dags/groups/group_transforms.py
[2025-04-07T07:01:23.709+0000] {processor.py:768} WARNING - No viable dags retrieved from /opt/airflow/dags/groups/group_transforms.py
[2025-04-07T07:01:23.716+0000] {processor.py:176} INFO - Processing /opt/airflow/dags/groups/group_transforms.py took 0.013 seconds
[2025-04-07T07:01:53.947+0000] {processor.py:154} INFO - Started process (PID=11185) to work on /opt/airflow/dags/groups/group_transforms.py
[2025-04-07T07:01:53.948+0000] {processor.py:756} INFO - Processing file /opt/airflow/dags/groups/group_transforms.py for tasks to queue
[2025-04-07T07:01:53.948+0000] {logging_mixin.py:120} INFO - [2025-04-07T07:01:53.948+0000] {dagbag.py:537} INFO - Filling up the DagBag from /opt/airflow/dags/groups/group_transforms.py
[2025-04-07T07:01:53.951+0000] {processor.py:768} WARNING - No viable dags retrieved from /opt/airflow/dags/groups/group_transforms.py
[2025-04-07T07:01:53.958+0000] {processor.py:176} INFO - Processing /opt/airflow/dags/groups/group_transforms.py took 0.012 seconds
[2025-04-07T07:02:24.294+0000] {processor.py:154} INFO - Started process (PID=11224) to work on /opt/airflow/dags/groups/group_transforms.py
[2025-04-07T07:02:24.294+0000] {processor.py:756} INFO - Processing file /opt/airflow/dags/groups/group_transforms.py for tasks to queue
[2025-04-07T07:02:24.295+0000] {logging_mixin.py:120} INFO - [2025-04-07T07:02:24.295+0000] {dagbag.py:537} INFO - Filling up the DagBag from /opt/airflow/dags/groups/group_transforms.py
[2025-04-07T07:02:24.298+0000] {processor.py:768} WARNING - No viable dags retrieved from /opt/airflow/dags/groups/group_transforms.py
[2025-04-07T07:02:24.306+0000] {processor.py:176} INFO - Processing /opt/airflow/dags/groups/group_transforms.py took 0.013 seconds
[2025-04-07T07:02:54.826+0000] {processor.py:154} INFO - Started process (PID=11263) to work on /opt/airflow/dags/groups/group_transforms.py
[2025-04-07T07:02:54.829+0000] {processor.py:756} INFO - Processing file /opt/airflow/dags/groups/group_transforms.py for tasks to queue
[2025-04-07T07:02:54.831+0000] {logging_mixin.py:120} INFO - [2025-04-07T07:02:54.831+0000] {dagbag.py:537} INFO - Filling up the DagBag from /opt/airflow/dags/groups/group_transforms.py
[2025-04-07T07:02:54.842+0000] {processor.py:768} WARNING - No viable dags retrieved from /opt/airflow/dags/groups/group_transforms.py
[2025-04-07T07:02:54.894+0000] {processor.py:176} INFO - Processing /opt/airflow/dags/groups/group_transforms.py took 0.085 seconds
[2025-04-07T07:03:25.300+0000] {processor.py:154} INFO - Started process (PID=11293) to work on /opt/airflow/dags/groups/group_transforms.py
[2025-04-07T07:03:25.301+0000] {processor.py:756} INFO - Processing file /opt/airflow/dags/groups/group_transforms.py for tasks to queue
[2025-04-07T07:03:25.301+0000] {logging_mixin.py:120} INFO - [2025-04-07T07:03:25.301+0000] {dagbag.py:537} INFO - Filling up the DagBag from /opt/airflow/dags/groups/group_transforms.py
[2025-04-07T07:03:25.304+0000] {processor.py:768} WARNING - No viable dags retrieved from /opt/airflow/dags/groups/group_transforms.py
[2025-04-07T07:03:25.311+0000] {processor.py:176} INFO - Processing /opt/airflow/dags/groups/group_transforms.py took 0.013 seconds
[2025-04-07T07:03:55.762+0000] {processor.py:154} INFO - Started process (PID=11332) to work on /opt/airflow/dags/groups/group_transforms.py
[2025-04-07T07:03:55.763+0000] {processor.py:756} INFO - Processing file /opt/airflow/dags/groups/group_transforms.py for tasks to queue
[2025-04-07T07:03:55.764+0000] {logging_mixin.py:120} INFO - [2025-04-07T07:03:55.763+0000] {dagbag.py:537} INFO - Filling up the DagBag from /opt/airflow/dags/groups/group_transforms.py
[2025-04-07T07:03:55.767+0000] {processor.py:768} WARNING - No viable dags retrieved from /opt/airflow/dags/groups/group_transforms.py
[2025-04-07T07:03:55.773+0000] {processor.py:176} INFO - Processing /opt/airflow/dags/groups/group_transforms.py took 0.012 seconds
[2025-04-07T07:04:26.006+0000] {processor.py:154} INFO - Started process (PID=11372) to work on /opt/airflow/dags/groups/group_transforms.py
[2025-04-07T07:04:26.008+0000] {processor.py:756} INFO - Processing file /opt/airflow/dags/groups/group_transforms.py for tasks to queue
[2025-04-07T07:04:26.009+0000] {logging_mixin.py:120} INFO - [2025-04-07T07:04:26.009+0000] {dagbag.py:537} INFO - Filling up the DagBag from /opt/airflow/dags/groups/group_transforms.py
[2025-04-07T07:04:26.015+0000] {processor.py:768} WARNING - No viable dags retrieved from /opt/airflow/dags/groups/group_transforms.py
[2025-04-07T07:04:26.022+0000] {processor.py:176} INFO - Processing /opt/airflow/dags/groups/group_transforms.py took 0.018 seconds
[2025-04-07T07:04:56.747+0000] {processor.py:154} INFO - Started process (PID=11410) to work on /opt/airflow/dags/groups/group_transforms.py
[2025-04-07T07:04:56.748+0000] {processor.py:756} INFO - Processing file /opt/airflow/dags/groups/group_transforms.py for tasks to queue
[2025-04-07T07:04:56.749+0000] {logging_mixin.py:120} INFO - [2025-04-07T07:04:56.748+0000] {dagbag.py:537} INFO - Filling up the DagBag from /opt/airflow/dags/groups/group_transforms.py
[2025-04-07T07:04:56.752+0000] {processor.py:768} WARNING - No viable dags retrieved from /opt/airflow/dags/groups/group_transforms.py
[2025-04-07T07:04:56.760+0000] {processor.py:176} INFO - Processing /opt/airflow/dags/groups/group_transforms.py took 0.015 seconds
[2025-04-07T07:05:26.989+0000] {processor.py:154} INFO - Started process (PID=11448) to work on /opt/airflow/dags/groups/group_transforms.py
[2025-04-07T07:05:26.990+0000] {processor.py:756} INFO - Processing file /opt/airflow/dags/groups/group_transforms.py for tasks to queue
[2025-04-07T07:05:26.992+0000] {logging_mixin.py:120} INFO - [2025-04-07T07:05:26.992+0000] {dagbag.py:537} INFO - Filling up the DagBag from /opt/airflow/dags/groups/group_transforms.py
[2025-04-07T07:05:27.000+0000] {processor.py:768} WARNING - No viable dags retrieved from /opt/airflow/dags/groups/group_transforms.py
[2025-04-07T07:05:27.014+0000] {processor.py:176} INFO - Processing /opt/airflow/dags/groups/group_transforms.py took 0.027 seconds
[2025-04-07T07:05:57.224+0000] {processor.py:154} INFO - Started process (PID=11478) to work on /opt/airflow/dags/groups/group_transforms.py
[2025-04-07T07:05:57.225+0000] {processor.py:756} INFO - Processing file /opt/airflow/dags/groups/group_transforms.py for tasks to queue
[2025-04-07T07:05:57.225+0000] {logging_mixin.py:120} INFO - [2025-04-07T07:05:57.225+0000] {dagbag.py:537} INFO - Filling up the DagBag from /opt/airflow/dags/groups/group_transforms.py
[2025-04-07T07:05:57.228+0000] {processor.py:768} WARNING - No viable dags retrieved from /opt/airflow/dags/groups/group_transforms.py
[2025-04-07T07:05:57.236+0000] {processor.py:176} INFO - Processing /opt/airflow/dags/groups/group_transforms.py took 0.014 seconds
[2025-04-07T07:06:28.020+0000] {processor.py:154} INFO - Started process (PID=11518) to work on /opt/airflow/dags/groups/group_transforms.py
[2025-04-07T07:06:28.021+0000] {processor.py:756} INFO - Processing file /opt/airflow/dags/groups/group_transforms.py for tasks to queue
[2025-04-07T07:06:28.021+0000] {logging_mixin.py:120} INFO - [2025-04-07T07:06:28.021+0000] {dagbag.py:537} INFO - Filling up the DagBag from /opt/airflow/dags/groups/group_transforms.py
[2025-04-07T07:06:28.024+0000] {processor.py:768} WARNING - No viable dags retrieved from /opt/airflow/dags/groups/group_transforms.py
[2025-04-07T07:06:28.031+0000] {processor.py:176} INFO - Processing /opt/airflow/dags/groups/group_transforms.py took 0.013 seconds
[2025-04-07T07:06:58.741+0000] {processor.py:154} INFO - Started process (PID=11557) to work on /opt/airflow/dags/groups/group_transforms.py
[2025-04-07T07:06:58.742+0000] {processor.py:756} INFO - Processing file /opt/airflow/dags/groups/group_transforms.py for tasks to queue
[2025-04-07T07:06:58.742+0000] {logging_mixin.py:120} INFO - [2025-04-07T07:06:58.742+0000] {dagbag.py:537} INFO - Filling up the DagBag from /opt/airflow/dags/groups/group_transforms.py
[2025-04-07T07:06:58.746+0000] {processor.py:768} WARNING - No viable dags retrieved from /opt/airflow/dags/groups/group_transforms.py
[2025-04-07T07:06:58.753+0000] {processor.py:176} INFO - Processing /opt/airflow/dags/groups/group_transforms.py took 0.013 seconds
[2025-04-07T07:07:29.591+0000] {processor.py:154} INFO - Started process (PID=11596) to work on /opt/airflow/dags/groups/group_transforms.py
[2025-04-07T07:07:29.592+0000] {processor.py:756} INFO - Processing file /opt/airflow/dags/groups/group_transforms.py for tasks to queue
[2025-04-07T07:07:29.592+0000] {logging_mixin.py:120} INFO - [2025-04-07T07:07:29.592+0000] {dagbag.py:537} INFO - Filling up the DagBag from /opt/airflow/dags/groups/group_transforms.py
[2025-04-07T07:07:29.595+0000] {processor.py:768} WARNING - No viable dags retrieved from /opt/airflow/dags/groups/group_transforms.py
[2025-04-07T07:07:29.601+0000] {processor.py:176} INFO - Processing /opt/airflow/dags/groups/group_transforms.py took 0.012 seconds
[2025-04-07T07:08:00.403+0000] {processor.py:154} INFO - Started process (PID=11634) to work on /opt/airflow/dags/groups/group_transforms.py
[2025-04-07T07:08:00.404+0000] {processor.py:756} INFO - Processing file /opt/airflow/dags/groups/group_transforms.py for tasks to queue
[2025-04-07T07:08:00.409+0000] {logging_mixin.py:120} INFO - [2025-04-07T07:08:00.409+0000] {dagbag.py:537} INFO - Filling up the DagBag from /opt/airflow/dags/groups/group_transforms.py
[2025-04-07T07:08:00.413+0000] {processor.py:768} WARNING - No viable dags retrieved from /opt/airflow/dags/groups/group_transforms.py
[2025-04-07T07:08:00.420+0000] {processor.py:176} INFO - Processing /opt/airflow/dags/groups/group_transforms.py took 0.019 seconds
[2025-04-07T07:08:31.205+0000] {processor.py:154} INFO - Started process (PID=11664) to work on /opt/airflow/dags/groups/group_transforms.py
[2025-04-07T07:08:31.206+0000] {processor.py:756} INFO - Processing file /opt/airflow/dags/groups/group_transforms.py for tasks to queue
[2025-04-07T07:08:31.206+0000] {logging_mixin.py:120} INFO - [2025-04-07T07:08:31.206+0000] {dagbag.py:537} INFO - Filling up the DagBag from /opt/airflow/dags/groups/group_transforms.py
[2025-04-07T07:08:31.210+0000] {processor.py:768} WARNING - No viable dags retrieved from /opt/airflow/dags/groups/group_transforms.py
[2025-04-07T07:08:31.216+0000] {processor.py:176} INFO - Processing /opt/airflow/dags/groups/group_transforms.py took 0.014 seconds
[2025-04-07T07:09:01.521+0000] {processor.py:154} INFO - Started process (PID=11703) to work on /opt/airflow/dags/groups/group_transforms.py
[2025-04-07T07:09:01.521+0000] {processor.py:756} INFO - Processing file /opt/airflow/dags/groups/group_transforms.py for tasks to queue
[2025-04-07T07:09:01.522+0000] {logging_mixin.py:120} INFO - [2025-04-07T07:09:01.522+0000] {dagbag.py:537} INFO - Filling up the DagBag from /opt/airflow/dags/groups/group_transforms.py
[2025-04-07T07:09:01.525+0000] {processor.py:768} WARNING - No viable dags retrieved from /opt/airflow/dags/groups/group_transforms.py
[2025-04-07T07:09:01.532+0000] {processor.py:176} INFO - Processing /opt/airflow/dags/groups/group_transforms.py took 0.013 seconds
[2025-04-07T07:09:31.906+0000] {processor.py:154} INFO - Started process (PID=11740) to work on /opt/airflow/dags/groups/group_transforms.py
[2025-04-07T07:09:31.907+0000] {processor.py:756} INFO - Processing file /opt/airflow/dags/groups/group_transforms.py for tasks to queue
[2025-04-07T07:09:31.907+0000] {logging_mixin.py:120} INFO - [2025-04-07T07:09:31.907+0000] {dagbag.py:537} INFO - Filling up the DagBag from /opt/airflow/dags/groups/group_transforms.py
[2025-04-07T07:09:31.911+0000] {processor.py:768} WARNING - No viable dags retrieved from /opt/airflow/dags/groups/group_transforms.py
[2025-04-07T07:09:31.917+0000] {processor.py:176} INFO - Processing /opt/airflow/dags/groups/group_transforms.py took 0.013 seconds
[2025-04-07T07:10:02.233+0000] {processor.py:154} INFO - Started process (PID=11778) to work on /opt/airflow/dags/groups/group_transforms.py
[2025-04-07T07:10:02.234+0000] {processor.py:756} INFO - Processing file /opt/airflow/dags/groups/group_transforms.py for tasks to queue
[2025-04-07T07:10:02.234+0000] {logging_mixin.py:120} INFO - [2025-04-07T07:10:02.234+0000] {dagbag.py:537} INFO - Filling up the DagBag from /opt/airflow/dags/groups/group_transforms.py
[2025-04-07T07:10:02.238+0000] {processor.py:768} WARNING - No viable dags retrieved from /opt/airflow/dags/groups/group_transforms.py
[2025-04-07T07:10:02.245+0000] {processor.py:176} INFO - Processing /opt/airflow/dags/groups/group_transforms.py took 0.013 seconds
[2025-04-07T07:10:32.724+0000] {processor.py:154} INFO - Started process (PID=11816) to work on /opt/airflow/dags/groups/group_transforms.py
[2025-04-07T07:10:32.725+0000] {processor.py:756} INFO - Processing file /opt/airflow/dags/groups/group_transforms.py for tasks to queue
[2025-04-07T07:10:32.726+0000] {logging_mixin.py:120} INFO - [2025-04-07T07:10:32.725+0000] {dagbag.py:537} INFO - Filling up the DagBag from /opt/airflow/dags/groups/group_transforms.py
[2025-04-07T07:10:32.731+0000] {processor.py:768} WARNING - No viable dags retrieved from /opt/airflow/dags/groups/group_transforms.py
[2025-04-07T07:10:32.752+0000] {processor.py:176} INFO - Processing /opt/airflow/dags/groups/group_transforms.py took 0.029 seconds
[2025-04-07T07:11:03.264+0000] {processor.py:154} INFO - Started process (PID=11846) to work on /opt/airflow/dags/groups/group_transforms.py
[2025-04-07T07:11:03.266+0000] {processor.py:756} INFO - Processing file /opt/airflow/dags/groups/group_transforms.py for tasks to queue
[2025-04-07T07:11:03.267+0000] {logging_mixin.py:120} INFO - [2025-04-07T07:11:03.266+0000] {dagbag.py:537} INFO - Filling up the DagBag from /opt/airflow/dags/groups/group_transforms.py
[2025-04-07T07:11:03.272+0000] {processor.py:768} WARNING - No viable dags retrieved from /opt/airflow/dags/groups/group_transforms.py
[2025-04-07T07:11:03.282+0000] {processor.py:176} INFO - Processing /opt/airflow/dags/groups/group_transforms.py took 0.023 seconds
[2025-04-07T07:11:33.664+0000] {processor.py:154} INFO - Started process (PID=11884) to work on /opt/airflow/dags/groups/group_transforms.py
[2025-04-07T07:11:33.665+0000] {processor.py:756} INFO - Processing file /opt/airflow/dags/groups/group_transforms.py for tasks to queue
[2025-04-07T07:11:33.665+0000] {logging_mixin.py:120} INFO - [2025-04-07T07:11:33.665+0000] {dagbag.py:537} INFO - Filling up the DagBag from /opt/airflow/dags/groups/group_transforms.py
[2025-04-07T07:11:33.668+0000] {processor.py:768} WARNING - No viable dags retrieved from /opt/airflow/dags/groups/group_transforms.py
[2025-04-07T07:11:33.675+0000] {processor.py:176} INFO - Processing /opt/airflow/dags/groups/group_transforms.py took 0.012 seconds
[2025-04-07T07:12:04.005+0000] {processor.py:154} INFO - Started process (PID=11923) to work on /opt/airflow/dags/groups/group_transforms.py
[2025-04-07T07:12:04.006+0000] {processor.py:756} INFO - Processing file /opt/airflow/dags/groups/group_transforms.py for tasks to queue
[2025-04-07T07:12:04.006+0000] {logging_mixin.py:120} INFO - [2025-04-07T07:12:04.006+0000] {dagbag.py:537} INFO - Filling up the DagBag from /opt/airflow/dags/groups/group_transforms.py
[2025-04-07T07:12:04.009+0000] {processor.py:768} WARNING - No viable dags retrieved from /opt/airflow/dags/groups/group_transforms.py
[2025-04-07T07:12:04.016+0000] {processor.py:176} INFO - Processing /opt/airflow/dags/groups/group_transforms.py took 0.013 seconds
[2025-04-07T07:12:34.337+0000] {processor.py:154} INFO - Started process (PID=11962) to work on /opt/airflow/dags/groups/group_transforms.py
[2025-04-07T07:12:34.338+0000] {processor.py:756} INFO - Processing file /opt/airflow/dags/groups/group_transforms.py for tasks to queue
[2025-04-07T07:12:34.339+0000] {logging_mixin.py:120} INFO - [2025-04-07T07:12:34.338+0000] {dagbag.py:537} INFO - Filling up the DagBag from /opt/airflow/dags/groups/group_transforms.py
[2025-04-07T07:12:34.342+0000] {processor.py:768} WARNING - No viable dags retrieved from /opt/airflow/dags/groups/group_transforms.py
[2025-04-07T07:12:34.349+0000] {processor.py:176} INFO - Processing /opt/airflow/dags/groups/group_transforms.py took 0.014 seconds
[2025-04-07T07:13:04.587+0000] {processor.py:154} INFO - Started process (PID=12001) to work on /opt/airflow/dags/groups/group_transforms.py
[2025-04-07T07:13:04.587+0000] {processor.py:756} INFO - Processing file /opt/airflow/dags/groups/group_transforms.py for tasks to queue
[2025-04-07T07:13:04.591+0000] {logging_mixin.py:120} INFO - [2025-04-07T07:13:04.591+0000] {dagbag.py:537} INFO - Filling up the DagBag from /opt/airflow/dags/groups/group_transforms.py
[2025-04-07T07:13:04.595+0000] {processor.py:768} WARNING - No viable dags retrieved from /opt/airflow/dags/groups/group_transforms.py
[2025-04-07T07:13:04.612+0000] {processor.py:176} INFO - Processing /opt/airflow/dags/groups/group_transforms.py took 0.027 seconds
[2025-04-07T07:13:35.301+0000] {processor.py:154} INFO - Started process (PID=12031) to work on /opt/airflow/dags/groups/group_transforms.py
[2025-04-07T07:13:35.302+0000] {processor.py:756} INFO - Processing file /opt/airflow/dags/groups/group_transforms.py for tasks to queue
[2025-04-07T07:13:35.303+0000] {logging_mixin.py:120} INFO - [2025-04-07T07:13:35.303+0000] {dagbag.py:537} INFO - Filling up the DagBag from /opt/airflow/dags/groups/group_transforms.py
[2025-04-07T07:13:35.306+0000] {processor.py:768} WARNING - No viable dags retrieved from /opt/airflow/dags/groups/group_transforms.py
[2025-04-07T07:13:35.312+0000] {processor.py:176} INFO - Processing /opt/airflow/dags/groups/group_transforms.py took 0.013 seconds
[2025-04-07T07:14:05.717+0000] {processor.py:154} INFO - Started process (PID=12071) to work on /opt/airflow/dags/groups/group_transforms.py
[2025-04-07T07:14:05.718+0000] {processor.py:756} INFO - Processing file /opt/airflow/dags/groups/group_transforms.py for tasks to queue
[2025-04-07T07:14:05.718+0000] {logging_mixin.py:120} INFO - [2025-04-07T07:14:05.718+0000] {dagbag.py:537} INFO - Filling up the DagBag from /opt/airflow/dags/groups/group_transforms.py
[2025-04-07T07:14:05.722+0000] {processor.py:768} WARNING - No viable dags retrieved from /opt/airflow/dags/groups/group_transforms.py
[2025-04-07T07:14:05.731+0000] {processor.py:176} INFO - Processing /opt/airflow/dags/groups/group_transforms.py took 0.016 seconds
[2025-04-07T07:14:35.908+0000] {processor.py:154} INFO - Started process (PID=12109) to work on /opt/airflow/dags/groups/group_transforms.py
[2025-04-07T07:14:35.908+0000] {processor.py:756} INFO - Processing file /opt/airflow/dags/groups/group_transforms.py for tasks to queue
[2025-04-07T07:14:35.909+0000] {logging_mixin.py:120} INFO - [2025-04-07T07:14:35.909+0000] {dagbag.py:537} INFO - Filling up the DagBag from /opt/airflow/dags/groups/group_transforms.py
[2025-04-07T07:14:35.912+0000] {processor.py:768} WARNING - No viable dags retrieved from /opt/airflow/dags/groups/group_transforms.py
[2025-04-07T07:14:35.923+0000] {processor.py:176} INFO - Processing /opt/airflow/dags/groups/group_transforms.py took 0.017 seconds
[2025-04-07T07:15:06.924+0000] {processor.py:154} INFO - Started process (PID=12148) to work on /opt/airflow/dags/groups/group_transforms.py
[2025-04-07T07:15:06.926+0000] {processor.py:756} INFO - Processing file /opt/airflow/dags/groups/group_transforms.py for tasks to queue
[2025-04-07T07:15:06.927+0000] {logging_mixin.py:120} INFO - [2025-04-07T07:15:06.926+0000] {dagbag.py:537} INFO - Filling up the DagBag from /opt/airflow/dags/groups/group_transforms.py
[2025-04-07T07:15:06.936+0000] {processor.py:768} WARNING - No viable dags retrieved from /opt/airflow/dags/groups/group_transforms.py
[2025-04-07T07:15:06.949+0000] {processor.py:176} INFO - Processing /opt/airflow/dags/groups/group_transforms.py took 0.028 seconds
[2025-04-07T07:15:37.233+0000] {processor.py:154} INFO - Started process (PID=12187) to work on /opt/airflow/dags/groups/group_transforms.py
[2025-04-07T07:15:37.233+0000] {processor.py:756} INFO - Processing file /opt/airflow/dags/groups/group_transforms.py for tasks to queue
[2025-04-07T07:15:37.234+0000] {logging_mixin.py:120} INFO - [2025-04-07T07:15:37.234+0000] {dagbag.py:537} INFO - Filling up the DagBag from /opt/airflow/dags/groups/group_transforms.py
[2025-04-07T07:15:37.237+0000] {processor.py:768} WARNING - No viable dags retrieved from /opt/airflow/dags/groups/group_transforms.py
[2025-04-07T07:15:37.243+0000] {processor.py:176} INFO - Processing /opt/airflow/dags/groups/group_transforms.py took 0.012 seconds
[2025-04-07T07:16:07.536+0000] {processor.py:154} INFO - Started process (PID=12217) to work on /opt/airflow/dags/groups/group_transforms.py
[2025-04-07T07:16:07.536+0000] {processor.py:756} INFO - Processing file /opt/airflow/dags/groups/group_transforms.py for tasks to queue
[2025-04-07T07:16:07.537+0000] {logging_mixin.py:120} INFO - [2025-04-07T07:16:07.537+0000] {dagbag.py:537} INFO - Filling up the DagBag from /opt/airflow/dags/groups/group_transforms.py
[2025-04-07T07:16:07.540+0000] {processor.py:768} WARNING - No viable dags retrieved from /opt/airflow/dags/groups/group_transforms.py
[2025-04-07T07:16:07.547+0000] {processor.py:176} INFO - Processing /opt/airflow/dags/groups/group_transforms.py took 0.012 seconds
[2025-04-07T07:16:37.856+0000] {processor.py:154} INFO - Started process (PID=12255) to work on /opt/airflow/dags/groups/group_transforms.py
[2025-04-07T07:16:37.857+0000] {processor.py:756} INFO - Processing file /opt/airflow/dags/groups/group_transforms.py for tasks to queue
[2025-04-07T07:16:37.857+0000] {logging_mixin.py:120} INFO - [2025-04-07T07:16:37.857+0000] {dagbag.py:537} INFO - Filling up the DagBag from /opt/airflow/dags/groups/group_transforms.py
[2025-04-07T07:16:37.860+0000] {processor.py:768} WARNING - No viable dags retrieved from /opt/airflow/dags/groups/group_transforms.py
[2025-04-07T07:16:37.866+0000] {processor.py:176} INFO - Processing /opt/airflow/dags/groups/group_transforms.py took 0.011 seconds
[2025-04-07T07:17:08.912+0000] {processor.py:154} INFO - Started process (PID=12292) to work on /opt/airflow/dags/groups/group_transforms.py
[2025-04-07T07:17:08.913+0000] {processor.py:756} INFO - Processing file /opt/airflow/dags/groups/group_transforms.py for tasks to queue
[2025-04-07T07:17:08.913+0000] {logging_mixin.py:120} INFO - [2025-04-07T07:17:08.913+0000] {dagbag.py:537} INFO - Filling up the DagBag from /opt/airflow/dags/groups/group_transforms.py
[2025-04-07T07:17:08.916+0000] {processor.py:768} WARNING - No viable dags retrieved from /opt/airflow/dags/groups/group_transforms.py
[2025-04-07T07:17:08.923+0000] {processor.py:176} INFO - Processing /opt/airflow/dags/groups/group_transforms.py took 0.012 seconds
[2025-04-07T07:17:40.044+0000] {processor.py:154} INFO - Started process (PID=12331) to work on /opt/airflow/dags/groups/group_transforms.py
[2025-04-07T07:17:40.044+0000] {processor.py:756} INFO - Processing file /opt/airflow/dags/groups/group_transforms.py for tasks to queue
[2025-04-07T07:17:40.045+0000] {logging_mixin.py:120} INFO - [2025-04-07T07:17:40.045+0000] {dagbag.py:537} INFO - Filling up the DagBag from /opt/airflow/dags/groups/group_transforms.py
[2025-04-07T07:17:40.047+0000] {processor.py:768} WARNING - No viable dags retrieved from /opt/airflow/dags/groups/group_transforms.py
[2025-04-07T07:17:40.055+0000] {processor.py:176} INFO - Processing /opt/airflow/dags/groups/group_transforms.py took 0.014 seconds
[2025-04-07T07:18:10.349+0000] {processor.py:154} INFO - Started process (PID=12369) to work on /opt/airflow/dags/groups/group_transforms.py
[2025-04-07T07:18:10.350+0000] {processor.py:756} INFO - Processing file /opt/airflow/dags/groups/group_transforms.py for tasks to queue
[2025-04-07T07:18:10.350+0000] {logging_mixin.py:120} INFO - [2025-04-07T07:18:10.350+0000] {dagbag.py:537} INFO - Filling up the DagBag from /opt/airflow/dags/groups/group_transforms.py
[2025-04-07T07:18:10.354+0000] {processor.py:768} WARNING - No viable dags retrieved from /opt/airflow/dags/groups/group_transforms.py
[2025-04-07T07:18:10.362+0000] {processor.py:176} INFO - Processing /opt/airflow/dags/groups/group_transforms.py took 0.015 seconds
[2025-04-07T07:18:40.545+0000] {processor.py:154} INFO - Started process (PID=12405) to work on /opt/airflow/dags/groups/group_transforms.py
[2025-04-07T07:18:40.546+0000] {processor.py:756} INFO - Processing file /opt/airflow/dags/groups/group_transforms.py for tasks to queue
[2025-04-07T07:18:40.546+0000] {logging_mixin.py:120} INFO - [2025-04-07T07:18:40.546+0000] {dagbag.py:537} INFO - Filling up the DagBag from /opt/airflow/dags/groups/group_transforms.py
[2025-04-07T07:18:40.550+0000] {processor.py:768} WARNING - No viable dags retrieved from /opt/airflow/dags/groups/group_transforms.py
[2025-04-07T07:18:40.558+0000] {processor.py:176} INFO - Processing /opt/airflow/dags/groups/group_transforms.py took 0.015 seconds
[2025-04-07T07:19:10.964+0000] {processor.py:154} INFO - Started process (PID=12437) to work on /opt/airflow/dags/groups/group_transforms.py
[2025-04-07T07:19:10.964+0000] {processor.py:756} INFO - Processing file /opt/airflow/dags/groups/group_transforms.py for tasks to queue
[2025-04-07T07:19:10.965+0000] {logging_mixin.py:120} INFO - [2025-04-07T07:19:10.965+0000] {dagbag.py:537} INFO - Filling up the DagBag from /opt/airflow/dags/groups/group_transforms.py
[2025-04-07T07:19:10.968+0000] {processor.py:768} WARNING - No viable dags retrieved from /opt/airflow/dags/groups/group_transforms.py
[2025-04-07T07:19:10.975+0000] {processor.py:176} INFO - Processing /opt/airflow/dags/groups/group_transforms.py took 0.013 seconds
[2025-04-07T07:19:42.113+0000] {processor.py:154} INFO - Started process (PID=12475) to work on /opt/airflow/dags/groups/group_transforms.py
[2025-04-07T07:19:42.114+0000] {processor.py:756} INFO - Processing file /opt/airflow/dags/groups/group_transforms.py for tasks to queue
[2025-04-07T07:19:42.114+0000] {logging_mixin.py:120} INFO - [2025-04-07T07:19:42.114+0000] {dagbag.py:537} INFO - Filling up the DagBag from /opt/airflow/dags/groups/group_transforms.py
[2025-04-07T07:19:42.118+0000] {processor.py:768} WARNING - No viable dags retrieved from /opt/airflow/dags/groups/group_transforms.py
[2025-04-07T07:19:42.126+0000] {processor.py:176} INFO - Processing /opt/airflow/dags/groups/group_transforms.py took 0.016 seconds
[2025-04-07T07:20:12.494+0000] {processor.py:154} INFO - Started process (PID=12515) to work on /opt/airflow/dags/groups/group_transforms.py
[2025-04-07T07:20:12.497+0000] {processor.py:756} INFO - Processing file /opt/airflow/dags/groups/group_transforms.py for tasks to queue
[2025-04-07T07:20:12.497+0000] {logging_mixin.py:120} INFO - [2025-04-07T07:20:12.497+0000] {dagbag.py:537} INFO - Filling up the DagBag from /opt/airflow/dags/groups/group_transforms.py
[2025-04-07T07:20:12.501+0000] {processor.py:768} WARNING - No viable dags retrieved from /opt/airflow/dags/groups/group_transforms.py
[2025-04-07T07:20:12.512+0000] {processor.py:176} INFO - Processing /opt/airflow/dags/groups/group_transforms.py took 0.021 seconds
[2025-04-07T07:20:42.900+0000] {processor.py:154} INFO - Started process (PID=12554) to work on /opt/airflow/dags/groups/group_transforms.py
[2025-04-07T07:20:42.901+0000] {processor.py:756} INFO - Processing file /opt/airflow/dags/groups/group_transforms.py for tasks to queue
[2025-04-07T07:20:42.901+0000] {logging_mixin.py:120} INFO - [2025-04-07T07:20:42.901+0000] {dagbag.py:537} INFO - Filling up the DagBag from /opt/airflow/dags/groups/group_transforms.py
[2025-04-07T07:20:42.904+0000] {processor.py:768} WARNING - No viable dags retrieved from /opt/airflow/dags/groups/group_transforms.py
[2025-04-07T07:20:42.912+0000] {processor.py:176} INFO - Processing /opt/airflow/dags/groups/group_transforms.py took 0.013 seconds
[2025-04-07T07:21:13.212+0000] {processor.py:154} INFO - Started process (PID=12584) to work on /opt/airflow/dags/groups/group_transforms.py
[2025-04-07T07:21:13.213+0000] {processor.py:756} INFO - Processing file /opt/airflow/dags/groups/group_transforms.py for tasks to queue
[2025-04-07T07:21:13.213+0000] {logging_mixin.py:120} INFO - [2025-04-07T07:21:13.213+0000] {dagbag.py:537} INFO - Filling up the DagBag from /opt/airflow/dags/groups/group_transforms.py
[2025-04-07T07:21:13.217+0000] {processor.py:768} WARNING - No viable dags retrieved from /opt/airflow/dags/groups/group_transforms.py
[2025-04-07T07:21:13.234+0000] {processor.py:176} INFO - Processing /opt/airflow/dags/groups/group_transforms.py took 0.023 seconds
[2025-04-07T07:21:43.663+0000] {processor.py:154} INFO - Started process (PID=12623) to work on /opt/airflow/dags/groups/group_transforms.py
[2025-04-07T07:21:43.665+0000] {processor.py:756} INFO - Processing file /opt/airflow/dags/groups/group_transforms.py for tasks to queue
[2025-04-07T07:21:43.666+0000] {logging_mixin.py:120} INFO - [2025-04-07T07:21:43.666+0000] {dagbag.py:537} INFO - Filling up the DagBag from /opt/airflow/dags/groups/group_transforms.py
[2025-04-07T07:21:43.675+0000] {processor.py:768} WARNING - No viable dags retrieved from /opt/airflow/dags/groups/group_transforms.py
[2025-04-07T07:21:43.682+0000] {processor.py:176} INFO - Processing /opt/airflow/dags/groups/group_transforms.py took 0.021 seconds
[2025-04-07T07:22:14.182+0000] {processor.py:154} INFO - Started process (PID=12661) to work on /opt/airflow/dags/groups/group_transforms.py
[2025-04-07T07:22:14.186+0000] {processor.py:756} INFO - Processing file /opt/airflow/dags/groups/group_transforms.py for tasks to queue
[2025-04-07T07:22:14.187+0000] {logging_mixin.py:120} INFO - [2025-04-07T07:22:14.187+0000] {dagbag.py:537} INFO - Filling up the DagBag from /opt/airflow/dags/groups/group_transforms.py
[2025-04-07T07:22:14.192+0000] {processor.py:768} WARNING - No viable dags retrieved from /opt/airflow/dags/groups/group_transforms.py
[2025-04-07T07:22:14.201+0000] {processor.py:176} INFO - Processing /opt/airflow/dags/groups/group_transforms.py took 0.022 seconds
[2025-04-07T07:22:44.518+0000] {processor.py:154} INFO - Started process (PID=12700) to work on /opt/airflow/dags/groups/group_transforms.py
[2025-04-07T07:22:44.519+0000] {processor.py:756} INFO - Processing file /opt/airflow/dags/groups/group_transforms.py for tasks to queue
[2025-04-07T07:22:44.519+0000] {logging_mixin.py:120} INFO - [2025-04-07T07:22:44.519+0000] {dagbag.py:537} INFO - Filling up the DagBag from /opt/airflow/dags/groups/group_transforms.py
[2025-04-07T07:22:44.523+0000] {processor.py:768} WARNING - No viable dags retrieved from /opt/airflow/dags/groups/group_transforms.py
[2025-04-07T07:22:44.532+0000] {processor.py:176} INFO - Processing /opt/airflow/dags/groups/group_transforms.py took 0.018 seconds
[2025-04-07T07:23:14.936+0000] {processor.py:154} INFO - Started process (PID=12739) to work on /opt/airflow/dags/groups/group_transforms.py
[2025-04-07T07:23:14.936+0000] {processor.py:756} INFO - Processing file /opt/airflow/dags/groups/group_transforms.py for tasks to queue
[2025-04-07T07:23:14.937+0000] {logging_mixin.py:120} INFO - [2025-04-07T07:23:14.937+0000] {dagbag.py:537} INFO - Filling up the DagBag from /opt/airflow/dags/groups/group_transforms.py
[2025-04-07T07:23:14.943+0000] {processor.py:768} WARNING - No viable dags retrieved from /opt/airflow/dags/groups/group_transforms.py
[2025-04-07T07:23:14.961+0000] {processor.py:176} INFO - Processing /opt/airflow/dags/groups/group_transforms.py took 0.027 seconds
[2025-04-07T07:23:45.277+0000] {processor.py:154} INFO - Started process (PID=12769) to work on /opt/airflow/dags/groups/group_transforms.py
[2025-04-07T07:23:45.278+0000] {processor.py:756} INFO - Processing file /opt/airflow/dags/groups/group_transforms.py for tasks to queue
[2025-04-07T07:23:45.278+0000] {logging_mixin.py:120} INFO - [2025-04-07T07:23:45.278+0000] {dagbag.py:537} INFO - Filling up the DagBag from /opt/airflow/dags/groups/group_transforms.py
[2025-04-07T07:23:45.281+0000] {processor.py:768} WARNING - No viable dags retrieved from /opt/airflow/dags/groups/group_transforms.py
[2025-04-07T07:23:45.293+0000] {processor.py:176} INFO - Processing /opt/airflow/dags/groups/group_transforms.py took 0.018 seconds
[2025-04-07T07:24:15.660+0000] {processor.py:154} INFO - Started process (PID=12808) to work on /opt/airflow/dags/groups/group_transforms.py
[2025-04-07T07:24:15.661+0000] {processor.py:756} INFO - Processing file /opt/airflow/dags/groups/group_transforms.py for tasks to queue
[2025-04-07T07:24:15.662+0000] {logging_mixin.py:120} INFO - [2025-04-07T07:24:15.662+0000] {dagbag.py:537} INFO - Filling up the DagBag from /opt/airflow/dags/groups/group_transforms.py
[2025-04-07T07:24:15.665+0000] {processor.py:768} WARNING - No viable dags retrieved from /opt/airflow/dags/groups/group_transforms.py
[2025-04-07T07:24:15.673+0000] {processor.py:176} INFO - Processing /opt/airflow/dags/groups/group_transforms.py took 0.017 seconds
[2025-04-07T07:24:46.168+0000] {processor.py:154} INFO - Started process (PID=12847) to work on /opt/airflow/dags/groups/group_transforms.py
[2025-04-07T07:24:46.169+0000] {processor.py:756} INFO - Processing file /opt/airflow/dags/groups/group_transforms.py for tasks to queue
[2025-04-07T07:24:46.170+0000] {logging_mixin.py:120} INFO - [2025-04-07T07:24:46.170+0000] {dagbag.py:537} INFO - Filling up the DagBag from /opt/airflow/dags/groups/group_transforms.py
[2025-04-07T07:24:46.174+0000] {processor.py:768} WARNING - No viable dags retrieved from /opt/airflow/dags/groups/group_transforms.py
[2025-04-07T07:24:46.185+0000] {processor.py:176} INFO - Processing /opt/airflow/dags/groups/group_transforms.py took 0.023 seconds
[2025-04-07T07:25:16.546+0000] {processor.py:154} INFO - Started process (PID=12885) to work on /opt/airflow/dags/groups/group_transforms.py
[2025-04-07T07:25:16.547+0000] {processor.py:756} INFO - Processing file /opt/airflow/dags/groups/group_transforms.py for tasks to queue
[2025-04-07T07:25:16.547+0000] {logging_mixin.py:120} INFO - [2025-04-07T07:25:16.547+0000] {dagbag.py:537} INFO - Filling up the DagBag from /opt/airflow/dags/groups/group_transforms.py
[2025-04-07T07:25:16.552+0000] {processor.py:768} WARNING - No viable dags retrieved from /opt/airflow/dags/groups/group_transforms.py
[2025-04-07T07:25:16.563+0000] {processor.py:176} INFO - Processing /opt/airflow/dags/groups/group_transforms.py took 0.020 seconds
[2025-04-07T07:25:46.915+0000] {processor.py:154} INFO - Started process (PID=12924) to work on /opt/airflow/dags/groups/group_transforms.py
[2025-04-07T07:25:46.916+0000] {processor.py:756} INFO - Processing file /opt/airflow/dags/groups/group_transforms.py for tasks to queue
[2025-04-07T07:25:46.918+0000] {logging_mixin.py:120} INFO - [2025-04-07T07:25:46.918+0000] {dagbag.py:537} INFO - Filling up the DagBag from /opt/airflow/dags/groups/group_transforms.py
[2025-04-07T07:25:46.929+0000] {processor.py:768} WARNING - No viable dags retrieved from /opt/airflow/dags/groups/group_transforms.py
[2025-04-07T07:25:46.937+0000] {processor.py:176} INFO - Processing /opt/airflow/dags/groups/group_transforms.py took 0.024 seconds
[2025-04-07T07:26:17.233+0000] {processor.py:154} INFO - Started process (PID=12954) to work on /opt/airflow/dags/groups/group_transforms.py
[2025-04-07T07:26:17.234+0000] {processor.py:756} INFO - Processing file /opt/airflow/dags/groups/group_transforms.py for tasks to queue
[2025-04-07T07:26:17.234+0000] {logging_mixin.py:120} INFO - [2025-04-07T07:26:17.234+0000] {dagbag.py:537} INFO - Filling up the DagBag from /opt/airflow/dags/groups/group_transforms.py
[2025-04-07T07:26:17.238+0000] {processor.py:768} WARNING - No viable dags retrieved from /opt/airflow/dags/groups/group_transforms.py
[2025-04-07T07:26:17.246+0000] {processor.py:176} INFO - Processing /opt/airflow/dags/groups/group_transforms.py took 0.015 seconds
[2025-04-07T07:26:47.908+0000] {processor.py:154} INFO - Started process (PID=12993) to work on /opt/airflow/dags/groups/group_transforms.py
[2025-04-07T07:26:47.909+0000] {processor.py:756} INFO - Processing file /opt/airflow/dags/groups/group_transforms.py for tasks to queue
[2025-04-07T07:26:47.909+0000] {logging_mixin.py:120} INFO - [2025-04-07T07:26:47.909+0000] {dagbag.py:537} INFO - Filling up the DagBag from /opt/airflow/dags/groups/group_transforms.py
[2025-04-07T07:26:47.913+0000] {processor.py:768} WARNING - No viable dags retrieved from /opt/airflow/dags/groups/group_transforms.py
[2025-04-07T07:26:47.926+0000] {processor.py:176} INFO - Processing /opt/airflow/dags/groups/group_transforms.py took 0.020 seconds
[2025-04-07T07:27:18.240+0000] {processor.py:154} INFO - Started process (PID=13031) to work on /opt/airflow/dags/groups/group_transforms.py
[2025-04-07T07:27:18.241+0000] {processor.py:756} INFO - Processing file /opt/airflow/dags/groups/group_transforms.py for tasks to queue
[2025-04-07T07:27:18.241+0000] {logging_mixin.py:120} INFO - [2025-04-07T07:27:18.241+0000] {dagbag.py:537} INFO - Filling up the DagBag from /opt/airflow/dags/groups/group_transforms.py
[2025-04-07T07:27:18.245+0000] {processor.py:768} WARNING - No viable dags retrieved from /opt/airflow/dags/groups/group_transforms.py
[2025-04-07T07:27:18.253+0000] {processor.py:176} INFO - Processing /opt/airflow/dags/groups/group_transforms.py took 0.014 seconds
[2025-04-07T07:27:48.788+0000] {processor.py:154} INFO - Started process (PID=13070) to work on /opt/airflow/dags/groups/group_transforms.py
[2025-04-07T07:27:48.789+0000] {processor.py:756} INFO - Processing file /opt/airflow/dags/groups/group_transforms.py for tasks to queue
[2025-04-07T07:27:48.789+0000] {logging_mixin.py:120} INFO - [2025-04-07T07:27:48.789+0000] {dagbag.py:537} INFO - Filling up the DagBag from /opt/airflow/dags/groups/group_transforms.py
[2025-04-07T07:27:48.792+0000] {processor.py:768} WARNING - No viable dags retrieved from /opt/airflow/dags/groups/group_transforms.py
[2025-04-07T07:27:48.803+0000] {processor.py:176} INFO - Processing /opt/airflow/dags/groups/group_transforms.py took 0.016 seconds
[2025-04-07T07:28:19.244+0000] {processor.py:154} INFO - Started process (PID=13099) to work on /opt/airflow/dags/groups/group_transforms.py
[2025-04-07T07:28:19.246+0000] {processor.py:756} INFO - Processing file /opt/airflow/dags/groups/group_transforms.py for tasks to queue
[2025-04-07T07:28:19.246+0000] {logging_mixin.py:120} INFO - [2025-04-07T07:28:19.246+0000] {dagbag.py:537} INFO - Filling up the DagBag from /opt/airflow/dags/groups/group_transforms.py
[2025-04-07T07:28:19.250+0000] {processor.py:768} WARNING - No viable dags retrieved from /opt/airflow/dags/groups/group_transforms.py
[2025-04-07T07:28:19.264+0000] {processor.py:176} INFO - Processing /opt/airflow/dags/groups/group_transforms.py took 0.021 seconds
[2025-04-07T07:28:49.938+0000] {processor.py:154} INFO - Started process (PID=13139) to work on /opt/airflow/dags/groups/group_transforms.py
[2025-04-07T07:28:49.940+0000] {processor.py:756} INFO - Processing file /opt/airflow/dags/groups/group_transforms.py for tasks to queue
[2025-04-07T07:28:49.940+0000] {logging_mixin.py:120} INFO - [2025-04-07T07:28:49.940+0000] {dagbag.py:537} INFO - Filling up the DagBag from /opt/airflow/dags/groups/group_transforms.py
[2025-04-07T07:28:49.943+0000] {processor.py:768} WARNING - No viable dags retrieved from /opt/airflow/dags/groups/group_transforms.py
[2025-04-07T07:28:49.951+0000] {processor.py:176} INFO - Processing /opt/airflow/dags/groups/group_transforms.py took 0.015 seconds
[2025-04-07T07:29:20.370+0000] {processor.py:154} INFO - Started process (PID=13178) to work on /opt/airflow/dags/groups/group_transforms.py
[2025-04-07T07:29:20.371+0000] {processor.py:756} INFO - Processing file /opt/airflow/dags/groups/group_transforms.py for tasks to queue
[2025-04-07T07:29:20.371+0000] {logging_mixin.py:120} INFO - [2025-04-07T07:29:20.371+0000] {dagbag.py:537} INFO - Filling up the DagBag from /opt/airflow/dags/groups/group_transforms.py
[2025-04-07T07:29:20.375+0000] {processor.py:768} WARNING - No viable dags retrieved from /opt/airflow/dags/groups/group_transforms.py
[2025-04-07T07:29:20.386+0000] {processor.py:176} INFO - Processing /opt/airflow/dags/groups/group_transforms.py took 0.018 seconds
[2025-04-07T07:29:50.748+0000] {processor.py:154} INFO - Started process (PID=13217) to work on /opt/airflow/dags/groups/group_transforms.py
[2025-04-07T07:29:50.748+0000] {processor.py:756} INFO - Processing file /opt/airflow/dags/groups/group_transforms.py for tasks to queue
[2025-04-07T07:29:50.749+0000] {logging_mixin.py:120} INFO - [2025-04-07T07:29:50.749+0000] {dagbag.py:537} INFO - Filling up the DagBag from /opt/airflow/dags/groups/group_transforms.py
[2025-04-07T07:29:50.752+0000] {processor.py:768} WARNING - No viable dags retrieved from /opt/airflow/dags/groups/group_transforms.py
[2025-04-07T07:29:50.760+0000] {processor.py:176} INFO - Processing /opt/airflow/dags/groups/group_transforms.py took 0.014 seconds
[2025-04-07T07:30:21.154+0000] {processor.py:154} INFO - Started process (PID=13256) to work on /opt/airflow/dags/groups/group_transforms.py
[2025-04-07T07:30:21.154+0000] {processor.py:756} INFO - Processing file /opt/airflow/dags/groups/group_transforms.py for tasks to queue
[2025-04-07T07:30:21.155+0000] {logging_mixin.py:120} INFO - [2025-04-07T07:30:21.155+0000] {dagbag.py:537} INFO - Filling up the DagBag from /opt/airflow/dags/groups/group_transforms.py
[2025-04-07T07:30:21.157+0000] {processor.py:768} WARNING - No viable dags retrieved from /opt/airflow/dags/groups/group_transforms.py
[2025-04-07T07:30:21.165+0000] {processor.py:176} INFO - Processing /opt/airflow/dags/groups/group_transforms.py took 0.013 seconds
[2025-04-07T07:30:51.427+0000] {processor.py:154} INFO - Started process (PID=13285) to work on /opt/airflow/dags/groups/group_transforms.py
[2025-04-07T07:30:51.428+0000] {processor.py:756} INFO - Processing file /opt/airflow/dags/groups/group_transforms.py for tasks to queue
[2025-04-07T07:30:51.428+0000] {logging_mixin.py:120} INFO - [2025-04-07T07:30:51.428+0000] {dagbag.py:537} INFO - Filling up the DagBag from /opt/airflow/dags/groups/group_transforms.py
[2025-04-07T07:30:51.431+0000] {processor.py:768} WARNING - No viable dags retrieved from /opt/airflow/dags/groups/group_transforms.py
[2025-04-07T07:30:51.439+0000] {processor.py:176} INFO - Processing /opt/airflow/dags/groups/group_transforms.py took 0.014 seconds
[2025-04-07T07:31:22.008+0000] {processor.py:154} INFO - Started process (PID=13324) to work on /opt/airflow/dags/groups/group_transforms.py
[2025-04-07T07:31:22.009+0000] {processor.py:756} INFO - Processing file /opt/airflow/dags/groups/group_transforms.py for tasks to queue
[2025-04-07T07:31:22.009+0000] {logging_mixin.py:120} INFO - [2025-04-07T07:31:22.009+0000] {dagbag.py:537} INFO - Filling up the DagBag from /opt/airflow/dags/groups/group_transforms.py
[2025-04-07T07:31:22.012+0000] {processor.py:768} WARNING - No viable dags retrieved from /opt/airflow/dags/groups/group_transforms.py
[2025-04-07T07:31:22.021+0000] {processor.py:176} INFO - Processing /opt/airflow/dags/groups/group_transforms.py took 0.015 seconds
[2025-04-07T07:31:52.893+0000] {processor.py:154} INFO - Started process (PID=13362) to work on /opt/airflow/dags/groups/group_transforms.py
[2025-04-07T07:31:52.894+0000] {processor.py:756} INFO - Processing file /opt/airflow/dags/groups/group_transforms.py for tasks to queue
[2025-04-07T07:31:52.894+0000] {logging_mixin.py:120} INFO - [2025-04-07T07:31:52.894+0000] {dagbag.py:537} INFO - Filling up the DagBag from /opt/airflow/dags/groups/group_transforms.py
[2025-04-07T07:31:52.898+0000] {processor.py:768} WARNING - No viable dags retrieved from /opt/airflow/dags/groups/group_transforms.py
[2025-04-07T07:31:52.906+0000] {processor.py:176} INFO - Processing /opt/airflow/dags/groups/group_transforms.py took 0.015 seconds
[2025-04-07T07:32:23.301+0000] {processor.py:154} INFO - Started process (PID=13401) to work on /opt/airflow/dags/groups/group_transforms.py
[2025-04-07T07:32:23.302+0000] {processor.py:756} INFO - Processing file /opt/airflow/dags/groups/group_transforms.py for tasks to queue
[2025-04-07T07:32:23.302+0000] {logging_mixin.py:120} INFO - [2025-04-07T07:32:23.302+0000] {dagbag.py:537} INFO - Filling up the DagBag from /opt/airflow/dags/groups/group_transforms.py
[2025-04-07T07:32:23.306+0000] {processor.py:768} WARNING - No viable dags retrieved from /opt/airflow/dags/groups/group_transforms.py
[2025-04-07T07:32:23.314+0000] {processor.py:176} INFO - Processing /opt/airflow/dags/groups/group_transforms.py took 0.015 seconds
[2025-04-07T07:32:53.961+0000] {processor.py:154} INFO - Started process (PID=13441) to work on /opt/airflow/dags/groups/group_transforms.py
[2025-04-07T07:32:53.971+0000] {processor.py:756} INFO - Processing file /opt/airflow/dags/groups/group_transforms.py for tasks to queue
[2025-04-07T07:32:53.972+0000] {logging_mixin.py:120} INFO - [2025-04-07T07:32:53.972+0000] {dagbag.py:537} INFO - Filling up the DagBag from /opt/airflow/dags/groups/group_transforms.py
[2025-04-07T07:32:53.976+0000] {processor.py:768} WARNING - No viable dags retrieved from /opt/airflow/dags/groups/group_transforms.py
[2025-04-07T07:32:53.986+0000] {processor.py:176} INFO - Processing /opt/airflow/dags/groups/group_transforms.py took 0.028 seconds
[2025-04-07T07:33:24.441+0000] {processor.py:154} INFO - Started process (PID=13470) to work on /opt/airflow/dags/groups/group_transforms.py
[2025-04-07T07:33:24.442+0000] {processor.py:756} INFO - Processing file /opt/airflow/dags/groups/group_transforms.py for tasks to queue
[2025-04-07T07:33:24.442+0000] {logging_mixin.py:120} INFO - [2025-04-07T07:33:24.442+0000] {dagbag.py:537} INFO - Filling up the DagBag from /opt/airflow/dags/groups/group_transforms.py
[2025-04-07T07:33:24.445+0000] {processor.py:768} WARNING - No viable dags retrieved from /opt/airflow/dags/groups/group_transforms.py
[2025-04-07T07:33:24.453+0000] {processor.py:176} INFO - Processing /opt/airflow/dags/groups/group_transforms.py took 0.014 seconds
[2025-04-07T07:33:54.747+0000] {processor.py:154} INFO - Started process (PID=13510) to work on /opt/airflow/dags/groups/group_transforms.py
[2025-04-07T07:33:54.748+0000] {processor.py:756} INFO - Processing file /opt/airflow/dags/groups/group_transforms.py for tasks to queue
[2025-04-07T07:33:54.748+0000] {logging_mixin.py:120} INFO - [2025-04-07T07:33:54.748+0000] {dagbag.py:537} INFO - Filling up the DagBag from /opt/airflow/dags/groups/group_transforms.py
[2025-04-07T07:33:54.751+0000] {processor.py:768} WARNING - No viable dags retrieved from /opt/airflow/dags/groups/group_transforms.py
[2025-04-07T07:33:54.757+0000] {processor.py:176} INFO - Processing /opt/airflow/dags/groups/group_transforms.py took 0.011 seconds
[2025-04-07T07:34:25.752+0000] {processor.py:154} INFO - Started process (PID=13548) to work on /opt/airflow/dags/groups/group_transforms.py
[2025-04-07T07:34:25.753+0000] {processor.py:756} INFO - Processing file /opt/airflow/dags/groups/group_transforms.py for tasks to queue
[2025-04-07T07:34:25.753+0000] {logging_mixin.py:120} INFO - [2025-04-07T07:34:25.753+0000] {dagbag.py:537} INFO - Filling up the DagBag from /opt/airflow/dags/groups/group_transforms.py
[2025-04-07T07:34:25.757+0000] {processor.py:768} WARNING - No viable dags retrieved from /opt/airflow/dags/groups/group_transforms.py
[2025-04-07T07:34:25.773+0000] {processor.py:176} INFO - Processing /opt/airflow/dags/groups/group_transforms.py took 0.023 seconds
[2025-04-07T07:34:56.473+0000] {processor.py:154} INFO - Started process (PID=13587) to work on /opt/airflow/dags/groups/group_transforms.py
[2025-04-07T07:34:56.474+0000] {processor.py:756} INFO - Processing file /opt/airflow/dags/groups/group_transforms.py for tasks to queue
[2025-04-07T07:34:56.474+0000] {logging_mixin.py:120} INFO - [2025-04-07T07:34:56.474+0000] {dagbag.py:537} INFO - Filling up the DagBag from /opt/airflow/dags/groups/group_transforms.py
[2025-04-07T07:34:56.477+0000] {processor.py:768} WARNING - No viable dags retrieved from /opt/airflow/dags/groups/group_transforms.py
[2025-04-07T07:34:56.484+0000] {processor.py:176} INFO - Processing /opt/airflow/dags/groups/group_transforms.py took 0.015 seconds
[2025-04-07T07:35:26.884+0000] {processor.py:154} INFO - Started process (PID=13626) to work on /opt/airflow/dags/groups/group_transforms.py
[2025-04-07T07:35:26.885+0000] {processor.py:756} INFO - Processing file /opt/airflow/dags/groups/group_transforms.py for tasks to queue
[2025-04-07T07:35:26.886+0000] {logging_mixin.py:120} INFO - [2025-04-07T07:35:26.886+0000] {dagbag.py:537} INFO - Filling up the DagBag from /opt/airflow/dags/groups/group_transforms.py
[2025-04-07T07:35:26.889+0000] {processor.py:768} WARNING - No viable dags retrieved from /opt/airflow/dags/groups/group_transforms.py
[2025-04-07T07:35:26.895+0000] {processor.py:176} INFO - Processing /opt/airflow/dags/groups/group_transforms.py took 0.012 seconds
[2025-04-07T07:35:57.134+0000] {processor.py:154} INFO - Started process (PID=13656) to work on /opt/airflow/dags/groups/group_transforms.py
[2025-04-07T07:35:57.135+0000] {processor.py:756} INFO - Processing file /opt/airflow/dags/groups/group_transforms.py for tasks to queue
[2025-04-07T07:35:57.136+0000] {logging_mixin.py:120} INFO - [2025-04-07T07:35:57.135+0000] {dagbag.py:537} INFO - Filling up the DagBag from /opt/airflow/dags/groups/group_transforms.py
[2025-04-07T07:35:57.139+0000] {processor.py:768} WARNING - No viable dags retrieved from /opt/airflow/dags/groups/group_transforms.py
[2025-04-07T07:35:57.146+0000] {processor.py:176} INFO - Processing /opt/airflow/dags/groups/group_transforms.py took 0.013 seconds
[2025-04-07T07:36:28.088+0000] {processor.py:154} INFO - Started process (PID=13693) to work on /opt/airflow/dags/groups/group_transforms.py
[2025-04-07T07:36:28.089+0000] {processor.py:756} INFO - Processing file /opt/airflow/dags/groups/group_transforms.py for tasks to queue
[2025-04-07T07:36:28.089+0000] {logging_mixin.py:120} INFO - [2025-04-07T07:36:28.089+0000] {dagbag.py:537} INFO - Filling up the DagBag from /opt/airflow/dags/groups/group_transforms.py
[2025-04-07T07:36:28.093+0000] {processor.py:768} WARNING - No viable dags retrieved from /opt/airflow/dags/groups/group_transforms.py
[2025-04-07T07:36:28.105+0000] {processor.py:176} INFO - Processing /opt/airflow/dags/groups/group_transforms.py took 0.021 seconds
[2025-04-07T07:36:58.235+0000] {processor.py:154} INFO - Started process (PID=13730) to work on /opt/airflow/dags/groups/group_transforms.py
[2025-04-07T07:36:58.236+0000] {processor.py:756} INFO - Processing file /opt/airflow/dags/groups/group_transforms.py for tasks to queue
[2025-04-07T07:36:58.236+0000] {logging_mixin.py:120} INFO - [2025-04-07T07:36:58.236+0000] {dagbag.py:537} INFO - Filling up the DagBag from /opt/airflow/dags/groups/group_transforms.py
[2025-04-07T07:36:58.239+0000] {processor.py:768} WARNING - No viable dags retrieved from /opt/airflow/dags/groups/group_transforms.py
[2025-04-07T07:36:58.245+0000] {processor.py:176} INFO - Processing /opt/airflow/dags/groups/group_transforms.py took 0.012 seconds
[2025-04-07T07:37:28.524+0000] {processor.py:154} INFO - Started process (PID=13769) to work on /opt/airflow/dags/groups/group_transforms.py
[2025-04-07T07:37:28.524+0000] {processor.py:756} INFO - Processing file /opt/airflow/dags/groups/group_transforms.py for tasks to queue
[2025-04-07T07:37:28.525+0000] {logging_mixin.py:120} INFO - [2025-04-07T07:37:28.525+0000] {dagbag.py:537} INFO - Filling up the DagBag from /opt/airflow/dags/groups/group_transforms.py
[2025-04-07T07:37:28.528+0000] {processor.py:768} WARNING - No viable dags retrieved from /opt/airflow/dags/groups/group_transforms.py
[2025-04-07T07:37:28.537+0000] {processor.py:176} INFO - Processing /opt/airflow/dags/groups/group_transforms.py took 0.015 seconds
[2025-04-07T07:37:58.742+0000] {processor.py:154} INFO - Started process (PID=13808) to work on /opt/airflow/dags/groups/group_transforms.py
[2025-04-07T07:37:58.743+0000] {processor.py:756} INFO - Processing file /opt/airflow/dags/groups/group_transforms.py for tasks to queue
[2025-04-07T07:37:58.743+0000] {logging_mixin.py:120} INFO - [2025-04-07T07:37:58.743+0000] {dagbag.py:537} INFO - Filling up the DagBag from /opt/airflow/dags/groups/group_transforms.py
[2025-04-07T07:37:58.746+0000] {processor.py:768} WARNING - No viable dags retrieved from /opt/airflow/dags/groups/group_transforms.py
[2025-04-07T07:37:58.752+0000] {processor.py:176} INFO - Processing /opt/airflow/dags/groups/group_transforms.py took 0.011 seconds
[2025-04-07T07:38:29.096+0000] {processor.py:154} INFO - Started process (PID=13838) to work on /opt/airflow/dags/groups/group_transforms.py
[2025-04-07T07:38:29.098+0000] {processor.py:756} INFO - Processing file /opt/airflow/dags/groups/group_transforms.py for tasks to queue
[2025-04-07T07:38:29.099+0000] {logging_mixin.py:120} INFO - [2025-04-07T07:38:29.099+0000] {dagbag.py:537} INFO - Filling up the DagBag from /opt/airflow/dags/groups/group_transforms.py
[2025-04-07T07:38:29.106+0000] {processor.py:768} WARNING - No viable dags retrieved from /opt/airflow/dags/groups/group_transforms.py
[2025-04-07T07:38:29.113+0000] {processor.py:176} INFO - Processing /opt/airflow/dags/groups/group_transforms.py took 0.019 seconds
[2025-04-07T07:38:59.378+0000] {processor.py:154} INFO - Started process (PID=13877) to work on /opt/airflow/dags/groups/group_transforms.py
[2025-04-07T07:38:59.379+0000] {processor.py:756} INFO - Processing file /opt/airflow/dags/groups/group_transforms.py for tasks to queue
[2025-04-07T07:38:59.379+0000] {logging_mixin.py:120} INFO - [2025-04-07T07:38:59.379+0000] {dagbag.py:537} INFO - Filling up the DagBag from /opt/airflow/dags/groups/group_transforms.py
[2025-04-07T07:38:59.382+0000] {processor.py:768} WARNING - No viable dags retrieved from /opt/airflow/dags/groups/group_transforms.py
[2025-04-07T07:38:59.389+0000] {processor.py:176} INFO - Processing /opt/airflow/dags/groups/group_transforms.py took 0.012 seconds
[2025-04-07T07:39:29.748+0000] {processor.py:154} INFO - Started process (PID=13917) to work on /opt/airflow/dags/groups/group_transforms.py
[2025-04-07T07:39:29.749+0000] {processor.py:756} INFO - Processing file /opt/airflow/dags/groups/group_transforms.py for tasks to queue
[2025-04-07T07:39:29.749+0000] {logging_mixin.py:120} INFO - [2025-04-07T07:39:29.749+0000] {dagbag.py:537} INFO - Filling up the DagBag from /opt/airflow/dags/groups/group_transforms.py
[2025-04-07T07:39:29.752+0000] {processor.py:768} WARNING - No viable dags retrieved from /opt/airflow/dags/groups/group_transforms.py
[2025-04-07T07:39:29.759+0000] {processor.py:176} INFO - Processing /opt/airflow/dags/groups/group_transforms.py took 0.013 seconds
[2025-04-07T07:40:00.147+0000] {processor.py:154} INFO - Started process (PID=13956) to work on /opt/airflow/dags/groups/group_transforms.py
[2025-04-07T07:40:00.148+0000] {processor.py:756} INFO - Processing file /opt/airflow/dags/groups/group_transforms.py for tasks to queue
[2025-04-07T07:40:00.148+0000] {logging_mixin.py:120} INFO - [2025-04-07T07:40:00.148+0000] {dagbag.py:537} INFO - Filling up the DagBag from /opt/airflow/dags/groups/group_transforms.py
[2025-04-07T07:40:00.151+0000] {processor.py:768} WARNING - No viable dags retrieved from /opt/airflow/dags/groups/group_transforms.py
[2025-04-07T07:40:00.159+0000] {processor.py:176} INFO - Processing /opt/airflow/dags/groups/group_transforms.py took 0.014 seconds
[2025-04-07T07:40:30.577+0000] {processor.py:154} INFO - Started process (PID=13995) to work on /opt/airflow/dags/groups/group_transforms.py
[2025-04-07T07:40:30.578+0000] {processor.py:756} INFO - Processing file /opt/airflow/dags/groups/group_transforms.py for tasks to queue
[2025-04-07T07:40:30.578+0000] {logging_mixin.py:120} INFO - [2025-04-07T07:40:30.578+0000] {dagbag.py:537} INFO - Filling up the DagBag from /opt/airflow/dags/groups/group_transforms.py
[2025-04-07T07:40:30.581+0000] {processor.py:768} WARNING - No viable dags retrieved from /opt/airflow/dags/groups/group_transforms.py
[2025-04-07T07:40:30.587+0000] {processor.py:176} INFO - Processing /opt/airflow/dags/groups/group_transforms.py took 0.012 seconds
[2025-04-07T07:41:01.218+0000] {processor.py:154} INFO - Started process (PID=14025) to work on /opt/airflow/dags/groups/group_transforms.py
[2025-04-07T07:41:01.218+0000] {processor.py:756} INFO - Processing file /opt/airflow/dags/groups/group_transforms.py for tasks to queue
[2025-04-07T07:41:01.219+0000] {logging_mixin.py:120} INFO - [2025-04-07T07:41:01.219+0000] {dagbag.py:537} INFO - Filling up the DagBag from /opt/airflow/dags/groups/group_transforms.py
[2025-04-07T07:41:01.222+0000] {processor.py:768} WARNING - No viable dags retrieved from /opt/airflow/dags/groups/group_transforms.py
[2025-04-07T07:41:01.233+0000] {processor.py:176} INFO - Processing /opt/airflow/dags/groups/group_transforms.py took 0.017 seconds
[2025-04-07T07:41:32.151+0000] {processor.py:154} INFO - Started process (PID=14064) to work on /opt/airflow/dags/groups/group_transforms.py
[2025-04-07T07:41:32.151+0000] {processor.py:756} INFO - Processing file /opt/airflow/dags/groups/group_transforms.py for tasks to queue
[2025-04-07T07:41:32.152+0000] {logging_mixin.py:120} INFO - [2025-04-07T07:41:32.152+0000] {dagbag.py:537} INFO - Filling up the DagBag from /opt/airflow/dags/groups/group_transforms.py
[2025-04-07T07:41:32.155+0000] {processor.py:768} WARNING - No viable dags retrieved from /opt/airflow/dags/groups/group_transforms.py
[2025-04-07T07:41:32.163+0000] {processor.py:176} INFO - Processing /opt/airflow/dags/groups/group_transforms.py took 0.014 seconds
[2025-04-07T07:45:17.020+0000] {processor.py:154} INFO - Started process (PID=14088) to work on /opt/airflow/dags/groups/group_transforms.py
[2025-04-07T07:45:17.024+0000] {processor.py:756} INFO - Processing file /opt/airflow/dags/groups/group_transforms.py for tasks to queue
[2025-04-07T07:45:17.028+0000] {logging_mixin.py:120} INFO - [2025-04-07T07:45:17.028+0000] {dagbag.py:537} INFO - Filling up the DagBag from /opt/airflow/dags/groups/group_transforms.py
[2025-04-07T07:45:17.053+0000] {processor.py:768} WARNING - No viable dags retrieved from /opt/airflow/dags/groups/group_transforms.py
[2025-04-07T07:45:17.065+0000] {processor.py:176} INFO - Processing /opt/airflow/dags/groups/group_transforms.py took 0.048 seconds
[2025-04-07T07:45:48.523+0000] {processor.py:154} INFO - Started process (PID=14126) to work on /opt/airflow/dags/groups/group_transforms.py
[2025-04-07T07:45:48.523+0000] {processor.py:756} INFO - Processing file /opt/airflow/dags/groups/group_transforms.py for tasks to queue
[2025-04-07T07:45:48.524+0000] {logging_mixin.py:120} INFO - [2025-04-07T07:45:48.524+0000] {dagbag.py:537} INFO - Filling up the DagBag from /opt/airflow/dags/groups/group_transforms.py
[2025-04-07T07:45:48.527+0000] {processor.py:768} WARNING - No viable dags retrieved from /opt/airflow/dags/groups/group_transforms.py
[2025-04-07T07:45:48.532+0000] {processor.py:176} INFO - Processing /opt/airflow/dags/groups/group_transforms.py took 0.011 seconds
[2025-04-07T07:46:19.231+0000] {processor.py:154} INFO - Started process (PID=14164) to work on /opt/airflow/dags/groups/group_transforms.py
[2025-04-07T07:46:19.232+0000] {processor.py:756} INFO - Processing file /opt/airflow/dags/groups/group_transforms.py for tasks to queue
[2025-04-07T07:46:19.232+0000] {logging_mixin.py:120} INFO - [2025-04-07T07:46:19.232+0000] {dagbag.py:537} INFO - Filling up the DagBag from /opt/airflow/dags/groups/group_transforms.py
[2025-04-07T07:46:19.236+0000] {processor.py:768} WARNING - No viable dags retrieved from /opt/airflow/dags/groups/group_transforms.py
[2025-04-07T07:46:19.243+0000] {processor.py:176} INFO - Processing /opt/airflow/dags/groups/group_transforms.py took 0.014 seconds
[2025-04-07T07:46:49.827+0000] {processor.py:154} INFO - Started process (PID=14203) to work on /opt/airflow/dags/groups/group_transforms.py
[2025-04-07T07:46:49.828+0000] {processor.py:756} INFO - Processing file /opt/airflow/dags/groups/group_transforms.py for tasks to queue
[2025-04-07T07:46:49.829+0000] {logging_mixin.py:120} INFO - [2025-04-07T07:46:49.828+0000] {dagbag.py:537} INFO - Filling up the DagBag from /opt/airflow/dags/groups/group_transforms.py
[2025-04-07T07:46:49.832+0000] {processor.py:768} WARNING - No viable dags retrieved from /opt/airflow/dags/groups/group_transforms.py
[2025-04-07T07:46:49.839+0000] {processor.py:176} INFO - Processing /opt/airflow/dags/groups/group_transforms.py took 0.013 seconds
[2025-04-07T07:47:20.377+0000] {processor.py:154} INFO - Started process (PID=14233) to work on /opt/airflow/dags/groups/group_transforms.py
[2025-04-07T07:47:20.378+0000] {processor.py:756} INFO - Processing file /opt/airflow/dags/groups/group_transforms.py for tasks to queue
[2025-04-07T07:47:20.378+0000] {logging_mixin.py:120} INFO - [2025-04-07T07:47:20.378+0000] {dagbag.py:537} INFO - Filling up the DagBag from /opt/airflow/dags/groups/group_transforms.py
[2025-04-07T07:47:20.381+0000] {processor.py:768} WARNING - No viable dags retrieved from /opt/airflow/dags/groups/group_transforms.py
[2025-04-07T07:47:20.389+0000] {processor.py:176} INFO - Processing /opt/airflow/dags/groups/group_transforms.py took 0.013 seconds
[2025-04-07T07:47:51.052+0000] {processor.py:154} INFO - Started process (PID=14272) to work on /opt/airflow/dags/groups/group_transforms.py
[2025-04-07T07:47:51.053+0000] {processor.py:756} INFO - Processing file /opt/airflow/dags/groups/group_transforms.py for tasks to queue
[2025-04-07T07:47:51.053+0000] {logging_mixin.py:120} INFO - [2025-04-07T07:47:51.053+0000] {dagbag.py:537} INFO - Filling up the DagBag from /opt/airflow/dags/groups/group_transforms.py
[2025-04-07T07:47:51.057+0000] {processor.py:768} WARNING - No viable dags retrieved from /opt/airflow/dags/groups/group_transforms.py
[2025-04-07T07:47:51.064+0000] {processor.py:176} INFO - Processing /opt/airflow/dags/groups/group_transforms.py took 0.013 seconds
[2025-04-07T07:48:21.658+0000] {processor.py:154} INFO - Started process (PID=14311) to work on /opt/airflow/dags/groups/group_transforms.py
[2025-04-07T07:48:21.659+0000] {processor.py:756} INFO - Processing file /opt/airflow/dags/groups/group_transforms.py for tasks to queue
[2025-04-07T07:48:21.659+0000] {logging_mixin.py:120} INFO - [2025-04-07T07:48:21.659+0000] {dagbag.py:537} INFO - Filling up the DagBag from /opt/airflow/dags/groups/group_transforms.py
[2025-04-07T07:48:21.662+0000] {processor.py:768} WARNING - No viable dags retrieved from /opt/airflow/dags/groups/group_transforms.py
[2025-04-07T07:48:21.669+0000] {processor.py:176} INFO - Processing /opt/airflow/dags/groups/group_transforms.py took 0.013 seconds
[2025-04-07T07:48:51.988+0000] {processor.py:154} INFO - Started process (PID=14348) to work on /opt/airflow/dags/groups/group_transforms.py
[2025-04-07T07:48:51.989+0000] {processor.py:756} INFO - Processing file /opt/airflow/dags/groups/group_transforms.py for tasks to queue
[2025-04-07T07:48:51.990+0000] {logging_mixin.py:120} INFO - [2025-04-07T07:48:51.990+0000] {dagbag.py:537} INFO - Filling up the DagBag from /opt/airflow/dags/groups/group_transforms.py
[2025-04-07T07:48:51.993+0000] {processor.py:768} WARNING - No viable dags retrieved from /opt/airflow/dags/groups/group_transforms.py
[2025-04-07T07:48:52.003+0000] {processor.py:176} INFO - Processing /opt/airflow/dags/groups/group_transforms.py took 0.017 seconds
[2025-04-07T07:49:22.415+0000] {processor.py:154} INFO - Started process (PID=14386) to work on /opt/airflow/dags/groups/group_transforms.py
[2025-04-07T07:49:22.416+0000] {processor.py:756} INFO - Processing file /opt/airflow/dags/groups/group_transforms.py for tasks to queue
[2025-04-07T07:49:22.416+0000] {logging_mixin.py:120} INFO - [2025-04-07T07:49:22.416+0000] {dagbag.py:537} INFO - Filling up the DagBag from /opt/airflow/dags/groups/group_transforms.py
[2025-04-07T07:49:22.420+0000] {processor.py:768} WARNING - No viable dags retrieved from /opt/airflow/dags/groups/group_transforms.py
[2025-04-07T07:49:22.428+0000] {processor.py:176} INFO - Processing /opt/airflow/dags/groups/group_transforms.py took 0.015 seconds
[2025-04-07T07:49:53.019+0000] {processor.py:154} INFO - Started process (PID=14425) to work on /opt/airflow/dags/groups/group_transforms.py
[2025-04-07T07:49:53.020+0000] {processor.py:756} INFO - Processing file /opt/airflow/dags/groups/group_transforms.py for tasks to queue
[2025-04-07T07:49:53.021+0000] {logging_mixin.py:120} INFO - [2025-04-07T07:49:53.021+0000] {dagbag.py:537} INFO - Filling up the DagBag from /opt/airflow/dags/groups/group_transforms.py
[2025-04-07T07:49:53.029+0000] {processor.py:768} WARNING - No viable dags retrieved from /opt/airflow/dags/groups/group_transforms.py
[2025-04-07T07:49:53.046+0000] {processor.py:176} INFO - Processing /opt/airflow/dags/groups/group_transforms.py took 0.033 seconds
[2025-04-07T07:50:23.107+0000] {processor.py:154} INFO - Started process (PID=14454) to work on /opt/airflow/dags/groups/group_transforms.py
[2025-04-07T07:50:23.108+0000] {processor.py:756} INFO - Processing file /opt/airflow/dags/groups/group_transforms.py for tasks to queue
[2025-04-07T07:50:23.108+0000] {logging_mixin.py:120} INFO - [2025-04-07T07:50:23.108+0000] {dagbag.py:537} INFO - Filling up the DagBag from /opt/airflow/dags/groups/group_transforms.py
[2025-04-07T07:50:23.111+0000] {processor.py:768} WARNING - No viable dags retrieved from /opt/airflow/dags/groups/group_transforms.py
[2025-04-07T07:50:23.119+0000] {processor.py:176} INFO - Processing /opt/airflow/dags/groups/group_transforms.py took 0.013 seconds
[2025-04-07T07:50:53.925+0000] {processor.py:154} INFO - Started process (PID=14493) to work on /opt/airflow/dags/groups/group_transforms.py
[2025-04-07T07:50:53.926+0000] {processor.py:756} INFO - Processing file /opt/airflow/dags/groups/group_transforms.py for tasks to queue
[2025-04-07T07:50:53.926+0000] {logging_mixin.py:120} INFO - [2025-04-07T07:50:53.926+0000] {dagbag.py:537} INFO - Filling up the DagBag from /opt/airflow/dags/groups/group_transforms.py
[2025-04-07T07:50:53.930+0000] {processor.py:768} WARNING - No viable dags retrieved from /opt/airflow/dags/groups/group_transforms.py
[2025-04-07T07:50:53.947+0000] {processor.py:176} INFO - Processing /opt/airflow/dags/groups/group_transforms.py took 0.023 seconds
[2025-04-07T07:51:24.426+0000] {processor.py:154} INFO - Started process (PID=14532) to work on /opt/airflow/dags/groups/group_transforms.py
[2025-04-07T07:51:24.426+0000] {processor.py:756} INFO - Processing file /opt/airflow/dags/groups/group_transforms.py for tasks to queue
[2025-04-07T07:51:24.427+0000] {logging_mixin.py:120} INFO - [2025-04-07T07:51:24.427+0000] {dagbag.py:537} INFO - Filling up the DagBag from /opt/airflow/dags/groups/group_transforms.py
[2025-04-07T07:51:24.433+0000] {processor.py:768} WARNING - No viable dags retrieved from /opt/airflow/dags/groups/group_transforms.py
[2025-04-07T07:51:24.441+0000] {processor.py:176} INFO - Processing /opt/airflow/dags/groups/group_transforms.py took 0.017 seconds
[2025-04-07T07:51:55.185+0000] {processor.py:154} INFO - Started process (PID=14571) to work on /opt/airflow/dags/groups/group_transforms.py
[2025-04-07T07:51:55.185+0000] {processor.py:756} INFO - Processing file /opt/airflow/dags/groups/group_transforms.py for tasks to queue
[2025-04-07T07:51:55.186+0000] {logging_mixin.py:120} INFO - [2025-04-07T07:51:55.186+0000] {dagbag.py:537} INFO - Filling up the DagBag from /opt/airflow/dags/groups/group_transforms.py
[2025-04-07T07:51:55.190+0000] {processor.py:768} WARNING - No viable dags retrieved from /opt/airflow/dags/groups/group_transforms.py
[2025-04-07T07:51:55.201+0000] {processor.py:176} INFO - Processing /opt/airflow/dags/groups/group_transforms.py took 0.019 seconds
[2025-04-07T07:52:25.854+0000] {processor.py:154} INFO - Started process (PID=14610) to work on /opt/airflow/dags/groups/group_transforms.py
[2025-04-07T07:52:25.855+0000] {processor.py:756} INFO - Processing file /opt/airflow/dags/groups/group_transforms.py for tasks to queue
[2025-04-07T07:52:25.855+0000] {logging_mixin.py:120} INFO - [2025-04-07T07:52:25.855+0000] {dagbag.py:537} INFO - Filling up the DagBag from /opt/airflow/dags/groups/group_transforms.py
[2025-04-07T07:52:25.860+0000] {processor.py:768} WARNING - No viable dags retrieved from /opt/airflow/dags/groups/group_transforms.py
[2025-04-07T07:52:25.870+0000] {processor.py:176} INFO - Processing /opt/airflow/dags/groups/group_transforms.py took 0.018 seconds
[2025-04-07T07:52:56.637+0000] {processor.py:154} INFO - Started process (PID=14640) to work on /opt/airflow/dags/groups/group_transforms.py
[2025-04-07T07:52:56.641+0000] {processor.py:756} INFO - Processing file /opt/airflow/dags/groups/group_transforms.py for tasks to queue
[2025-04-07T07:52:56.642+0000] {logging_mixin.py:120} INFO - [2025-04-07T07:52:56.642+0000] {dagbag.py:537} INFO - Filling up the DagBag from /opt/airflow/dags/groups/group_transforms.py
[2025-04-07T07:52:56.647+0000] {processor.py:768} WARNING - No viable dags retrieved from /opt/airflow/dags/groups/group_transforms.py
[2025-04-07T07:52:56.657+0000] {processor.py:176} INFO - Processing /opt/airflow/dags/groups/group_transforms.py took 0.033 seconds
[2025-04-07T07:53:26.988+0000] {processor.py:154} INFO - Started process (PID=14679) to work on /opt/airflow/dags/groups/group_transforms.py
[2025-04-07T07:53:26.989+0000] {processor.py:756} INFO - Processing file /opt/airflow/dags/groups/group_transforms.py for tasks to queue
[2025-04-07T07:53:26.989+0000] {logging_mixin.py:120} INFO - [2025-04-07T07:53:26.989+0000] {dagbag.py:537} INFO - Filling up the DagBag from /opt/airflow/dags/groups/group_transforms.py
[2025-04-07T07:53:26.992+0000] {processor.py:768} WARNING - No viable dags retrieved from /opt/airflow/dags/groups/group_transforms.py
[2025-04-07T07:53:27.000+0000] {processor.py:176} INFO - Processing /opt/airflow/dags/groups/group_transforms.py took 0.014 seconds
[2025-04-07T07:53:57.299+0000] {processor.py:154} INFO - Started process (PID=14717) to work on /opt/airflow/dags/groups/group_transforms.py
[2025-04-07T07:53:57.300+0000] {processor.py:756} INFO - Processing file /opt/airflow/dags/groups/group_transforms.py for tasks to queue
[2025-04-07T07:53:57.301+0000] {logging_mixin.py:120} INFO - [2025-04-07T07:53:57.300+0000] {dagbag.py:537} INFO - Filling up the DagBag from /opt/airflow/dags/groups/group_transforms.py
[2025-04-07T07:53:57.304+0000] {processor.py:768} WARNING - No viable dags retrieved from /opt/airflow/dags/groups/group_transforms.py
[2025-04-07T07:53:57.310+0000] {processor.py:176} INFO - Processing /opt/airflow/dags/groups/group_transforms.py took 0.012 seconds
[2025-04-07T07:54:27.600+0000] {processor.py:154} INFO - Started process (PID=14756) to work on /opt/airflow/dags/groups/group_transforms.py
[2025-04-07T07:54:27.601+0000] {processor.py:756} INFO - Processing file /opt/airflow/dags/groups/group_transforms.py for tasks to queue
[2025-04-07T07:54:27.602+0000] {logging_mixin.py:120} INFO - [2025-04-07T07:54:27.602+0000] {dagbag.py:537} INFO - Filling up the DagBag from /opt/airflow/dags/groups/group_transforms.py
[2025-04-07T07:54:27.607+0000] {processor.py:768} WARNING - No viable dags retrieved from /opt/airflow/dags/groups/group_transforms.py
[2025-04-07T07:54:27.617+0000] {processor.py:176} INFO - Processing /opt/airflow/dags/groups/group_transforms.py took 0.019 seconds
[2025-04-07T07:54:58.714+0000] {processor.py:154} INFO - Started process (PID=14795) to work on /opt/airflow/dags/groups/group_transforms.py
[2025-04-07T07:54:58.715+0000] {processor.py:756} INFO - Processing file /opt/airflow/dags/groups/group_transforms.py for tasks to queue
[2025-04-07T07:54:58.716+0000] {logging_mixin.py:120} INFO - [2025-04-07T07:54:58.716+0000] {dagbag.py:537} INFO - Filling up the DagBag from /opt/airflow/dags/groups/group_transforms.py
[2025-04-07T07:54:58.725+0000] {processor.py:768} WARNING - No viable dags retrieved from /opt/airflow/dags/groups/group_transforms.py
[2025-04-07T07:54:58.746+0000] {processor.py:176} INFO - Processing /opt/airflow/dags/groups/group_transforms.py took 0.035 seconds
[2025-04-07T07:55:29.011+0000] {processor.py:154} INFO - Started process (PID=14824) to work on /opt/airflow/dags/groups/group_transforms.py
[2025-04-07T07:55:29.012+0000] {processor.py:756} INFO - Processing file /opt/airflow/dags/groups/group_transforms.py for tasks to queue
[2025-04-07T07:55:29.013+0000] {logging_mixin.py:120} INFO - [2025-04-07T07:55:29.013+0000] {dagbag.py:537} INFO - Filling up the DagBag from /opt/airflow/dags/groups/group_transforms.py
[2025-04-07T07:55:29.016+0000] {processor.py:768} WARNING - No viable dags retrieved from /opt/airflow/dags/groups/group_transforms.py
[2025-04-07T07:55:29.026+0000] {processor.py:176} INFO - Processing /opt/airflow/dags/groups/group_transforms.py took 0.016 seconds
[2025-04-07T07:56:00.139+0000] {processor.py:154} INFO - Started process (PID=14864) to work on /opt/airflow/dags/groups/group_transforms.py
[2025-04-07T07:56:00.140+0000] {processor.py:756} INFO - Processing file /opt/airflow/dags/groups/group_transforms.py for tasks to queue
[2025-04-07T07:56:00.140+0000] {logging_mixin.py:120} INFO - [2025-04-07T07:56:00.140+0000] {dagbag.py:537} INFO - Filling up the DagBag from /opt/airflow/dags/groups/group_transforms.py
[2025-04-07T07:56:00.143+0000] {processor.py:768} WARNING - No viable dags retrieved from /opt/airflow/dags/groups/group_transforms.py
[2025-04-07T07:56:00.150+0000] {processor.py:176} INFO - Processing /opt/airflow/dags/groups/group_transforms.py took 0.012 seconds
[2025-04-07T07:56:31.206+0000] {processor.py:154} INFO - Started process (PID=14903) to work on /opt/airflow/dags/groups/group_transforms.py
[2025-04-07T07:56:31.207+0000] {processor.py:756} INFO - Processing file /opt/airflow/dags/groups/group_transforms.py for tasks to queue
[2025-04-07T07:56:31.208+0000] {logging_mixin.py:120} INFO - [2025-04-07T07:56:31.208+0000] {dagbag.py:537} INFO - Filling up the DagBag from /opt/airflow/dags/groups/group_transforms.py
[2025-04-07T07:56:31.212+0000] {processor.py:768} WARNING - No viable dags retrieved from /opt/airflow/dags/groups/group_transforms.py
[2025-04-07T07:56:31.221+0000] {processor.py:176} INFO - Processing /opt/airflow/dags/groups/group_transforms.py took 0.017 seconds
[2025-04-07T07:57:02.157+0000] {processor.py:154} INFO - Started process (PID=14941) to work on /opt/airflow/dags/groups/group_transforms.py
[2025-04-07T07:57:02.157+0000] {processor.py:756} INFO - Processing file /opt/airflow/dags/groups/group_transforms.py for tasks to queue
[2025-04-07T07:57:02.158+0000] {logging_mixin.py:120} INFO - [2025-04-07T07:57:02.158+0000] {dagbag.py:537} INFO - Filling up the DagBag from /opt/airflow/dags/groups/group_transforms.py
[2025-04-07T07:57:02.161+0000] {processor.py:768} WARNING - No viable dags retrieved from /opt/airflow/dags/groups/group_transforms.py
[2025-04-07T07:57:02.169+0000] {processor.py:176} INFO - Processing /opt/airflow/dags/groups/group_transforms.py took 0.015 seconds
