[2025-04-03T08:43:03.431+0000] {taskinstance.py:1165} INFO - Dependencies all met for <TaskInstance: user_processing.create_table manual__2025-04-03T08:42:59.732271+00:00 [queued]>
[2025-04-03T08:43:03.441+0000] {taskinstance.py:1165} INFO - Dependencies all met for <TaskInstance: user_processing.create_table manual__2025-04-03T08:42:59.732271+00:00 [queued]>
[2025-04-03T08:43:03.442+0000] {taskinstance.py:1362} INFO - 
--------------------------------------------------------------------------------
[2025-04-03T08:43:03.442+0000] {taskinstance.py:1363} INFO - Starting attempt 1 of 1
[2025-04-03T08:43:03.442+0000] {taskinstance.py:1364} INFO - 
--------------------------------------------------------------------------------
[2025-04-03T08:43:03.456+0000] {taskinstance.py:1383} INFO - Executing <Task(PostgresOperator): create_table> on 2025-04-03 08:42:59.732271+00:00
[2025-04-03T08:43:03.464+0000] {standard_task_runner.py:55} INFO - Started process 4764 to run task
[2025-04-03T08:43:03.466+0000] {standard_task_runner.py:82} INFO - Running: ['***', 'tasks', 'run', 'user_processing', 'create_table', 'manual__2025-04-03T08:42:59.732271+00:00', '--job-id', '17', '--raw', '--subdir', 'DAGS_FOLDER/user_processing.py', '--cfg-path', '/tmp/tmp_xuaootk']
[2025-04-03T08:43:03.468+0000] {standard_task_runner.py:83} INFO - Job 17: Subtask create_table
[2025-04-03T08:43:03.509+0000] {task_command.py:376} INFO - Running <TaskInstance: user_processing.create_table manual__2025-04-03T08:42:59.732271+00:00 [running]> on host dd456f953b15
[2025-04-03T08:43:03.557+0000] {taskinstance.py:1592} INFO - Exporting the following env vars:
AIRFLOW_CTX_DAG_OWNER=***
AIRFLOW_CTX_DAG_ID=user_processing
AIRFLOW_CTX_TASK_ID=create_table
AIRFLOW_CTX_EXECUTION_DATE=2025-04-03T08:42:59.732271+00:00
AIRFLOW_CTX_TRY_NUMBER=1
AIRFLOW_CTX_DAG_RUN_ID=manual__2025-04-03T08:42:59.732271+00:00
[2025-04-03T08:43:03.564+0000] {base.py:71} INFO - Using connection ID 'postgres' for task execution.
[2025-04-03T08:43:03.566+0000] {sql.py:315} INFO - Running statement: 
            CREATE TABLE IF NOT EXISTS users (
                firstName TEXT NOT NULL,
                lastName TEXT NOT NULL,
                country TEXT NOT NULL,
                username TEXT NOT NULL,
                password TEXT NOT NULL,
                email TEXT NOT NULL
            );
        , parameters: None
[2025-04-03T08:43:03.586+0000] {taskinstance.py:1406} INFO - Marking task as SUCCESS. dag_id=user_processing, task_id=create_table, execution_date=20250403T084259, start_date=20250403T084303, end_date=20250403T084303
[2025-04-03T08:43:03.606+0000] {local_task_job.py:164} INFO - Task exited with return code 0
[2025-04-03T08:43:03.632+0000] {local_task_job.py:273} INFO - 1 downstream tasks scheduled from follow-on schedule check
