[2025-04-29T01:14:02.061+0000] {taskinstance.py:1165} INFO - Dependencies all met for <TaskInstance: group_dag.transforms.transform_c scheduled__2025-04-28T00:00:00+00:00 [queued]>
[2025-04-29T01:14:02.080+0000] {taskinstance.py:1165} INFO - Dependencies all met for <TaskInstance: group_dag.transforms.transform_c scheduled__2025-04-28T00:00:00+00:00 [queued]>
[2025-04-29T01:14:02.080+0000] {taskinstance.py:1362} INFO - 
--------------------------------------------------------------------------------
[2025-04-29T01:14:02.081+0000] {taskinstance.py:1363} INFO - Starting attempt 1 of 1
[2025-04-29T01:14:02.083+0000] {taskinstance.py:1364} INFO - 
--------------------------------------------------------------------------------
[2025-04-29T01:14:02.130+0000] {taskinstance.py:1383} INFO - Executing <Task(BashOperator): transforms.transform_c> on 2025-04-28 00:00:00+00:00
[2025-04-29T01:14:02.138+0000] {standard_task_runner.py:55} INFO - Started process 4398 to run task
[2025-04-29T01:14:02.146+0000] {standard_task_runner.py:82} INFO - Running: ['***', 'tasks', 'run', 'group_dag', 'transforms.transform_c', 'scheduled__2025-04-28T00:00:00+00:00', '--job-id', '293', '--raw', '--subdir', 'DAGS_FOLDER/group_dag.py', '--cfg-path', '/tmp/tmpwroxe8b6']
[2025-04-29T01:14:02.149+0000] {standard_task_runner.py:83} INFO - Job 293: Subtask transforms.transform_c
[2025-04-29T01:14:02.256+0000] {task_command.py:376} INFO - Running <TaskInstance: group_dag.transforms.transform_c scheduled__2025-04-28T00:00:00+00:00 [running]> on host fae2b1eff5d6
[2025-04-29T01:14:02.384+0000] {taskinstance.py:1592} INFO - Exporting the following env vars:
AIRFLOW_CTX_DAG_OWNER=***
AIRFLOW_CTX_DAG_ID=group_dag
AIRFLOW_CTX_TASK_ID=transforms.transform_c
AIRFLOW_CTX_EXECUTION_DATE=2025-04-28T00:00:00+00:00
AIRFLOW_CTX_TRY_NUMBER=1
AIRFLOW_CTX_DAG_RUN_ID=scheduled__2025-04-28T00:00:00+00:00
[2025-04-29T01:14:02.390+0000] {subprocess.py:63} INFO - Tmp dir root location: 
 /tmp
[2025-04-29T01:14:02.392+0000] {subprocess.py:75} INFO - Running command: ['/bin/bash', '-c', 'sleep 10']
[2025-04-29T01:14:02.415+0000] {subprocess.py:86} INFO - Output:
[2025-04-29T01:14:12.422+0000] {subprocess.py:97} INFO - Command exited with return code 0
[2025-04-29T01:14:12.494+0000] {taskinstance.py:1406} INFO - Marking task as SUCCESS. dag_id=group_dag, task_id=transforms.transform_c, execution_date=20250428T000000, start_date=20250429T011402, end_date=20250429T011412
[2025-04-29T01:14:12.536+0000] {local_task_job.py:164} INFO - Task exited with return code 0
[2025-04-29T01:14:12.588+0000] {local_task_job.py:273} INFO - 0 downstream tasks scheduled from follow-on schedule check
