[2025-04-30T03:30:37.557+0000] {taskinstance.py:1165} INFO - Dependencies all met for <TaskInstance: group_dag.check_files scheduled__2025-04-29T00:00:00+00:00 [queued]>
[2025-04-30T03:30:37.657+0000] {taskinstance.py:1165} INFO - Dependencies all met for <TaskInstance: group_dag.check_files scheduled__2025-04-29T00:00:00+00:00 [queued]>
[2025-04-30T03:30:37.666+0000] {taskinstance.py:1362} INFO - 
--------------------------------------------------------------------------------
[2025-04-30T03:30:37.667+0000] {taskinstance.py:1363} INFO - Starting attempt 1 of 1
[2025-04-30T03:30:37.668+0000] {taskinstance.py:1364} INFO - 
--------------------------------------------------------------------------------
[2025-04-30T03:30:37.832+0000] {taskinstance.py:1383} INFO - Executing <Task(BashOperator): check_files> on 2025-04-29 00:00:00+00:00
[2025-04-30T03:30:37.926+0000] {standard_task_runner.py:55} INFO - Started process 12939 to run task
[2025-04-30T03:30:38.013+0000] {standard_task_runner.py:82} INFO - Running: ['***', 'tasks', 'run', 'group_dag', 'check_files', 'scheduled__2025-04-29T00:00:00+00:00', '--job-id', '312', '--raw', '--subdir', 'DAGS_FOLDER/group_dag.py', '--cfg-path', '/tmp/tmptsfo44e2']
[2025-04-30T03:30:38.050+0000] {standard_task_runner.py:83} INFO - Job 312: Subtask check_files
[2025-04-30T03:30:38.773+0000] {task_command.py:376} INFO - Running <TaskInstance: group_dag.check_files scheduled__2025-04-29T00:00:00+00:00 [running]> on host fae2b1eff5d6
[2025-04-30T03:30:39.670+0000] {taskinstance.py:1592} INFO - Exporting the following env vars:
AIRFLOW_CTX_DAG_OWNER=***
AIRFLOW_CTX_DAG_ID=group_dag
AIRFLOW_CTX_TASK_ID=check_files
AIRFLOW_CTX_EXECUTION_DATE=2025-04-29T00:00:00+00:00
AIRFLOW_CTX_TRY_NUMBER=1
AIRFLOW_CTX_DAG_RUN_ID=scheduled__2025-04-29T00:00:00+00:00
[2025-04-30T03:30:39.728+0000] {subprocess.py:63} INFO - Tmp dir root location: 
 /tmp
[2025-04-30T03:30:39.740+0000] {subprocess.py:75} INFO - Running command: ['/bin/bash', '-c', 'sleep 10']
[2025-04-30T03:30:39.932+0000] {subprocess.py:86} INFO - Output:
[2025-04-30T03:30:49.972+0000] {subprocess.py:97} INFO - Command exited with return code 0
[2025-04-30T03:30:50.222+0000] {taskinstance.py:1406} INFO - Marking task as SUCCESS. dag_id=group_dag, task_id=check_files, execution_date=20250429T000000, start_date=20250430T033037, end_date=20250430T033050
[2025-04-30T03:30:50.350+0000] {local_task_job.py:164} INFO - Task exited with return code 0
[2025-04-30T03:30:50.567+0000] {local_task_job.py:273} INFO - 3 downstream tasks scheduled from follow-on schedule check
