[2025-04-05T20:50:11.383+0000] {taskinstance.py:1165} INFO - Dependencies all met for <TaskInstance: group_dag.transforms.transform_b scheduled__2025-04-04T00:00:00+00:00 [queued]>
[2025-04-05T20:50:11.389+0000] {taskinstance.py:1165} INFO - Dependencies all met for <TaskInstance: group_dag.transforms.transform_b scheduled__2025-04-04T00:00:00+00:00 [queued]>
[2025-04-05T20:50:11.390+0000] {taskinstance.py:1362} INFO - 
--------------------------------------------------------------------------------
[2025-04-05T20:50:11.392+0000] {taskinstance.py:1363} INFO - Starting attempt 1 of 1
[2025-04-05T20:50:11.392+0000] {taskinstance.py:1364} INFO - 
--------------------------------------------------------------------------------
[2025-04-05T20:50:11.405+0000] {taskinstance.py:1383} INFO - Executing <Task(BashOperator): transforms.transform_b> on 2025-04-04 00:00:00+00:00
[2025-04-05T20:50:11.408+0000] {standard_task_runner.py:55} INFO - Started process 160 to run task
[2025-04-05T20:50:11.412+0000] {standard_task_runner.py:82} INFO - Running: ['***', 'tasks', 'run', 'group_dag', 'transforms.transform_b', 'scheduled__2025-04-04T00:00:00+00:00', '--job-id', '90', '--raw', '--subdir', 'DAGS_FOLDER/group_dag.py', '--cfg-path', '/tmp/tmpc4ntehes']
[2025-04-05T20:50:11.413+0000] {standard_task_runner.py:83} INFO - Job 90: Subtask transforms.transform_b
[2025-04-05T20:50:11.464+0000] {task_command.py:376} INFO - Running <TaskInstance: group_dag.transforms.transform_b scheduled__2025-04-04T00:00:00+00:00 [running]> on host 8545ef973b24
[2025-04-05T20:50:11.531+0000] {taskinstance.py:1592} INFO - Exporting the following env vars:
AIRFLOW_CTX_DAG_OWNER=***
AIRFLOW_CTX_DAG_ID=group_dag
AIRFLOW_CTX_TASK_ID=transforms.transform_b
AIRFLOW_CTX_EXECUTION_DATE=2025-04-04T00:00:00+00:00
AIRFLOW_CTX_TRY_NUMBER=1
AIRFLOW_CTX_DAG_RUN_ID=scheduled__2025-04-04T00:00:00+00:00
[2025-04-05T20:50:11.532+0000] {subprocess.py:63} INFO - Tmp dir root location: 
 /tmp
[2025-04-05T20:50:11.533+0000] {subprocess.py:75} INFO - Running command: ['/bin/bash', '-c', 'sleep 10']
[2025-04-05T20:50:11.542+0000] {subprocess.py:86} INFO - Output:
[2025-04-05T20:50:21.562+0000] {subprocess.py:97} INFO - Command exited with return code 0
[2025-04-05T20:50:21.661+0000] {taskinstance.py:1406} INFO - Marking task as SUCCESS. dag_id=group_dag, task_id=transforms.transform_b, execution_date=20250404T000000, start_date=20250405T205011, end_date=20250405T205021
[2025-04-05T20:50:21.694+0000] {local_task_job.py:164} INFO - Task exited with return code 0
[2025-04-05T20:50:21.710+0000] {local_task_job.py:273} INFO - 0 downstream tasks scheduled from follow-on schedule check
